#
# There is insufficient memory for the Java Runtime Environment to continue.
# Native memory allocation (malloc) failed to allocate 288016 bytes for Chunk::new
# Possible reasons:
#   The system is out of physical RAM or swap space
#   The process is running with CompressedOops enabled, and the Java Heap may be blocking the growth of the native heap
# Possible solutions:
#   Reduce memory load on the system
#   Increase physical memory or swap space
#   Check if swap backing store is full
#   Decrease Java heap size (-Xmx/-Xms)
#   Decrease number of Java threads
#   Decrease Java thread stack sizes (-Xss)
#   Set larger code cache with -XX:ReservedCodeCacheSize=
#   JVM is running with Unscaled Compressed Oops mode in which the Java heap is
#     placed in the first 4GB address space. The Java Heap base address is the
#     maximum limit for the native heap growth. Please use -XX:HeapBaseMinAddress
#     to set the Java Heap base and to place the Java Heap above 4GB virtual address.
# This output file may be truncated or incomplete.
#
#  Out of Memory Error (./src/hotspot/share/memory/arena.cpp:197), pid=17588, tid=10492
#
# JRE version: OpenJDK Runtime Environment (11.0.10) (build 11.0.10+0-b96-7249189)
# Java VM: OpenJDK 64-Bit Server VM (11.0.10+0-b96-7249189, mixed mode, tiered, compressed oops, g1 gc, windows-amd64)
# No core dump will be written. Minidumps are not enabled by default on client versions of Windows
#

---------------  S U M M A R Y ------------

Command Line: --add-opens=java.base/java.util=ALL-UNNAMED --add-opens=java.base/java.lang=ALL-UNNAMED --add-opens=java.base/java.lang.invoke=ALL-UNNAMED --add-opens=java.base/java.util=ALL-UNNAMED --add-opens=java.prefs/java.util.prefs=ALL-UNNAMED --add-opens=java.prefs/java.util.prefs=ALL-UNNAMED --add-opens=java.base/java.nio.charset=ALL-UNNAMED --add-opens=java.base/java.net=ALL-UNNAMED --add-opens=java.base/java.util.concurrent.atomic=ALL-UNNAMED -Xmx2048m -Dfile.encoding=UTF-8 -Duser.country=KR -Duser.language=ko -Duser.variant org.gradle.launcher.daemon.bootstrap.GradleDaemon 7.0.2

Host: Intel(R) Core(TM) i7-6700HQ CPU @ 2.60GHz, 8 cores, 15G,  Windows 10 , 64 bit Build 19041 (10.0.19041.1348)
Time: Fri Nov 19 19:32:42 2021 대한민국 표준시 elapsed time: 5.188935 seconds (0d 0h 0m 5s)

---------------  T H R E A D  ---------------

Current thread (0x00000198c30f7800):  JavaThread "C2 CompilerThread0" daemon [_thread_in_native, id=10492, stack(0x000000413ed00000,0x000000413ee00000)]


Current CompileTask:
C2:   5189 2524       4       java.io.DataInputStream::readUTF (501 bytes)

Stack: [0x000000413ed00000,0x000000413ee00000]
Native frames: (J=compiled Java code, j=interpreted, Vv=VM code, C=native code)
V  [jvm.dll+0x5ecfaa]
V  [jvm.dll+0x722bd5]
V  [jvm.dll+0x72412d]
V  [jvm.dll+0x7247e3]
V  [jvm.dll+0x242928]
V  [jvm.dll+0xbc4fc]
V  [jvm.dll+0xbca0c]
V  [jvm.dll+0x352d3b]
V  [jvm.dll+0x19800c]
V  [jvm.dll+0x1fb70e]
V  [jvm.dll+0x1fa7f4]
V  [jvm.dll+0x18354c]
V  [jvm.dll+0x208ee7]
V  [jvm.dll+0x207731]
V  [jvm.dll+0x6eb1cf]
V  [jvm.dll+0x6e3d45]
V  [jvm.dll+0x5ebe96]
C  [ucrtbase.dll+0x21bb2]
C  [KERNEL32.DLL+0x17034]
C  [ntdll.dll+0x52651]


---------------  P R O C E S S  ---------------

Threads class SMR info:
_java_thread_list=0x00000198c5b9ae70, length=32, elements={
0x00000198a839c800, 0x00000198c306d000, 0x00000198c306e800, 0x00000198c30e6800,
0x00000198c30e7800, 0x00000198c30e9800, 0x00000198c30f7800, 0x00000198c30fc000,
0x00000198c3109800, 0x00000198c3273800, 0x00000198c5a69800, 0x00000198c399f800,
0x00000198c3437800, 0x00000198c522b800, 0x00000198c53ec800, 0x00000198c5228800,
0x00000198c46bf000, 0x00000198c5980000, 0x00000198c527d800, 0x00000198c5603000,
0x00000198c5608000, 0x00000198c5609000, 0x00000198c5605000, 0x00000198c5c89800,
0x00000198c5609800, 0x00000198c5604000, 0x00000198c5606800, 0x00000198c5607000,
0x00000198c5605800, 0x00000198c8504800, 0x00000198c6cbf000, 0x00000198c8503800
}

Java Threads: ( => current thread )
  0x00000198a839c800 JavaThread "main" [_thread_blocked, id=17508, stack(0x000000413e100000,0x000000413e200000)]
  0x00000198c306d000 JavaThread "Reference Handler" daemon [_thread_blocked, id=9292, stack(0x000000413e800000,0x000000413e900000)]
  0x00000198c306e800 JavaThread "Finalizer" daemon [_thread_blocked, id=17664, stack(0x000000413e900000,0x000000413ea00000)]
  0x00000198c30e6800 JavaThread "Signal Dispatcher" daemon [_thread_blocked, id=3092, stack(0x000000413ea00000,0x000000413eb00000)]
  0x00000198c30e7800 JavaThread "Attach Listener" daemon [_thread_blocked, id=15760, stack(0x000000413eb00000,0x000000413ec00000)]
  0x00000198c30e9800 JavaThread "Service Thread" daemon [_thread_blocked, id=16860, stack(0x000000413ec00000,0x000000413ed00000)]
=>0x00000198c30f7800 JavaThread "C2 CompilerThread0" daemon [_thread_in_native, id=10492, stack(0x000000413ed00000,0x000000413ee00000)]
  0x00000198c30fc000 JavaThread "C1 CompilerThread0" daemon [_thread_blocked, id=6240, stack(0x000000413ee00000,0x000000413ef00000)]
  0x00000198c3109800 JavaThread "Sweeper thread" daemon [_thread_blocked, id=2864, stack(0x000000413ef00000,0x000000413f000000)]
  0x00000198c3273800 JavaThread "Common-Cleaner" daemon [_thread_blocked, id=5152, stack(0x000000413f000000,0x000000413f100000)]
  0x00000198c5a69800 JavaThread "Daemon health stats" [_thread_blocked, id=10340, stack(0x000000413f900000,0x000000413fa00000)]
  0x00000198c399f800 JavaThread "Incoming local TCP Connector on port 57972" [_thread_in_native, id=5800, stack(0x000000413f200000,0x000000413f300000)]
  0x00000198c3437800 JavaThread "Daemon periodic checks" [_thread_blocked, id=4608, stack(0x000000413f300000,0x000000413f400000)]
  0x00000198c522b800 JavaThread "Daemon" [_thread_blocked, id=2920, stack(0x000000413fa00000,0x000000413fb00000)]
  0x00000198c53ec800 JavaThread "Handler for socket connection from /127.0.0.1:57972 to /127.0.0.1:57973" [_thread_in_native, id=16468, stack(0x000000413fb00000,0x000000413fc00000)]
  0x00000198c5228800 JavaThread "Cancel handler" [_thread_blocked, id=7072, stack(0x000000413fc00000,0x000000413fd00000)]
  0x00000198c46bf000 JavaThread "Daemon worker" [_thread_in_vm, id=1472, stack(0x000000413fd00000,0x000000413fe00000)]
  0x00000198c5980000 JavaThread "Asynchronous log dispatcher for DefaultDaemonConnection: socket connection from /127.0.0.1:57972 to /127.0.0.1:57973" [_thread_blocked, id=14720, stack(0x000000413ff00000,0x0000004140000000)]
  0x00000198c527d800 JavaThread "Stdin handler" [_thread_blocked, id=4420, stack(0x0000004140000000,0x0000004140100000)]
  0x00000198c5603000 JavaThread "Daemon client event forwarder" [_thread_blocked, id=8020, stack(0x0000004140100000,0x0000004140200000)]
  0x00000198c5608000 JavaThread "Cache worker for file hash cache (C:\Users\82109\.gradle\caches\7.0.2\fileHashes)" [_thread_blocked, id=12220, stack(0x0000004140200000,0x0000004140300000)]
  0x00000198c5609000 JavaThread "File lock request listener" [_thread_in_native, id=13960, stack(0x0000004140300000,0x0000004140400000)]
  0x00000198c5605000 JavaThread "Cache worker for journal cache (C:\Users\82109\.gradle\caches\journal-1)" [_thread_blocked, id=18316, stack(0x0000004140700000,0x0000004140800000)]
  0x00000198c5c89800 JavaThread "C2 CompilerThread1" daemon [_thread_in_native, id=18040, stack(0x000000413fe00000,0x000000413ff00000)]
  0x00000198c5609800 JavaThread "Cache worker for file hash cache (C:\Users\82109\AndroidStudioProjects\Diary3\.gradle\7.0.2\fileHashes)" [_thread_blocked, id=12996, stack(0x0000004140800000,0x0000004140900000)]
  0x00000198c5604000 JavaThread "File watcher server" daemon [_thread_in_native, id=5776, stack(0x0000004140900000,0x0000004140a00000)]
  0x00000198c5606800 JavaThread "File watcher consumer" daemon [_thread_blocked, id=7868, stack(0x0000004140a00000,0x0000004140b00000)]
  0x00000198c5607000 JavaThread "Cache worker for checksums cache (C:\Users\82109\AndroidStudioProjects\Diary3\.gradle\checksums)" [_thread_blocked, id=9124, stack(0x0000004140b00000,0x0000004140c00000)]
  0x00000198c5605800 JavaThread "Cache worker for cache directory md-supplier (C:\Users\82109\.gradle\caches\7.0.2\md-supplier)" [_thread_blocked, id=11944, stack(0x0000004140c00000,0x0000004140d00000)]
  0x00000198c8504800 JavaThread "Cache worker for cache directory md-rule (C:\Users\82109\.gradle\caches\7.0.2\md-rule)" [_thread_blocked, id=12976, stack(0x0000004140d00000,0x0000004140e00000)]
  0x00000198c6cbf000 JavaThread "C2 CompilerThread2" daemon [_thread_in_native, id=11096, stack(0x0000004140e00000,0x0000004140f00000)]
  0x00000198c8503800 JavaThread "Cache worker for execution history cache (C:\Users\82109\.gradle\caches\7.0.2\executionHistory)" [_thread_blocked, id=11476, stack(0x0000004140f00000,0x0000004141000000)]

Other Threads:
  0x00000198c3069800 VMThread "VM Thread" [stack: 0x000000413e700000,0x000000413e800000] [id=16488]
  0x00000198c3284800 WatcherThread [stack: 0x000000413f100000,0x000000413f200000] [id=7456]
  0x00000198a83b5000 GCTaskThread "GC Thread#0" [stack: 0x000000413e200000,0x000000413e300000] [id=17084]
  0x00000198c409d000 GCTaskThread "GC Thread#1" [stack: 0x000000413f400000,0x000000413f500000] [id=12700]
  0x00000198c41ca000 GCTaskThread "GC Thread#2" [stack: 0x000000413f500000,0x000000413f600000] [id=18144]
  0x00000198c4502000 GCTaskThread "GC Thread#3" [stack: 0x000000413f600000,0x000000413f700000] [id=5036]
  0x00000198c3f07000 GCTaskThread "GC Thread#4" [stack: 0x000000413f700000,0x000000413f800000] [id=6952]
  0x00000198c3585800 GCTaskThread "GC Thread#5" [stack: 0x000000413f800000,0x000000413f900000] [id=16292]
  0x00000198c4039000 GCTaskThread "GC Thread#6" [stack: 0x0000004140400000,0x0000004140500000] [id=11024]
  0x00000198c55c2800 GCTaskThread "GC Thread#7" [stack: 0x0000004140500000,0x0000004140600000] [id=7272]
  0x00000198a83e7800 ConcurrentGCThread "G1 Main Marker" [stack: 0x000000413e300000,0x000000413e400000] [id=10816]
  0x00000198a83e9000 ConcurrentGCThread "G1 Conc#0" [stack: 0x000000413e400000,0x000000413e500000] [id=10268]
  0x00000198c635c800 ConcurrentGCThread "G1 Conc#1" [stack: 0x0000004140600000,0x0000004140700000] [id=5344]
  0x00000198c26b8800 ConcurrentGCThread "G1 Refine#0" [stack: 0x000000413e500000,0x000000413e600000] [id=15576]
  0x00000198c26bb800 ConcurrentGCThread "G1 Young RemSet Sampling" [stack: 0x000000413e600000,0x000000413e700000] [id=13012]

Threads with active compile tasks:
C2 CompilerThread0   5231 2524       4       java.io.DataInputStream::readUTF (501 bytes)
C1 CompilerThread0   5231 2577       3       java.util.ImmutableCollections$Set12::size (13 bytes)
C2 CompilerThread1   5232 2548  s!   4       jdk.internal.loader.URLClassPath::getLoader (194 bytes)
C2 CompilerThread2   5232 2550       4       jdk.internal.loader.URLClassPath::getResource (74 bytes)

VM state:not at safepoint (normal execution)

VM Mutex/Monitor currently owned by a thread: None

Heap address: 0x0000000080000000, size: 2048 MB, Compressed Oops mode: 32-bit
Narrow klass base: 0x0000000000000000, Narrow klass shift: 3
Compressed class space size: 1073741824 Address: 0x0000000100000000

Heap:
 garbage-first heap   total 262144K, used 55946K [0x0000000080000000, 0x0000000100000000)
  region size 1024K, 40 young (40960K), 3 survivors (3072K)
 Metaspace       used 30897K, capacity 31656K, committed 31872K, reserved 1077248K
  class space    used 4133K, capacity 4364K, committed 4480K, reserved 1048576K
Heap Regions: E=young(eden), S=young(survivor), O=old, HS=humongous(starts), HC=humongous(continues), CS=collection set, F=free, A=archive, TAMS=top-at-mark-start (previous, next)
|   0|0x0000000080000000, 0x0000000080100000, 0x0000000080100000|100%| O|  |TAMS 0x0000000080000000, 0x0000000080000000| Untracked 
|   1|0x0000000080100000, 0x0000000080200000, 0x0000000080200000|100%| O|  |TAMS 0x0000000080100000, 0x0000000080100000| Untracked 
|   2|0x0000000080200000, 0x0000000080300000, 0x0000000080300000|100%| O|  |TAMS 0x0000000080200000, 0x0000000080200000| Untracked 
|   3|0x0000000080300000, 0x0000000080400000, 0x0000000080400000|100%|HS|  |TAMS 0x0000000080400000, 0x0000000080300000| Complete 
|   4|0x0000000080400000, 0x0000000080500000, 0x0000000080500000|100%|HC|  |TAMS 0x0000000080500000, 0x0000000080400000| Complete 
|   5|0x0000000080500000, 0x0000000080600000, 0x0000000080600000|100%|HC|  |TAMS 0x0000000080600000, 0x0000000080500000| Complete 
|   6|0x0000000080600000, 0x0000000080700000, 0x0000000080700000|100%| O|  |TAMS 0x0000000080700000, 0x0000000080600000| Untracked 
|   7|0x0000000080700000, 0x0000000080800000, 0x0000000080800000|100%| O|  |TAMS 0x0000000080800000, 0x0000000080700000| Untracked 
|   8|0x0000000080800000, 0x0000000080900000, 0x0000000080900000|100%| O|  |TAMS 0x0000000080900000, 0x0000000080800000| Untracked 
|   9|0x0000000080900000, 0x0000000080a00000, 0x0000000080a00000|100%| O|  |TAMS 0x000000008091f400, 0x0000000080900000| Untracked 
|  10|0x0000000080a00000, 0x0000000080b00000, 0x0000000080b00000|100%| O|  |TAMS 0x0000000080a00000, 0x0000000080a00000| Untracked 
|  11|0x0000000080b00000, 0x0000000080c00000, 0x0000000080c00000|100%| O|  |TAMS 0x0000000080b00000, 0x0000000080b00000| Untracked 
|  12|0x0000000080c00000, 0x0000000080d00000, 0x0000000080d00000|100%| O|  |TAMS 0x0000000080c00000, 0x0000000080c00000| Untracked 
|  13|0x0000000080d00000, 0x0000000080e00000, 0x0000000080e00000|100%| O|  |TAMS 0x0000000080d00000, 0x0000000080d00000| Untracked 
|  14|0x0000000080e00000, 0x0000000080f00000, 0x0000000080f00000|100%| O|  |TAMS 0x0000000080e00000, 0x0000000080e00000| Untracked 
|  15|0x0000000080f00000, 0x0000000081000000, 0x0000000081000000|100%| O|  |TAMS 0x0000000080f00000, 0x0000000080f00000| Untracked 
|  16|0x0000000081000000, 0x0000000081010e00, 0x0000000081100000|  6%| O|  |TAMS 0x0000000081000000, 0x0000000081000000| Untracked 
|  17|0x0000000081100000, 0x0000000081100000, 0x0000000081200000|  0%| F|  |TAMS 0x0000000081100000, 0x0000000081100000| Untracked 
|  18|0x0000000081200000, 0x0000000081200000, 0x0000000081300000|  0%| F|  |TAMS 0x0000000081200000, 0x0000000081200000| Untracked 
|  19|0x0000000081300000, 0x0000000081300000, 0x0000000081400000|  0%| F|  |TAMS 0x0000000081300000, 0x0000000081300000| Untracked 
|  20|0x0000000081400000, 0x0000000081400000, 0x0000000081500000|  0%| F|  |TAMS 0x0000000081400000, 0x0000000081400000| Untracked 
|  21|0x0000000081500000, 0x0000000081500000, 0x0000000081600000|  0%| F|  |TAMS 0x0000000081500000, 0x0000000081500000| Untracked 
|  22|0x0000000081600000, 0x0000000081600000, 0x0000000081700000|  0%| F|  |TAMS 0x0000000081600000, 0x0000000081600000| Untracked 
|  23|0x0000000081700000, 0x0000000081700000, 0x0000000081800000|  0%| F|  |TAMS 0x0000000081700000, 0x0000000081700000| Untracked 
|  24|0x0000000081800000, 0x0000000081800000, 0x0000000081900000|  0%| F|  |TAMS 0x0000000081800000, 0x0000000081800000| Untracked 
|  25|0x0000000081900000, 0x0000000081900000, 0x0000000081a00000|  0%| F|  |TAMS 0x0000000081900000, 0x0000000081900000| Untracked 
|  26|0x0000000081a00000, 0x0000000081a00000, 0x0000000081b00000|  0%| F|  |TAMS 0x0000000081a00000, 0x0000000081a00000| Untracked 
|  27|0x0000000081b00000, 0x0000000081b00000, 0x0000000081c00000|  0%| F|  |TAMS 0x0000000081b00000, 0x0000000081b00000| Untracked 
|  28|0x0000000081c00000, 0x0000000081c00000, 0x0000000081d00000|  0%| F|  |TAMS 0x0000000081c00000, 0x0000000081c00000| Untracked 
|  29|0x0000000081d00000, 0x0000000081d00000, 0x0000000081e00000|  0%| F|  |TAMS 0x0000000081d00000, 0x0000000081d00000| Untracked 
|  30|0x0000000081e00000, 0x0000000081e00000, 0x0000000081f00000|  0%| F|  |TAMS 0x0000000081e00000, 0x0000000081e00000| Untracked 
|  31|0x0000000081f00000, 0x0000000081f00000, 0x0000000082000000|  0%| F|  |TAMS 0x0000000081f00000, 0x0000000081f00000| Untracked 
|  32|0x0000000082000000, 0x0000000082000000, 0x0000000082100000|  0%| F|  |TAMS 0x0000000082000000, 0x0000000082000000| Untracked 
|  33|0x0000000082100000, 0x0000000082100000, 0x0000000082200000|  0%| F|  |TAMS 0x0000000082100000, 0x0000000082100000| Untracked 
|  34|0x0000000082200000, 0x0000000082200000, 0x0000000082300000|  0%| F|  |TAMS 0x0000000082200000, 0x0000000082200000| Untracked 
|  35|0x0000000082300000, 0x0000000082300000, 0x0000000082400000|  0%| F|  |TAMS 0x0000000082300000, 0x0000000082300000| Untracked 
|  36|0x0000000082400000, 0x0000000082400000, 0x0000000082500000|  0%| F|  |TAMS 0x0000000082400000, 0x0000000082400000| Untracked 
|  37|0x0000000082500000, 0x0000000082500000, 0x0000000082600000|  0%| F|  |TAMS 0x0000000082500000, 0x0000000082500000| Untracked 
|  38|0x0000000082600000, 0x0000000082600000, 0x0000000082700000|  0%| F|  |TAMS 0x0000000082600000, 0x0000000082600000| Untracked 
|  39|0x0000000082700000, 0x0000000082700000, 0x0000000082800000|  0%| F|  |TAMS 0x0000000082700000, 0x0000000082700000| Untracked 
|  40|0x0000000082800000, 0x0000000082800000, 0x0000000082900000|  0%| F|  |TAMS 0x0000000082800000, 0x0000000082800000| Untracked 
|  41|0x0000000082900000, 0x0000000082900000, 0x0000000082a00000|  0%| F|  |TAMS 0x0000000082900000, 0x0000000082900000| Untracked 
|  42|0x0000000082a00000, 0x0000000082a00000, 0x0000000082b00000|  0%| F|  |TAMS 0x0000000082a00000, 0x0000000082a00000| Untracked 
|  43|0x0000000082b00000, 0x0000000082b00000, 0x0000000082c00000|  0%| F|  |TAMS 0x0000000082b00000, 0x0000000082b00000| Untracked 
|  44|0x0000000082c00000, 0x0000000082c00000, 0x0000000082d00000|  0%| F|  |TAMS 0x0000000082c00000, 0x0000000082c00000| Untracked 
|  45|0x0000000082d00000, 0x0000000082d00000, 0x0000000082e00000|  0%| F|  |TAMS 0x0000000082d00000, 0x0000000082d00000| Untracked 
|  46|0x0000000082e00000, 0x0000000082e00000, 0x0000000082f00000|  0%| F|  |TAMS 0x0000000082e00000, 0x0000000082e00000| Untracked 
|  47|0x0000000082f00000, 0x0000000082f00000, 0x0000000083000000|  0%| F|  |TAMS 0x0000000082f00000, 0x0000000082f00000| Untracked 
|  48|0x0000000083000000, 0x0000000083000000, 0x0000000083100000|  0%| F|  |TAMS 0x0000000083000000, 0x0000000083000000| Untracked 
|  49|0x0000000083100000, 0x0000000083100000, 0x0000000083200000|  0%| F|  |TAMS 0x0000000083100000, 0x0000000083100000| Untracked 
|  50|0x0000000083200000, 0x0000000083200000, 0x0000000083300000|  0%| F|  |TAMS 0x0000000083200000, 0x0000000083200000| Untracked 
|  51|0x0000000083300000, 0x0000000083300000, 0x0000000083400000|  0%| F|  |TAMS 0x0000000083300000, 0x0000000083300000| Untracked 
|  52|0x0000000083400000, 0x0000000083400000, 0x0000000083500000|  0%| F|  |TAMS 0x0000000083400000, 0x0000000083400000| Untracked 
|  53|0x0000000083500000, 0x0000000083500000, 0x0000000083600000|  0%| F|  |TAMS 0x0000000083500000, 0x0000000083500000| Untracked 
|  54|0x0000000083600000, 0x0000000083600000, 0x0000000083700000|  0%| F|  |TAMS 0x0000000083600000, 0x0000000083600000| Untracked 
|  55|0x0000000083700000, 0x0000000083700000, 0x0000000083800000|  0%| F|  |TAMS 0x0000000083700000, 0x0000000083700000| Untracked 
|  56|0x0000000083800000, 0x0000000083800000, 0x0000000083900000|  0%| F|  |TAMS 0x0000000083800000, 0x0000000083800000| Untracked 
|  57|0x0000000083900000, 0x0000000083900000, 0x0000000083a00000|  0%| F|  |TAMS 0x0000000083900000, 0x0000000083900000| Untracked 
|  58|0x0000000083a00000, 0x0000000083a00000, 0x0000000083b00000|  0%| F|  |TAMS 0x0000000083a00000, 0x0000000083a00000| Untracked 
|  59|0x0000000083b00000, 0x0000000083b00000, 0x0000000083c00000|  0%| F|  |TAMS 0x0000000083b00000, 0x0000000083b00000| Untracked 
|  60|0x0000000083c00000, 0x0000000083c00000, 0x0000000083d00000|  0%| F|  |TAMS 0x0000000083c00000, 0x0000000083c00000| Untracked 
|  61|0x0000000083d00000, 0x0000000083d00000, 0x0000000083e00000|  0%| F|  |TAMS 0x0000000083d00000, 0x0000000083d00000| Untracked 
|  62|0x0000000083e00000, 0x0000000083e00000, 0x0000000083f00000|  0%| F|  |TAMS 0x0000000083e00000, 0x0000000083e00000| Untracked 
|  63|0x0000000083f00000, 0x0000000083f00000, 0x0000000084000000|  0%| F|  |TAMS 0x0000000083f00000, 0x0000000083f00000| Untracked 
|  64|0x0000000084000000, 0x0000000084000000, 0x0000000084100000|  0%| F|  |TAMS 0x0000000084000000, 0x0000000084000000| Untracked 
|  65|0x0000000084100000, 0x0000000084100000, 0x0000000084200000|  0%| F|  |TAMS 0x0000000084100000, 0x0000000084100000| Untracked 
|  66|0x0000000084200000, 0x0000000084200000, 0x0000000084300000|  0%| F|  |TAMS 0x0000000084200000, 0x0000000084200000| Untracked 
|  67|0x0000000084300000, 0x0000000084300000, 0x0000000084400000|  0%| F|  |TAMS 0x0000000084300000, 0x0000000084300000| Untracked 
|  68|0x0000000084400000, 0x0000000084400000, 0x0000000084500000|  0%| F|  |TAMS 0x0000000084400000, 0x0000000084400000| Untracked 
|  69|0x0000000084500000, 0x0000000084500000, 0x0000000084600000|  0%| F|  |TAMS 0x0000000084500000, 0x0000000084500000| Untracked 
|  70|0x0000000084600000, 0x0000000084600000, 0x0000000084700000|  0%| F|  |TAMS 0x0000000084600000, 0x0000000084600000| Untracked 
|  71|0x0000000084700000, 0x0000000084700000, 0x0000000084800000|  0%| F|  |TAMS 0x0000000084700000, 0x0000000084700000| Untracked 
|  72|0x0000000084800000, 0x0000000084800000, 0x0000000084900000|  0%| F|  |TAMS 0x0000000084800000, 0x0000000084800000| Untracked 
|  73|0x0000000084900000, 0x0000000084900000, 0x0000000084a00000|  0%| F|  |TAMS 0x0000000084900000, 0x0000000084900000| Untracked 
|  74|0x0000000084a00000, 0x0000000084a00000, 0x0000000084b00000|  0%| F|  |TAMS 0x0000000084a00000, 0x0000000084a00000| Untracked 
|  75|0x0000000084b00000, 0x0000000084b00000, 0x0000000084c00000|  0%| F|  |TAMS 0x0000000084b00000, 0x0000000084b00000| Untracked 
|  76|0x0000000084c00000, 0x0000000084c00000, 0x0000000084d00000|  0%| F|  |TAMS 0x0000000084c00000, 0x0000000084c00000| Untracked 
|  77|0x0000000084d00000, 0x0000000084d00000, 0x0000000084e00000|  0%| F|  |TAMS 0x0000000084d00000, 0x0000000084d00000| Untracked 
|  78|0x0000000084e00000, 0x0000000084e00000, 0x0000000084f00000|  0%| F|  |TAMS 0x0000000084e00000, 0x0000000084e00000| Untracked 
|  79|0x0000000084f00000, 0x0000000084f00000, 0x0000000085000000|  0%| F|  |TAMS 0x0000000084f00000, 0x0000000084f00000| Untracked 
|  80|0x0000000085000000, 0x0000000085000000, 0x0000000085100000|  0%| F|  |TAMS 0x0000000085000000, 0x0000000085000000| Untracked 
|  81|0x0000000085100000, 0x0000000085100000, 0x0000000085200000|  0%| F|  |TAMS 0x0000000085100000, 0x0000000085100000| Untracked 
|  82|0x0000000085200000, 0x0000000085200000, 0x0000000085300000|  0%| F|  |TAMS 0x0000000085200000, 0x0000000085200000| Untracked 
|  83|0x0000000085300000, 0x0000000085300000, 0x0000000085400000|  0%| F|  |TAMS 0x0000000085300000, 0x0000000085300000| Untracked 
|  84|0x0000000085400000, 0x0000000085400000, 0x0000000085500000|  0%| F|  |TAMS 0x0000000085400000, 0x0000000085400000| Untracked 
|  85|0x0000000085500000, 0x0000000085500000, 0x0000000085600000|  0%| F|  |TAMS 0x0000000085500000, 0x0000000085500000| Untracked 
|  86|0x0000000085600000, 0x0000000085600000, 0x0000000085700000|  0%| F|  |TAMS 0x0000000085600000, 0x0000000085600000| Untracked 
|  87|0x0000000085700000, 0x0000000085700000, 0x0000000085800000|  0%| F|  |TAMS 0x0000000085700000, 0x0000000085700000| Untracked 
|  88|0x0000000085800000, 0x0000000085800000, 0x0000000085900000|  0%| F|  |TAMS 0x0000000085800000, 0x0000000085800000| Untracked 
|  89|0x0000000085900000, 0x0000000085900000, 0x0000000085a00000|  0%| F|  |TAMS 0x0000000085900000, 0x0000000085900000| Untracked 
|  90|0x0000000085a00000, 0x0000000085a00000, 0x0000000085b00000|  0%| F|  |TAMS 0x0000000085a00000, 0x0000000085a00000| Untracked 
|  91|0x0000000085b00000, 0x0000000085b00000, 0x0000000085c00000|  0%| F|  |TAMS 0x0000000085b00000, 0x0000000085b00000| Untracked 
|  92|0x0000000085c00000, 0x0000000085c00000, 0x0000000085d00000|  0%| F|  |TAMS 0x0000000085c00000, 0x0000000085c00000| Untracked 
|  93|0x0000000085d00000, 0x0000000085d00000, 0x0000000085e00000|  0%| F|  |TAMS 0x0000000085d00000, 0x0000000085d00000| Untracked 
|  94|0x0000000085e00000, 0x0000000085e00000, 0x0000000085f00000|  0%| F|  |TAMS 0x0000000085e00000, 0x0000000085e00000| Untracked 
|  95|0x0000000085f00000, 0x0000000085f00000, 0x0000000086000000|  0%| F|  |TAMS 0x0000000085f00000, 0x0000000085f00000| Untracked 
|  96|0x0000000086000000, 0x0000000086000000, 0x0000000086100000|  0%| F|  |TAMS 0x0000000086000000, 0x0000000086000000| Untracked 
|  97|0x0000000086100000, 0x0000000086100000, 0x0000000086200000|  0%| F|  |TAMS 0x0000000086100000, 0x0000000086100000| Untracked 
|  98|0x0000000086200000, 0x0000000086200000, 0x0000000086300000|  0%| F|  |TAMS 0x0000000086200000, 0x0000000086200000| Untracked 
|  99|0x0000000086300000, 0x0000000086300000, 0x0000000086400000|  0%| F|  |TAMS 0x0000000086300000, 0x0000000086300000| Untracked 
| 100|0x0000000086400000, 0x0000000086400000, 0x0000000086500000|  0%| F|  |TAMS 0x0000000086400000, 0x0000000086400000| Untracked 
| 101|0x0000000086500000, 0x0000000086500000, 0x0000000086600000|  0%| F|  |TAMS 0x0000000086500000, 0x0000000086500000| Untracked 
| 102|0x0000000086600000, 0x0000000086600000, 0x0000000086700000|  0%| F|  |TAMS 0x0000000086600000, 0x0000000086600000| Untracked 
| 103|0x0000000086700000, 0x0000000086700000, 0x0000000086800000|  0%| F|  |TAMS 0x0000000086700000, 0x0000000086700000| Untracked 
| 104|0x0000000086800000, 0x0000000086800000, 0x0000000086900000|  0%| F|  |TAMS 0x0000000086800000, 0x0000000086800000| Untracked 
| 105|0x0000000086900000, 0x0000000086900000, 0x0000000086a00000|  0%| F|  |TAMS 0x0000000086900000, 0x0000000086900000| Untracked 
| 106|0x0000000086a00000, 0x0000000086a00000, 0x0000000086b00000|  0%| F|  |TAMS 0x0000000086a00000, 0x0000000086a00000| Untracked 
| 107|0x0000000086b00000, 0x0000000086b00000, 0x0000000086c00000|  0%| F|  |TAMS 0x0000000086b00000, 0x0000000086b00000| Untracked 
| 108|0x0000000086c00000, 0x0000000086c00000, 0x0000000086d00000|  0%| F|  |TAMS 0x0000000086c00000, 0x0000000086c00000| Untracked 
| 109|0x0000000086d00000, 0x0000000086d00000, 0x0000000086e00000|  0%| F|  |TAMS 0x0000000086d00000, 0x0000000086d00000| Untracked 
| 110|0x0000000086e00000, 0x0000000086e00000, 0x0000000086f00000|  0%| F|  |TAMS 0x0000000086e00000, 0x0000000086e00000| Untracked 
| 111|0x0000000086f00000, 0x0000000086f00000, 0x0000000087000000|  0%| F|  |TAMS 0x0000000086f00000, 0x0000000086f00000| Untracked 
| 112|0x0000000087000000, 0x0000000087000000, 0x0000000087100000|  0%| F|  |TAMS 0x0000000087000000, 0x0000000087000000| Untracked 
| 113|0x0000000087100000, 0x0000000087100000, 0x0000000087200000|  0%| F|  |TAMS 0x0000000087100000, 0x0000000087100000| Untracked 
| 114|0x0000000087200000, 0x0000000087200000, 0x0000000087300000|  0%| F|  |TAMS 0x0000000087200000, 0x0000000087200000| Untracked 
| 115|0x0000000087300000, 0x0000000087300000, 0x0000000087400000|  0%| F|  |TAMS 0x0000000087300000, 0x0000000087300000| Untracked 
| 116|0x0000000087400000, 0x0000000087400000, 0x0000000087500000|  0%| F|  |TAMS 0x0000000087400000, 0x0000000087400000| Untracked 
| 117|0x0000000087500000, 0x0000000087500000, 0x0000000087600000|  0%| F|  |TAMS 0x0000000087500000, 0x0000000087500000| Untracked 
| 118|0x0000000087600000, 0x0000000087600000, 0x0000000087700000|  0%| F|  |TAMS 0x0000000087600000, 0x0000000087600000| Untracked 
| 119|0x0000000087700000, 0x0000000087700000, 0x0000000087800000|  0%| F|  |TAMS 0x0000000087700000, 0x0000000087700000| Untracked 
| 120|0x0000000087800000, 0x0000000087800000, 0x0000000087900000|  0%| F|  |TAMS 0x0000000087800000, 0x0000000087800000| Untracked 
| 121|0x0000000087900000, 0x0000000087900000, 0x0000000087a00000|  0%| F|  |TAMS 0x0000000087900000, 0x0000000087900000| Untracked 
| 122|0x0000000087a00000, 0x0000000087a00000, 0x0000000087b00000|  0%| F|  |TAMS 0x0000000087a00000, 0x0000000087a00000| Untracked 
| 123|0x0000000087b00000, 0x0000000087b00000, 0x0000000087c00000|  0%| F|  |TAMS 0x0000000087b00000, 0x0000000087b00000| Untracked 
| 124|0x0000000087c00000, 0x0000000087c00000, 0x0000000087d00000|  0%| F|  |TAMS 0x0000000087c00000, 0x0000000087c00000| Untracked 
| 125|0x0000000087d00000, 0x0000000087d00000, 0x0000000087e00000|  0%| F|  |TAMS 0x0000000087d00000, 0x0000000087d00000| Untracked 
| 126|0x0000000087e00000, 0x0000000087e00000, 0x0000000087f00000|  0%| F|  |TAMS 0x0000000087e00000, 0x0000000087e00000| Untracked 
| 127|0x0000000087f00000, 0x0000000087f00000, 0x0000000088000000|  0%| F|  |TAMS 0x0000000087f00000, 0x0000000087f00000| Untracked 
| 128|0x0000000088000000, 0x0000000088000000, 0x0000000088100000|  0%| F|  |TAMS 0x0000000088000000, 0x0000000088000000| Untracked 
| 129|0x0000000088100000, 0x0000000088100000, 0x0000000088200000|  0%| F|  |TAMS 0x0000000088100000, 0x0000000088100000| Untracked 
| 130|0x0000000088200000, 0x0000000088200000, 0x0000000088300000|  0%| F|  |TAMS 0x0000000088200000, 0x0000000088200000| Untracked 
| 131|0x0000000088300000, 0x0000000088300000, 0x0000000088400000|  0%| F|  |TAMS 0x0000000088300000, 0x0000000088300000| Untracked 
| 132|0x0000000088400000, 0x0000000088400000, 0x0000000088500000|  0%| F|  |TAMS 0x0000000088400000, 0x0000000088400000| Untracked 
| 133|0x0000000088500000, 0x0000000088500000, 0x0000000088600000|  0%| F|  |TAMS 0x0000000088500000, 0x0000000088500000| Untracked 
| 134|0x0000000088600000, 0x0000000088600000, 0x0000000088700000|  0%| F|  |TAMS 0x0000000088600000, 0x0000000088600000| Untracked 
| 135|0x0000000088700000, 0x0000000088700000, 0x0000000088800000|  0%| F|  |TAMS 0x0000000088700000, 0x0000000088700000| Untracked 
| 136|0x0000000088800000, 0x0000000088800000, 0x0000000088900000|  0%| F|  |TAMS 0x0000000088800000, 0x0000000088800000| Untracked 
| 137|0x0000000088900000, 0x0000000088900000, 0x0000000088a00000|  0%| F|  |TAMS 0x0000000088900000, 0x0000000088900000| Untracked 
| 138|0x0000000088a00000, 0x0000000088a00000, 0x0000000088b00000|  0%| F|  |TAMS 0x0000000088a00000, 0x0000000088a00000| Untracked 
| 139|0x0000000088b00000, 0x0000000088b00000, 0x0000000088c00000|  0%| F|  |TAMS 0x0000000088b00000, 0x0000000088b00000| Untracked 
| 140|0x0000000088c00000, 0x0000000088c00000, 0x0000000088d00000|  0%| F|  |TAMS 0x0000000088c00000, 0x0000000088c00000| Untracked 
| 141|0x0000000088d00000, 0x0000000088d00000, 0x0000000088e00000|  0%| F|  |TAMS 0x0000000088d00000, 0x0000000088d00000| Untracked 
| 142|0x0000000088e00000, 0x0000000088e00000, 0x0000000088f00000|  0%| F|  |TAMS 0x0000000088e00000, 0x0000000088e00000| Untracked 
| 143|0x0000000088f00000, 0x0000000088f00000, 0x0000000089000000|  0%| F|  |TAMS 0x0000000088f00000, 0x0000000088f00000| Untracked 
| 144|0x0000000089000000, 0x0000000089000000, 0x0000000089100000|  0%| F|  |TAMS 0x0000000089000000, 0x0000000089000000| Untracked 
| 145|0x0000000089100000, 0x0000000089100000, 0x0000000089200000|  0%| F|  |TAMS 0x0000000089100000, 0x0000000089100000| Untracked 
| 146|0x0000000089200000, 0x0000000089200000, 0x0000000089300000|  0%| F|  |TAMS 0x0000000089200000, 0x0000000089200000| Untracked 
| 147|0x0000000089300000, 0x0000000089300000, 0x0000000089400000|  0%| F|  |TAMS 0x0000000089300000, 0x0000000089300000| Untracked 
| 148|0x0000000089400000, 0x0000000089400000, 0x0000000089500000|  0%| F|  |TAMS 0x0000000089400000, 0x0000000089400000| Untracked 
| 149|0x0000000089500000, 0x0000000089500000, 0x0000000089600000|  0%| F|  |TAMS 0x0000000089500000, 0x0000000089500000| Untracked 
| 150|0x0000000089600000, 0x0000000089600000, 0x0000000089700000|  0%| F|  |TAMS 0x0000000089600000, 0x0000000089600000| Untracked 
| 151|0x0000000089700000, 0x0000000089700000, 0x0000000089800000|  0%| F|  |TAMS 0x0000000089700000, 0x0000000089700000| Untracked 
| 152|0x0000000089800000, 0x0000000089800000, 0x0000000089900000|  0%| F|  |TAMS 0x0000000089800000, 0x0000000089800000| Untracked 
| 153|0x0000000089900000, 0x0000000089900000, 0x0000000089a00000|  0%| F|  |TAMS 0x0000000089900000, 0x0000000089900000| Untracked 
| 154|0x0000000089a00000, 0x0000000089a00000, 0x0000000089b00000|  0%| F|  |TAMS 0x0000000089a00000, 0x0000000089a00000| Untracked 
| 155|0x0000000089b00000, 0x0000000089b00000, 0x0000000089c00000|  0%| F|  |TAMS 0x0000000089b00000, 0x0000000089b00000| Untracked 
| 156|0x0000000089c00000, 0x0000000089c00000, 0x0000000089d00000|  0%| F|  |TAMS 0x0000000089c00000, 0x0000000089c00000| Untracked 
| 157|0x0000000089d00000, 0x0000000089d00000, 0x0000000089e00000|  0%| F|  |TAMS 0x0000000089d00000, 0x0000000089d00000| Untracked 
| 158|0x0000000089e00000, 0x0000000089e00000, 0x0000000089f00000|  0%| F|  |TAMS 0x0000000089e00000, 0x0000000089e00000| Untracked 
| 159|0x0000000089f00000, 0x0000000089f00000, 0x000000008a000000|  0%| F|  |TAMS 0x0000000089f00000, 0x0000000089f00000| Untracked 
| 160|0x000000008a000000, 0x000000008a000000, 0x000000008a100000|  0%| F|  |TAMS 0x000000008a000000, 0x000000008a000000| Untracked 
| 161|0x000000008a100000, 0x000000008a100000, 0x000000008a200000|  0%| F|  |TAMS 0x000000008a100000, 0x000000008a100000| Untracked 
| 162|0x000000008a200000, 0x000000008a200000, 0x000000008a300000|  0%| F|  |TAMS 0x000000008a200000, 0x000000008a200000| Untracked 
| 163|0x000000008a300000, 0x000000008a300000, 0x000000008a400000|  0%| F|  |TAMS 0x000000008a300000, 0x000000008a300000| Untracked 
| 164|0x000000008a400000, 0x000000008a400000, 0x000000008a500000|  0%| F|  |TAMS 0x000000008a400000, 0x000000008a400000| Untracked 
| 165|0x000000008a500000, 0x000000008a500000, 0x000000008a600000|  0%| F|  |TAMS 0x000000008a500000, 0x000000008a500000| Untracked 
| 166|0x000000008a600000, 0x000000008a600000, 0x000000008a700000|  0%| F|  |TAMS 0x000000008a600000, 0x000000008a600000| Untracked 
| 167|0x000000008a700000, 0x000000008a700000, 0x000000008a800000|  0%| F|  |TAMS 0x000000008a700000, 0x000000008a700000| Untracked 
| 168|0x000000008a800000, 0x000000008a800000, 0x000000008a900000|  0%| F|  |TAMS 0x000000008a800000, 0x000000008a800000| Untracked 
| 169|0x000000008a900000, 0x000000008a900000, 0x000000008aa00000|  0%| F|  |TAMS 0x000000008a900000, 0x000000008a900000| Untracked 
| 170|0x000000008aa00000, 0x000000008aa00000, 0x000000008ab00000|  0%| F|  |TAMS 0x000000008aa00000, 0x000000008aa00000| Untracked 
| 171|0x000000008ab00000, 0x000000008ab00000, 0x000000008ac00000|  0%| F|  |TAMS 0x000000008ab00000, 0x000000008ab00000| Untracked 
| 172|0x000000008ac00000, 0x000000008ac00000, 0x000000008ad00000|  0%| F|  |TAMS 0x000000008ac00000, 0x000000008ac00000| Untracked 
| 173|0x000000008ad00000, 0x000000008ad00000, 0x000000008ae00000|  0%| F|  |TAMS 0x000000008ad00000, 0x000000008ad00000| Untracked 
| 174|0x000000008ae00000, 0x000000008ae00000, 0x000000008af00000|  0%| F|  |TAMS 0x000000008ae00000, 0x000000008ae00000| Untracked 
| 175|0x000000008af00000, 0x000000008af00000, 0x000000008b000000|  0%| F|  |TAMS 0x000000008af00000, 0x000000008af00000| Untracked 
| 176|0x000000008b000000, 0x000000008b000000, 0x000000008b100000|  0%| F|  |TAMS 0x000000008b000000, 0x000000008b000000| Untracked 
| 177|0x000000008b100000, 0x000000008b100000, 0x000000008b200000|  0%| F|  |TAMS 0x000000008b100000, 0x000000008b100000| Untracked 
| 178|0x000000008b200000, 0x000000008b200000, 0x000000008b300000|  0%| F|  |TAMS 0x000000008b200000, 0x000000008b200000| Untracked 
| 179|0x000000008b300000, 0x000000008b300000, 0x000000008b400000|  0%| F|  |TAMS 0x000000008b300000, 0x000000008b300000| Untracked 
| 180|0x000000008b400000, 0x000000008b400000, 0x000000008b500000|  0%| F|  |TAMS 0x000000008b400000, 0x000000008b400000| Untracked 
| 181|0x000000008b500000, 0x000000008b500000, 0x000000008b600000|  0%| F|  |TAMS 0x000000008b500000, 0x000000008b500000| Untracked 
| 182|0x000000008b600000, 0x000000008b600000, 0x000000008b700000|  0%| F|  |TAMS 0x000000008b600000, 0x000000008b600000| Untracked 
| 183|0x000000008b700000, 0x000000008b700000, 0x000000008b800000|  0%| F|  |TAMS 0x000000008b700000, 0x000000008b700000| Untracked 
| 184|0x000000008b800000, 0x000000008b800000, 0x000000008b900000|  0%| F|  |TAMS 0x000000008b800000, 0x000000008b800000| Untracked 
| 185|0x000000008b900000, 0x000000008b900000, 0x000000008ba00000|  0%| F|  |TAMS 0x000000008b900000, 0x000000008b900000| Untracked 
| 186|0x000000008ba00000, 0x000000008ba00000, 0x000000008bb00000|  0%| F|  |TAMS 0x000000008ba00000, 0x000000008ba00000| Untracked 
| 187|0x000000008bb00000, 0x000000008bb00000, 0x000000008bc00000|  0%| F|  |TAMS 0x000000008bb00000, 0x000000008bb00000| Untracked 
| 188|0x000000008bc00000, 0x000000008bc00000, 0x000000008bd00000|  0%| F|  |TAMS 0x000000008bc00000, 0x000000008bc00000| Untracked 
| 189|0x000000008bd00000, 0x000000008bd00000, 0x000000008be00000|  0%| F|  |TAMS 0x000000008bd00000, 0x000000008bd00000| Untracked 
| 190|0x000000008be00000, 0x000000008be00000, 0x000000008bf00000|  0%| F|  |TAMS 0x000000008be00000, 0x000000008be00000| Untracked 
| 191|0x000000008bf00000, 0x000000008bf00000, 0x000000008c000000|  0%| F|  |TAMS 0x000000008bf00000, 0x000000008bf00000| Untracked 
| 192|0x000000008c000000, 0x000000008c000000, 0x000000008c100000|  0%| F|  |TAMS 0x000000008c000000, 0x000000008c000000| Untracked 
| 193|0x000000008c100000, 0x000000008c191d10, 0x000000008c200000| 56%| S|CS|TAMS 0x000000008c100000, 0x000000008c100000| Complete 
| 194|0x000000008c200000, 0x000000008c300000, 0x000000008c300000|100%| S|CS|TAMS 0x000000008c200000, 0x000000008c200000| Complete 
| 195|0x000000008c300000, 0x000000008c400000, 0x000000008c400000|100%| S|CS|TAMS 0x000000008c300000, 0x000000008c300000| Complete 
| 196|0x000000008c400000, 0x000000008c400000, 0x000000008c500000|  0%| F|  |TAMS 0x000000008c400000, 0x000000008c400000| Untracked 
| 197|0x000000008c500000, 0x000000008c500000, 0x000000008c600000|  0%| F|  |TAMS 0x000000008c500000, 0x000000008c500000| Untracked 
| 198|0x000000008c600000, 0x000000008c600000, 0x000000008c700000|  0%| F|  |TAMS 0x000000008c600000, 0x000000008c600000| Untracked 
| 199|0x000000008c700000, 0x000000008c700000, 0x000000008c800000|  0%| F|  |TAMS 0x000000008c700000, 0x000000008c700000| Untracked 
| 200|0x000000008c800000, 0x000000008c800000, 0x000000008c900000|  0%| F|  |TAMS 0x000000008c800000, 0x000000008c800000| Untracked 
| 201|0x000000008c900000, 0x000000008c900000, 0x000000008ca00000|  0%| F|  |TAMS 0x000000008c900000, 0x000000008c900000| Untracked 
| 202|0x000000008ca00000, 0x000000008ca00000, 0x000000008cb00000|  0%| F|  |TAMS 0x000000008ca00000, 0x000000008ca00000| Untracked 
| 203|0x000000008cb00000, 0x000000008cb00000, 0x000000008cc00000|  0%| F|  |TAMS 0x000000008cb00000, 0x000000008cb00000| Untracked 
| 204|0x000000008cc00000, 0x000000008cc00000, 0x000000008cd00000|  0%| F|  |TAMS 0x000000008cc00000, 0x000000008cc00000| Untracked 
| 205|0x000000008cd00000, 0x000000008cd00000, 0x000000008ce00000|  0%| F|  |TAMS 0x000000008cd00000, 0x000000008cd00000| Untracked 
| 206|0x000000008ce00000, 0x000000008ce00000, 0x000000008cf00000|  0%| F|  |TAMS 0x000000008ce00000, 0x000000008ce00000| Untracked 
| 207|0x000000008cf00000, 0x000000008cf00000, 0x000000008d000000|  0%| F|  |TAMS 0x000000008cf00000, 0x000000008cf00000| Untracked 
| 208|0x000000008d000000, 0x000000008d000000, 0x000000008d100000|  0%| F|  |TAMS 0x000000008d000000, 0x000000008d000000| Untracked 
| 209|0x000000008d100000, 0x000000008d100000, 0x000000008d200000|  0%| F|  |TAMS 0x000000008d100000, 0x000000008d100000| Untracked 
| 210|0x000000008d200000, 0x000000008d200000, 0x000000008d300000|  0%| F|  |TAMS 0x000000008d200000, 0x000000008d200000| Untracked 
| 211|0x000000008d300000, 0x000000008d300000, 0x000000008d400000|  0%| F|  |TAMS 0x000000008d300000, 0x000000008d300000| Untracked 
| 212|0x000000008d400000, 0x000000008d400000, 0x000000008d500000|  0%| F|  |TAMS 0x000000008d400000, 0x000000008d400000| Untracked 
| 213|0x000000008d500000, 0x000000008d500000, 0x000000008d600000|  0%| F|  |TAMS 0x000000008d500000, 0x000000008d500000| Untracked 
| 214|0x000000008d600000, 0x000000008d600000, 0x000000008d700000|  0%| F|  |TAMS 0x000000008d600000, 0x000000008d600000| Untracked 
| 215|0x000000008d700000, 0x000000008d700000, 0x000000008d800000|  0%| F|  |TAMS 0x000000008d700000, 0x000000008d700000| Untracked 
| 216|0x000000008d800000, 0x000000008d800000, 0x000000008d900000|  0%| F|  |TAMS 0x000000008d800000, 0x000000008d800000| Untracked 
| 217|0x000000008d900000, 0x000000008d900000, 0x000000008da00000|  0%| F|  |TAMS 0x000000008d900000, 0x000000008d900000| Untracked 
| 218|0x000000008da00000, 0x000000008da00000, 0x000000008db00000|  0%| F|  |TAMS 0x000000008da00000, 0x000000008da00000| Untracked 
| 219|0x000000008db00000, 0x000000008dc00000, 0x000000008dc00000|100%| E|  |TAMS 0x000000008db00000, 0x000000008db00000| Complete 
| 220|0x000000008dc00000, 0x000000008dd00000, 0x000000008dd00000|100%| E|CS|TAMS 0x000000008dc00000, 0x000000008dc00000| Complete 
| 221|0x000000008dd00000, 0x000000008de00000, 0x000000008de00000|100%| E|CS|TAMS 0x000000008dd00000, 0x000000008dd00000| Complete 
| 222|0x000000008de00000, 0x000000008df00000, 0x000000008df00000|100%| E|CS|TAMS 0x000000008de00000, 0x000000008de00000| Complete 
| 223|0x000000008df00000, 0x000000008e000000, 0x000000008e000000|100%| E|CS|TAMS 0x000000008df00000, 0x000000008df00000| Complete 
| 224|0x000000008e000000, 0x000000008e100000, 0x000000008e100000|100%| E|CS|TAMS 0x000000008e000000, 0x000000008e000000| Complete 
| 225|0x000000008e100000, 0x000000008e200000, 0x000000008e200000|100%| E|CS|TAMS 0x000000008e100000, 0x000000008e100000| Complete 
| 226|0x000000008e200000, 0x000000008e300000, 0x000000008e300000|100%| E|CS|TAMS 0x000000008e200000, 0x000000008e200000| Complete 
| 227|0x000000008e300000, 0x000000008e400000, 0x000000008e400000|100%| E|CS|TAMS 0x000000008e300000, 0x000000008e300000| Complete 
| 228|0x000000008e400000, 0x000000008e500000, 0x000000008e500000|100%| E|CS|TAMS 0x000000008e400000, 0x000000008e400000| Complete 
| 229|0x000000008e500000, 0x000000008e600000, 0x000000008e600000|100%| E|CS|TAMS 0x000000008e500000, 0x000000008e500000| Complete 
| 230|0x000000008e600000, 0x000000008e700000, 0x000000008e700000|100%| E|CS|TAMS 0x000000008e600000, 0x000000008e600000| Complete 
| 231|0x000000008e700000, 0x000000008e800000, 0x000000008e800000|100%| E|CS|TAMS 0x000000008e700000, 0x000000008e700000| Complete 
| 232|0x000000008e800000, 0x000000008e900000, 0x000000008e900000|100%| E|CS|TAMS 0x000000008e800000, 0x000000008e800000| Complete 
| 233|0x000000008e900000, 0x000000008ea00000, 0x000000008ea00000|100%| E|CS|TAMS 0x000000008e900000, 0x000000008e900000| Complete 
| 234|0x000000008ea00000, 0x000000008eb00000, 0x000000008eb00000|100%| E|CS|TAMS 0x000000008ea00000, 0x000000008ea00000| Complete 
| 235|0x000000008eb00000, 0x000000008ec00000, 0x000000008ec00000|100%| E|CS|TAMS 0x000000008eb00000, 0x000000008eb00000| Complete 
| 236|0x000000008ec00000, 0x000000008ed00000, 0x000000008ed00000|100%| E|CS|TAMS 0x000000008ec00000, 0x000000008ec00000| Complete 
| 237|0x000000008ed00000, 0x000000008ee00000, 0x000000008ee00000|100%| E|CS|TAMS 0x000000008ed00000, 0x000000008ed00000| Complete 
| 238|0x000000008ee00000, 0x000000008ef00000, 0x000000008ef00000|100%| E|CS|TAMS 0x000000008ee00000, 0x000000008ee00000| Complete 
| 239|0x000000008ef00000, 0x000000008f000000, 0x000000008f000000|100%| E|CS|TAMS 0x000000008ef00000, 0x000000008ef00000| Complete 
| 240|0x000000008f000000, 0x000000008f100000, 0x000000008f100000|100%| E|CS|TAMS 0x000000008f000000, 0x000000008f000000| Complete 
| 241|0x000000008f100000, 0x000000008f200000, 0x000000008f200000|100%| E|CS|TAMS 0x000000008f100000, 0x000000008f100000| Complete 
| 242|0x000000008f200000, 0x000000008f300000, 0x000000008f300000|100%| E|CS|TAMS 0x000000008f200000, 0x000000008f200000| Complete 
| 243|0x000000008f300000, 0x000000008f400000, 0x000000008f400000|100%| E|CS|TAMS 0x000000008f300000, 0x000000008f300000| Complete 
| 244|0x000000008f400000, 0x000000008f500000, 0x000000008f500000|100%| E|CS|TAMS 0x000000008f400000, 0x000000008f400000| Complete 
| 245|0x000000008f500000, 0x000000008f600000, 0x000000008f600000|100%| E|CS|TAMS 0x000000008f500000, 0x000000008f500000| Complete 
| 246|0x000000008f600000, 0x000000008f700000, 0x000000008f700000|100%| E|CS|TAMS 0x000000008f600000, 0x000000008f600000| Complete 
| 247|0x000000008f700000, 0x000000008f800000, 0x000000008f800000|100%| E|CS|TAMS 0x000000008f700000, 0x000000008f700000| Complete 
| 248|0x000000008f800000, 0x000000008f900000, 0x000000008f900000|100%| E|CS|TAMS 0x000000008f800000, 0x000000008f800000| Complete 
| 249|0x000000008f900000, 0x000000008fa00000, 0x000000008fa00000|100%| E|CS|TAMS 0x000000008f900000, 0x000000008f900000| Complete 
| 250|0x000000008fa00000, 0x000000008fb00000, 0x000000008fb00000|100%| E|CS|TAMS 0x000000008fa00000, 0x000000008fa00000| Complete 
| 251|0x000000008fb00000, 0x000000008fc00000, 0x000000008fc00000|100%| E|CS|TAMS 0x000000008fb00000, 0x000000008fb00000| Complete 
| 252|0x000000008fc00000, 0x000000008fd00000, 0x000000008fd00000|100%| E|CS|TAMS 0x000000008fc00000, 0x000000008fc00000| Complete 
| 253|0x000000008fd00000, 0x000000008fe00000, 0x000000008fe00000|100%| E|CS|TAMS 0x000000008fd00000, 0x000000008fd00000| Complete 
| 254|0x000000008fe00000, 0x000000008ff00000, 0x000000008ff00000|100%| E|CS|TAMS 0x000000008fe00000, 0x000000008fe00000| Complete 
| 255|0x000000008ff00000, 0x0000000090000000, 0x0000000090000000|100%| E|CS|TAMS 0x000000008ff00000, 0x000000008ff00000| Complete 

Card table byte_map: [0x00000198bb5c0000,0x00000198bb9c0000] _byte_map_base: 0x00000198bb1c0000

Marking Bits (Prev, Next): (CMBitMap*) 0x00000198a83dee10, (CMBitMap*) 0x00000198a83dedd8
 Prev Bits: [0x00000198bddc0000, 0x00000198bfdc0000)
 Next Bits: [0x00000198bbdc0000, 0x00000198bddc0000)

Polling page: 0x00000198a6320000

Metaspace:

Usage:
  Non-class:     26.66 MB capacity,    26.15 MB ( 98%) used,   451.19 KB (  2%) free+waste,    64.63 KB ( <1%) overhead. 
      Class:      4.26 MB capacity,     4.04 MB ( 95%) used,   198.40 KB (  5%) free+waste,    32.44 KB ( <1%) overhead. 
       Both:     30.92 MB capacity,    30.19 MB ( 98%) used,   649.59 KB (  2%) free+waste,    97.06 KB ( <1%) overhead. 

Virtual space:
  Non-class space:       28.00 MB reserved,      26.75 MB ( 96%) committed 
      Class space:        1.00 GB reserved,       4.38 MB ( <1%) committed 
             Both:        1.03 GB reserved,      31.13 MB (  3%) committed 

Chunk freelists:
   Non-Class:  32.00 KB
       Class:  0 bytes
        Both:  32.00 KB

MaxMetaspaceSize: 17179869184.00 GB
CompressedClassSpaceSize: 1.00 GB

CodeHeap 'non-profiled nmethods': size=120000Kb used=1381Kb max_used=1381Kb free=118618Kb
 bounds [0x00000198b3960000, 0x00000198b3bd0000, 0x00000198bae90000]
CodeHeap 'profiled nmethods': size=120000Kb used=5509Kb max_used=5509Kb free=114490Kb
 bounds [0x00000198ac430000, 0x00000198ac9a0000, 0x00000198b3960000]
CodeHeap 'non-nmethods': size=5760Kb used=1169Kb max_used=1215Kb free=4590Kb
 bounds [0x00000198abe90000, 0x00000198ac100000, 0x00000198ac430000]
 total_blobs=3114 nmethods=2601 adapters=424
 compilation: enabled
              stopped_count=0, restarted_count=0
 full_count=0

Compilation events (20 events):
Event: 5.180 Thread 0x00000198c30fc000 nmethod 2534 0x00000198ac976e10 code [0x00000198ac977080, 0x00000198ac977b88]
Event: 5.181 Thread 0x00000198c30fc000 2537       3       org.codehaus.groovy.util.LockableObject::<init> (5 bytes)
Event: 5.181 Thread 0x00000198c30fc000 nmethod 2537 0x00000198ac977f90 code [0x00000198ac978160, 0x00000198ac978378]
Event: 5.181 Thread 0x00000198c30fc000 2536       3       java.util.HashMap::keySet (25 bytes)
Event: 5.181 Thread 0x00000198c30fc000 nmethod 2536 0x00000198ac978490 code [0x00000198ac978660, 0x00000198ac978a38]
Event: 5.181 Thread 0x00000198c30fc000 2538       3       org.codehaus.groovy.util.LazyReference::get (44 bytes)
Event: 5.182 Thread 0x00000198c30fc000 nmethod 2538 0x00000198ac978b90 code [0x00000198ac978d80, 0x00000198ac979128]
Event: 5.182 Thread 0x00000198c5c89800 nmethod 2535 0x00000198b3ab6690 code [0x00000198b3ab6820, 0x00000198b3ab6978]
Event: 5.183 Thread 0x00000198c30fc000 2539       3       java.lang.invoke.LambdaForm::editor (5 bytes)
Event: 5.184 Thread 0x00000198c30fc000 nmethod 2539 0x00000198ac979290 code [0x00000198ac979460, 0x00000198ac979788]
Event: 5.184 Thread 0x00000198c30fc000 2540       3       java.lang.invoke.LambdaFormEditor::lambdaFormEditor (12 bytes)
Event: 5.184 Thread 0x00000198c30fc000 nmethod 2540 0x00000198ac979910 code [0x00000198ac979ae0, 0x00000198ac979d68]
Event: 5.184 Thread 0x00000198c30fc000 2541       3       java.lang.invoke.ClassSpecializer$SpeciesData::fieldCount (10 bytes)
Event: 5.184 Thread 0x00000198c30fc000 nmethod 2541 0x00000198ac979e90 code [0x00000198ac97a040, 0x00000198ac97a208]
Event: 5.184 Thread 0x00000198c30fc000 2542   !   3       java.lang.invoke.LambdaForm::compileToBytecode (162 bytes)
Event: 5.185 Thread 0x00000198c6cbf000 2543       4       java.util.concurrent.ConcurrentHashMap::get (162 bytes)
Event: 5.187 Thread 0x00000198c30fc000 nmethod 2542 0x00000198ac97a310 code [0x00000198ac97a6e0, 0x00000198ac97bd58]
Event: 5.187 Thread 0x00000198c30fc000 2544       3       java.lang.invoke.Invokers::checkCustomized (23 bytes)
Event: 5.187 Thread 0x00000198c30fc000 nmethod 2544 0x00000198ac97ca10 code [0x00000198ac97cbe0, 0x00000198ac97cda8]
Event: 5.187 Thread 0x00000198c30fc000 2545       1       org.codehaus.groovy.util.ReferenceManager::getReferenceQueue (5 bytes)

GC Heap History (6 events):
Event: 0.791 GC heap before
{Heap before GC invocations=0 (full 0):
 garbage-first heap   total 262144K, used 29696K [0x0000000080000000, 0x0000000100000000)
  region size 1024K, 24 young (24576K), 0 survivors (0K)
 Metaspace       used 10156K, capacity 10403K, committed 10624K, reserved 1058816K
  class space    used 1060K, capacity 1106K, committed 1152K, reserved 1048576K
}
Event: 0.796 GC heap after
{Heap after GC invocations=1 (full 0):
 garbage-first heap   total 262144K, used 9341K [0x0000000080000000, 0x0000000100000000)
  region size 1024K, 3 young (3072K), 3 survivors (3072K)
 Metaspace       used 10156K, capacity 10403K, committed 10624K, reserved 1058816K
  class space    used 1060K, capacity 1106K, committed 1152K, reserved 1048576K
}
Event: 3.292 GC heap before
{Heap before GC invocations=1 (full 0):
 garbage-first heap   total 262144K, used 105597K [0x0000000080000000, 0x0000000100000000)
  region size 1024K, 98 young (100352K), 3 survivors (3072K)
 Metaspace       used 20587K, capacity 21104K, committed 21248K, reserved 1067008K
  class space    used 2508K, capacity 2690K, committed 2816K, reserved 1048576K
}
Event: 3.302 GC heap after
{Heap after GC invocations=2 (full 0):
 garbage-first heap   total 262144K, used 16497K [0x0000000080000000, 0x0000000100000000)
  region size 1024K, 10 young (10240K), 10 survivors (10240K)
 Metaspace       used 20587K, capacity 21104K, committed 21248K, reserved 1067008K
  class space    used 2508K, capacity 2690K, committed 2816K, reserved 1048576K
}
Event: 4.250 GC heap before
{Heap before GC invocations=3 (full 0):
 garbage-first heap   total 262144K, used 77937K [0x0000000080000000, 0x0000000100000000)
  region size 1024K, 70 young (71680K), 10 survivors (10240K)
 Metaspace       used 26470K, capacity 27141K, committed 27392K, reserved 1073152K
  class space    used 3481K, capacity 3752K, committed 3840K, reserved 1048576K
}
Event: 4.258 GC heap after
{Heap after GC invocations=4 (full 0):
 garbage-first heap   total 262144K, used 19082K [0x0000000080000000, 0x0000000100000000)
  region size 1024K, 3 young (3072K), 3 survivors (3072K)
 Metaspace       used 26470K, capacity 27141K, committed 27392K, reserved 1073152K
  class space    used 3481K, capacity 3752K, committed 3840K, reserved 1048576K
}

Deoptimization events (20 events):
Event: 4.096 Thread 0x00000198c46bf000 Uncommon trap: trap_request=0xffffffde fr.pc=0x00000198b3a50c60 relative=0x0000000000000320
Event: 4.096 Thread 0x00000198c46bf000 Uncommon trap: reason=class_check action=maybe_recompile pc=0x00000198b3a50c60 method=java.util.Collections$SetFromMap.remove(Ljava/lang/Object;)Z @ 5 c2
Event: 4.096 Thread 0x00000198c46bf000 DEOPT PACKING pc=0x00000198b3a50c60 sp=0x000000413fdfc820
Event: 4.096 Thread 0x00000198c46bf000 DEOPT UNPACKING pc=0x00000198abeb78af sp=0x000000413fdfc808 mode 2
Event: 4.096 Thread 0x00000198c46bf000 Uncommon trap: trap_request=0xffffffde fr.pc=0x00000198b3a50c60 relative=0x0000000000000320
Event: 4.096 Thread 0x00000198c46bf000 Uncommon trap: reason=class_check action=maybe_recompile pc=0x00000198b3a50c60 method=java.util.Collections$SetFromMap.remove(Ljava/lang/Object;)Z @ 5 c2
Event: 4.096 Thread 0x00000198c46bf000 DEOPT PACKING pc=0x00000198b3a50c60 sp=0x000000413fdfc7a0
Event: 4.096 Thread 0x00000198c46bf000 DEOPT UNPACKING pc=0x00000198abeb78af sp=0x000000413fdfc788 mode 2
Event: 4.357 Thread 0x00000198c46bf000 Uncommon trap: trap_request=0xffffff4d fr.pc=0x00000198b3a6eccc relative=0x000000000000020c
Event: 4.357 Thread 0x00000198c46bf000 Uncommon trap: reason=unstable_if action=reinterpret pc=0x00000198b3a6eccc method=java.util.HashMap.hash(Ljava/lang/Object;)I @ 1 c2
Event: 4.357 Thread 0x00000198c46bf000 DEOPT PACKING pc=0x00000198b3a6eccc sp=0x000000413fdf95a0
Event: 4.357 Thread 0x00000198c46bf000 DEOPT UNPACKING pc=0x00000198abeb78af sp=0x000000413fdf94d8 mode 2
Event: 4.357 Thread 0x00000198c46bf000 Uncommon trap: trap_request=0xffffff4d fr.pc=0x00000198b39be72c relative=0x000000000000008c
Event: 4.357 Thread 0x00000198c46bf000 Uncommon trap: reason=unstable_if action=reinterpret pc=0x00000198b39be72c method=java.util.HashMap.hash(Ljava/lang/Object;)I @ 1 c2
Event: 4.357 Thread 0x00000198c46bf000 DEOPT PACKING pc=0x00000198b39be72c sp=0x000000413fdf9320
Event: 4.357 Thread 0x00000198c46bf000 DEOPT UNPACKING pc=0x00000198abeb78af sp=0x000000413fdf92b8 mode 2
Event: 5.048 Thread 0x00000198c46bf000 Uncommon trap: trap_request=0xffffff4d fr.pc=0x00000198b3a685b0 relative=0x0000000000000230
Event: 5.048 Thread 0x00000198c46bf000 Uncommon trap: reason=unstable_if action=reinterpret pc=0x00000198b3a685b0 method=java.util.HashMap.putVal(ILjava/lang/Object;Ljava/lang/Object;ZZ)Ljava/lang/Object; @ 162 c2
Event: 5.048 Thread 0x00000198c46bf000 DEOPT PACKING pc=0x00000198b3a685b0 sp=0x000000413fdfafe0
Event: 5.048 Thread 0x00000198c46bf000 DEOPT UNPACKING pc=0x00000198abeb78af sp=0x000000413fdfaef0 mode 2

Classes redefined (0 events):
No events

Internal exceptions (20 events):
Event: 3.328 Thread 0x00000198c46bf000 Exception <a 'java/lang/NoSuchMethodError'{0x000000008fe6fb28}: 'void java.lang.invoke.DirectMethodHandle$Holder.invokeStatic(java.lang.Object, java.lang.Object, java.lang.Object, java.lang.Object, java.lang.Object)'> (0x000000008fe6fb28) thrown at [./src/hotspot/share/interpreter/linkResolver.cpp, line 773]
Event: 3.421 Thread 0x00000198c46bf000 Exception <a 'java/lang/NoSuchMethodError'{0x000000008f90d6d0}: 'void java.lang.invoke.DirectMethodHandle$Holder.invokeSpecial(java.lang.Object, java.lang.Object)'> (0x000000008f90d6d0) thrown at [./src/hotspot/share/interpreter/linkResolver.cpp, line 773]
Event: 3.468 Thread 0x00000198c46bf000 Exception <a 'java/lang/NoSuchMethodError'{0x000000008f747b40}: 'java.lang.Object java.lang.invoke.DirectMethodHandle$Holder.invokeSpecial(java.lang.Object, java.lang.Object, java.lang.Object, java.lang.Object, java.lang.Object, java.lang.Object, java.lang.Object, java.lang.Object, java.lang.Object)'> (0x000000008f747b40) thrown at [./src/hotspot/share/interpreter/linkResolver.cpp, line 773]
Event: 3.602 Thread 0x00000198c46bf000 Exception <a 'java/lang/NoSuchMethodError'{0x000000008eede4b0}: 'java.lang.Object java.lang.invoke.DirectMethodHandle$Holder.invokeVirtual(java.lang.Object, java.lang.Object, java.lang.Object, java.lang.Object)'> (0x000000008eede4b0) thrown at [./src/hotspot/share/interpreter/linkResolver.cpp, line 773]
Event: 3.635 Thread 0x00000198c46bf000 Exception <a 'java/lang/NoSuchMethodError'{0x000000008eba6ec8}: 'java.lang.Object java.lang.invoke.Invokers$Holder.invoker(java.lang.Object, java.lang.Object, java.lang.Object, java.lang.Object, java.lang.Object)'> (0x000000008eba6ec8) thrown at [./src/hotspot/share/interpreter/linkResolver.cpp, line 773]
Event: 3.748 Thread 0x00000198c46bf000 Exception <a 'java/lang/NoSuchMethodError'{0x000000008e61e100}: 'void java.lang.invoke.DirectMethodHandle$Holder.invokeSpecial(java.lang.Object, java.lang.Object, java.lang.Object, java.lang.Object, java.lang.Object, java.lang.Object)'> (0x000000008e61e100) thrown at [./src/hotspot/share/interpreter/linkResolver.cpp, line 773]
Event: 3.761 Thread 0x00000198c46bf000 Exception <a 'java/lang/NoSuchMethodError'{0x000000008e503da0}: 'void java.lang.invoke.DirectMethodHandle$Holder.invokeSpecial(java.lang.Object, java.lang.Object, java.lang.Object, java.lang.Object, java.lang.Object, java.lang.Object, java.lang.Object)'> (0x000000008e503da0) thrown at [./src/hotspot/share/interpreter/linkResolver.cpp, line 773]
Event: 3.762 Thread 0x00000198c46bf000 Exception <a 'java/lang/NoSuchMethodError'{0x000000008e50bfe8}: 'java.lang.Object java.lang.invoke.Invokers$Holder.linkToTargetMethod(java.lang.Object, java.lang.Object, java.lang.Object, java.lang.Object, java.lang.Object, java.lang.Object)'> (0x000000008e50bfe8) thrown at [./src/hotspot/share/interpreter/linkResolver.cpp, line 773]
Event: 3.959 Thread 0x00000198c46bf000 Exception <a 'java/lang/NoSuchMethodError'{0x000000008d845d78}: 'void java.lang.invoke.DirectMethodHandle$Holder.invokeStaticInit(java.lang.Object, java.lang.Object)'> (0x000000008d845d78) thrown at [./src/hotspot/share/interpreter/linkResolver.cpp, line 773]
Event: 4.084 Thread 0x00000198c46bf000 Exception <a 'java/lang/NoSuchMethodError'{0x000000008d2ce498}: 'void java.lang.invoke.DirectMethodHandle$Holder.invokeStatic(java.lang.Object, java.lang.Object, java.lang.Object, java.lang.Object)'> (0x000000008d2ce498) thrown at [./src/hotspot/share/interpreter/linkResolver.cpp, line 773]
Event: 4.088 Thread 0x00000198c46bf000 Exception <a 'java/lang/NoSuchMethodError'{0x000000008d2e1ef8}: 'int java.lang.invoke.DirectMethodHandle$Holder.invokeInterface(java.lang.Object, java.lang.Object)'> (0x000000008d2e1ef8) thrown at [./src/hotspot/share/interpreter/linkResolver.cpp, line 773]
Event: 4.226 Thread 0x00000198c46bf000 Exception <a 'java/lang/NoSuchMethodError'{0x000000008c61e588}: 'java.lang.Object java.lang.invoke.DirectMethodHandle$Holder.invokeSpecialIFC(java.lang.Object, java.lang.Object, java.lang.Object, java.lang.Object)'> (0x000000008c61e588) thrown at [./src/hotspot/share/interpreter/linkResolver.cpp, line 773]
Event: 4.233 Thread 0x00000198c46bf000 Exception <a 'java/lang/NoSuchMethodError'{0x000000008c502c40}: 'java.lang.Object java.lang.invoke.DirectMethodHandle$Holder.invokeSpecial(java.lang.Object, java.lang.Object, java.lang.Object, java.lang.Object, java.lang.Object, java.lang.Object, java.lang.Object, java.lang.Object, java.lang.Object, java.lang.Object, java.lang.Object, java.lang.Object, java.lang.Object)'> (0x000000008c502c40) thrown at [./src/hotspot/share/interpreter/linkResolver.cpp, line 773]
Event: 4.234 Thread 0x00000198c46bf000 Exception <a 'java/lang/NoSuchMethodError'{0x000000008c513ec8}: 'java.lang.Object java.lang.invoke.DirectMethodHandle$Holder.invokeSpecial(java.lang.Object, java.lang.Object, java.lang.Object, java.lang.Object, java.lang.Object, java.lang.Object, java.lang.Object, java.lang.Object, java.lang.Object, java.lang.Object, java.lang.Object, java.lang.Object)'> (0x000000008c513ec8) thrown at [./src/hotspot/share/interpreter/linkResolver.cpp, line 773]
Event: 4.235 Thread 0x00000198c46bf000 Exception <a 'java/lang/NoSuchMethodError'{0x000000008c518ff0}: 'java.lang.Object java.lang.invoke.Invokers$Holder.linkToTargetMethod(java.lang.Object, java.lang.Object, java.lang.Object, java.lang.Object, java.lang.Object, java.lang.Object, java.lang.Object, java.lang.Object, java.lang.Object, java.lang.Object, java.lang.Object)'> (0x000000008c518ff0) thrown at [./src/hotspot/share/interpreter/linkResolver.cpp, line 773]
Event: 4.245 Thread 0x00000198c46bf000 Exception <a 'java/lang/NoSuchMethodError'{0x000000008c463f48}: 'java.lang.Object java.lang.invoke.DirectMethodHandle$Holder.invokeSpecial(java.lang.Object, java.lang.Object, java.lang.Object, java.lang.Object, java.lang.Object, java.lang.Object, java.lang.Object, java.lang.Object, java.lang.Object, java.lang.Object, java.lang.Object, java.lang.Object, java.lang.Object, java.lang.Object)'> (0x000000008c463f48) thrown at [./src/hotspot/share/interpreter/linkResolver.cpp, line 773]
Event: 4.246 Thread 0x00000198c46bf000 Exception <a 'java/lang/NoSuchMethodError'{0x000000008c4757a8}: 'java.lang.Object java.lang.invoke.Invokers$Holder.linkToTargetMethod(java.lang.Object, java.lang.Object, java.lang.Object, java.lang.Object, java.lang.Object, java.lang.Object, java.lang.Object, java.lang.Object, java.lang.Object, java.lang.Object, java.lang.Object, java.lang.Object)'> (0x000000008c4757a8) thrown at [./src/hotspot/share/interpreter/linkResolver.cpp, line 773]
Event: 4.259 Thread 0x00000198c46bf000 Exception <a 'java/lang/NoSuchMethodError'{0x000000008ff0a450}: 'java.lang.Object java.lang.invoke.DirectMethodHandle$Holder.invokeStaticInit(java.lang.Object, java.lang.Object, java.lang.Object, java.lang.Object)'> (0x000000008ff0a450) thrown at [./src/hotspot/share/interpreter/linkResolver.cpp, line 773]
Event: 4.357 Thread 0x00000198c46bf000 Implicit null exception at 0x00000198b3a6eaf5 to 0x00000198b3a6ecbc
Event: 4.357 Thread 0x00000198c46bf000 Implicit null exception at 0x00000198b39be6af to 0x00000198b39be71d

Events (20 events):
Event: 5.174 loading class org/codehaus/groovy/transform/trait/Traits$Implemented
Event: 5.174 loading class org/codehaus/groovy/transform/trait/Traits$Implemented done
Event: 5.175 loading class java/util/stream/IntStream
Event: 5.175 loading class java/util/stream/IntStream done
Event: 5.176 Executing VM operation: RevokeBias
Event: 5.176 Executing VM operation: RevokeBias done
Event: 5.177 loading class org/codehaus/groovy/reflection/CachedClass
Event: 5.177 loading class org/codehaus/groovy/reflection/CachedClass done
Event: 5.177 loading class org/codehaus/groovy/reflection/CachedClass
Event: 5.177 loading class org/codehaus/groovy/reflection/CachedClass done
Event: 5.182 loading class java/lang/invoke/MethodHandleImpl$BindCaller
Event: 5.183 loading class java/lang/invoke/MethodHandleImpl$BindCaller done
Event: 5.183 loading class java/lang/invoke/MethodHandleImpl$BindCaller$1
Event: 5.183 loading class java/lang/invoke/MethodHandleImpl$BindCaller$1 done
Event: 5.187 loading class org/codehaus/groovy/reflection/CachedMethod
Event: 5.187 loading class org/codehaus/groovy/reflection/CachedMethod done
Event: 5.187 loading class org/codehaus/groovy/reflection/CachedMethod
Event: 5.187 loading class org/codehaus/groovy/reflection/CachedMethod done
Event: 5.187 loading class org/codehaus/groovy/reflection/CachedClass$3
Event: 5.187 loading class org/codehaus/groovy/reflection/CachedClass$3 done


Dynamic libraries:
0x00007ff62b3e0000 - 0x00007ff62b3ea000 	C:\Program Files\Android\Android Studio\jre\bin\java.exe
0x00007ffc90310000 - 0x00007ffc90505000 	C:\Windows\SYSTEM32\ntdll.dll
0x00007ffc8ee10000 - 0x00007ffc8eece000 	C:\Windows\System32\KERNEL32.DLL
0x00007ffc8dee0000 - 0x00007ffc8e1a8000 	C:\Windows\System32\KERNELBASE.dll
0x00007ffc8ddb0000 - 0x00007ffc8deb0000 	C:\Windows\System32\ucrtbase.dll
0x00007ffc36b10000 - 0x00007ffc36b29000 	C:\Program Files\Android\Android Studio\jre\bin\jli.dll
0x00007ffc36850000 - 0x00007ffc36867000 	C:\Program Files\Android\Android Studio\jre\bin\VCRUNTIME140.dll
0x00007ffc8eed0000 - 0x00007ffc8f071000 	C:\Windows\System32\USER32.dll
0x00007ffc7b430000 - 0x00007ffc7b6ca000 	C:\Windows\WinSxS\amd64_microsoft.windows.common-controls_6595b64144ccf1df_6.0.19041.1110_none_60b5254171f9507e\COMCTL32.dll
0x00007ffc8deb0000 - 0x00007ffc8ded2000 	C:\Windows\System32\win32u.dll
0x00007ffc8f990000 - 0x00007ffc8fa2e000 	C:\Windows\System32\msvcrt.dll
0x00007ffc8e540000 - 0x00007ffc8e56b000 	C:\Windows\System32\GDI32.dll
0x00007ffc8dc40000 - 0x00007ffc8dd4b000 	C:\Windows\System32\gdi32full.dll
0x00007ffc8e290000 - 0x00007ffc8e32d000 	C:\Windows\System32\msvcp_win.dll
0x00007ffc8fbf0000 - 0x00007ffc8fc20000 	C:\Windows\System32\IMM32.DLL
0x00007ffc32020000 - 0x00007ffc320bd000 	C:\Program Files\Android\Android Studio\jre\bin\msvcp140.dll
0x00007ffbfb6c0000 - 0x00007ffbfc18f000 	C:\Program Files\Android\Android Studio\jre\bin\server\jvm.dll
0x00007ffc90160000 - 0x00007ffc9020c000 	C:\Windows\System32\ADVAPI32.dll
0x00007ffc8e4a0000 - 0x00007ffc8e53b000 	C:\Windows\System32\sechost.dll
0x00007ffc8e8a0000 - 0x00007ffc8e9ca000 	C:\Windows\System32\RPCRT4.dll
0x00007ffc8f240000 - 0x00007ffc8f248000 	C:\Windows\System32\PSAPI.DLL
0x00007ffc6ced0000 - 0x00007ffc6ced9000 	C:\Windows\SYSTEM32\WSOCK32.dll
0x00007ffc81780000 - 0x00007ffc817a7000 	C:\Windows\SYSTEM32\WINMM.dll
0x00007ffc8e430000 - 0x00007ffc8e49b000 	C:\Windows\System32\WS2_32.dll
0x00007ffc84e20000 - 0x00007ffc84e2a000 	C:\Windows\SYSTEM32\VERSION.dll
0x00007ffc8b930000 - 0x00007ffc8b942000 	C:\Windows\SYSTEM32\kernel.appcore.dll
0x00007ffc6a750000 - 0x00007ffc6a761000 	C:\Program Files\Android\Android Studio\jre\bin\verify.dll
0x00007ffc79520000 - 0x00007ffc79704000 	C:\Windows\SYSTEM32\DBGHELP.DLL
0x00007ffc78450000 - 0x00007ffc7847c000 	C:\Windows\SYSTEM32\dbgcore.DLL
0x00007ffc8e1b0000 - 0x00007ffc8e233000 	C:\Windows\System32\bcryptPrimitives.dll
0x00007ffc62310000 - 0x00007ffc62339000 	C:\Program Files\Android\Android Studio\jre\bin\java.dll
0x00007ffc6a600000 - 0x00007ffc6a60b000 	C:\Program Files\Android\Android Studio\jre\bin\jimage.dll
0x00007ffc63710000 - 0x00007ffc63728000 	C:\Program Files\Android\Android Studio\jre\bin\zip.dll
0x00007ffc8f250000 - 0x00007ffc8f98f000 	C:\Windows\System32\SHELL32.dll
0x00007ffc8bb30000 - 0x00007ffc8c2c0000 	C:\Windows\SYSTEM32\windows.storage.dll
0x00007ffc8eab0000 - 0x00007ffc8ee05000 	C:\Windows\System32\combase.dll
0x00007ffc8d480000 - 0x00007ffc8d4ae000 	C:\Windows\SYSTEM32\Wldp.dll
0x00007ffc8fb40000 - 0x00007ffc8fbed000 	C:\Windows\System32\SHCORE.dll
0x00007ffc8fc80000 - 0x00007ffc8fcd5000 	C:\Windows\System32\shlwapi.dll
0x00007ffc8d970000 - 0x00007ffc8d98f000 	C:\Windows\SYSTEM32\profapi.dll
0x00007ffc622c0000 - 0x00007ffc622da000 	C:\Program Files\Android\Android Studio\jre\bin\net.dll
0x00007ffc7ad60000 - 0x00007ffc7ae6c000 	C:\Windows\SYSTEM32\WINHTTP.dll
0x00007ffc8d1e0000 - 0x00007ffc8d24a000 	C:\Windows\system32\mswsock.dll
0x00007ffc61e30000 - 0x00007ffc61e44000 	C:\Program Files\Android\Android Studio\jre\bin\nio.dll
0x00007ffc62050000 - 0x00007ffc62077000 	C:\Users\82109\.gradle\native\8bec1ad78214c89d9ad589b4d07fe93259594b29d510b10fafb7a158f7737e5d\windows-amd64\native-platform.dll
0x00007ffc61f10000 - 0x00007ffc6204d000 	C:\Users\82109\.gradle\native\53dbd7edfb1c66fb8903c78663c9afc45aea4f116125fa6feffd364cf09443e8\windows-amd64\native-platform-file-events.dll
0x00007ffc6a5f0000 - 0x00007ffc6a5fa000 	C:\Program Files\Android\Android Studio\jre\bin\management.dll
0x00007ffc665a0000 - 0x00007ffc665ac000 	C:\Program Files\Android\Android Studio\jre\bin\management_ext.dll
0x00007ffc8d3e0000 - 0x00007ffc8d3f8000 	C:\Windows\SYSTEM32\CRYPTSP.dll
0x00007ffc8caf0000 - 0x00007ffc8cb24000 	C:\Windows\system32\rsaenh.dll
0x00007ffc8e330000 - 0x00007ffc8e357000 	C:\Windows\System32\bcrypt.dll
0x00007ffc8d930000 - 0x00007ffc8d95e000 	C:\Windows\SYSTEM32\USERENV.dll
0x00007ffc8d3d0000 - 0x00007ffc8d3dc000 	C:\Windows\SYSTEM32\CRYPTBASE.dll
0x00007ffc8ce80000 - 0x00007ffc8cebb000 	C:\Windows\SYSTEM32\IPHLPAPI.DLL
0x00007ffc8f0e0000 - 0x00007ffc8f0e8000 	C:\Windows\System32\NSI.dll
0x00007ffc84d30000 - 0x00007ffc84d47000 	C:\Windows\SYSTEM32\dhcpcsvc6.DLL
0x00007ffc84a40000 - 0x00007ffc84a5d000 	C:\Windows\SYSTEM32\dhcpcsvc.DLL
0x00007ffc8ced0000 - 0x00007ffc8cf9b000 	C:\Windows\SYSTEM32\DNSAPI.dll

dbghelp: loaded successfully - version: 4.0.5 - missing functions: none
symbol engine: initialized successfully - sym options: 0x614 - pdb path: .;C:\Program Files\Android\Android Studio\jre\bin;C:\Windows\SYSTEM32;C:\Windows\WinSxS\amd64_microsoft.windows.common-controls_6595b64144ccf1df_6.0.19041.1110_none_60b5254171f9507e;C:\Program Files\Android\Android Studio\jre\bin\server;C:\Users\82109\.gradle\native\8bec1ad78214c89d9ad589b4d07fe93259594b29d510b10fafb7a158f7737e5d\windows-amd64;C:\Users\82109\.gradle\native\53dbd7edfb1c66fb8903c78663c9afc45aea4f116125fa6feffd364cf09443e8\windows-amd64

VM Arguments:
jvm_args: --add-opens=java.base/java.util=ALL-UNNAMED --add-opens=java.base/java.lang=ALL-UNNAMED --add-opens=java.base/java.lang.invoke=ALL-UNNAMED --add-opens=java.base/java.util=ALL-UNNAMED --add-opens=java.prefs/java.util.prefs=ALL-UNNAMED --add-opens=java.prefs/java.util.prefs=ALL-UNNAMED --add-opens=java.base/java.nio.charset=ALL-UNNAMED --add-opens=java.base/java.net=ALL-UNNAMED --add-opens=java.base/java.util.concurrent.atomic=ALL-UNNAMED -Xmx2048m -Dfile.encoding=UTF-8 -Duser.country=KR -Duser.language=ko -Duser.variant 
java_command: org.gradle.launcher.daemon.bootstrap.GradleDaemon 7.0.2
java_class_path (initial): C:\Users\82109\.gradle\wrapper\dists\gradle-7.0.2-bin\857tjihv64xamwrf0h14cai3r\gradle-7.0.2\lib\gradle-launcher-7.0.2.jar
Launcher Type: SUN_STANDARD

[Global flags]
     intx CICompilerCount                          = 4                                         {product} {ergonomic}
     uint ConcGCThreads                            = 2                                         {product} {ergonomic}
     uint G1ConcRefinementThreads                  = 8                                         {product} {ergonomic}
   size_t G1HeapRegionSize                         = 1048576                                   {product} {ergonomic}
    uintx GCDrainStackTargetSize                   = 64                                        {product} {ergonomic}
   size_t InitialHeapSize                          = 268435456                                 {product} {ergonomic}
   size_t MarkStackSize                            = 4194304                                   {product} {ergonomic}
   size_t MaxHeapSize                              = 2147483648                                {product} {command line}
   size_t MaxNewSize                               = 1287651328                                {product} {ergonomic}
   size_t MinHeapDeltaBytes                        = 1048576                                   {product} {ergonomic}
    uintx NonNMethodCodeHeapSize                   = 5836300                                {pd product} {ergonomic}
    uintx NonProfiledCodeHeapSize                  = 122910970                              {pd product} {ergonomic}
    uintx ProfiledCodeHeapSize                     = 122910970                              {pd product} {ergonomic}
    uintx ReservedCodeCacheSize                    = 251658240                              {pd product} {ergonomic}
     bool SegmentedCodeCache                       = true                                      {product} {ergonomic}
     bool UseCompressedClassPointers               = true                                 {lp64_product} {ergonomic}
     bool UseCompressedOops                        = true                                 {lp64_product} {ergonomic}
     bool UseG1GC                                  = true                                      {product} {ergonomic}
     bool UseLargePagesIndividualAllocation        = false                                  {pd product} {ergonomic}

Logging:
Log output configuration:
 #0: stdout all=warning uptime,level,tags
 #1: stderr all=off uptime,level,tags

Environment Variables:
PATH=C:\Program Files\NVIDIA GPU Computing Toolkit\CUDA\v8.0\bin;C:\Program Files\NVIDIA GPU Computing Toolkit\CUDA\v8.0\libnvvp;C:\ProgramData\Anaconda3;C:\ProgramData\Anaconda3\Library\mingw-w64\bin;C:\ProgramData\Anaconda3\Library\usr\bin;C:\ProgramData\Anaconda3\Library\bin;C:\ProgramData\Anaconda3\Scripts;C:\Program Files (x86)\Common Files\Oracle\Java\javapath;C:\Windows\system32;C:\Windows;C:\Windows\System32\Wbem;C:\Windows\System32\WindowsPowerShell\v1.0\;C:\Windows\System32\OpenSSH\;C:\Program Files (x86)\NVIDIA Corporation\PhysX\Common;C:\Program Files\MATLAB\R2021a\bin;C:\Program Files (x86)\Microsoft SQL Server\150\DTS\Binn\;C:\Program Files\Azure Data Studio\bin;C:\Program Files\Microsoft SQL Server\Client SDK\ODBC\170\Tools\Binn\;C:\Program Files (x86)\Microsoft SQL Server\150\Tools\Binn\;C:\Program Files\Microsoft SQL Server\150\Tools\Binn\;C:\Program Files\Microsoft SQL Server\150\DTS\Binn\;C:\Program Files\Git\cmd;C:\Users\82109\AppData\Local\Programs\Python\Python38\Scripts\;C:\Users\82109\AppData\Local\Programs\Python\Python38\;C:\Users\82109\AppData\Local\Microsoft\WindowsApps;C:\Program Files\Azure Data Studio\bin
USERNAME=82109
OS=Windows_NT
PROCESSOR_IDENTIFIER=Intel64 Family 6 Model 94 Stepping 3, GenuineIntel



---------------  S Y S T E M  ---------------

OS: Windows 10 , 64 bit Build 19041 (10.0.19041.1348)
OS uptime: 0 days 8:47 hours

CPU:total 8 (initial active 8) (4 cores per cpu, 2 threads per core) family 6 model 94 stepping 3 microcode 0xcc, cmov, cx8, fxsr, mmx, sse, sse2, sse3, ssse3, sse4.1, sse4.2, popcnt, avx, avx2, aes, clmul, erms, rtm, 3dnowpref, lzcnt, ht, tsc, tscinvbit, bmi1, bmi2, adx, fma

Memory: 4k page, system-wide physical 16269M (759M free)
TotalPageFile size 16269M (AvailPageFile size 14M)
current process WorkingSet (physical memory assigned to process): 274M, peak: 281M
current process commit charge ("private bytes"): 446M, peak: 456M

vm_info: OpenJDK 64-Bit Server VM (11.0.10+0-b96-7249189) for windows-amd64 JRE (11.0.10+0-b96-7249189), built on Mar 31 2021 21:44:00 by "builder" with MS VC++ 14.0 (VS2015)

END.
