#
# There is insufficient memory for the Java Runtime Environment to continue.
# Native memory allocation (malloc) failed to allocate 2013936 bytes for Chunk::new
# Possible reasons:
#   The system is out of physical RAM or swap space
#   The process is running with CompressedOops enabled, and the Java Heap may be blocking the growth of the native heap
# Possible solutions:
#   Reduce memory load on the system
#   Increase physical memory or swap space
#   Check if swap backing store is full
#   Decrease Java heap size (-Xmx/-Xms)
#   Decrease number of Java threads
#   Decrease Java thread stack sizes (-Xss)
#   Set larger code cache with -XX:ReservedCodeCacheSize=
#   JVM is running with Unscaled Compressed Oops mode in which the Java heap is
#     placed in the first 4GB address space. The Java Heap base address is the
#     maximum limit for the native heap growth. Please use -XX:HeapBaseMinAddress
#     to set the Java Heap base and to place the Java Heap above 4GB virtual address.
# This output file may be truncated or incomplete.
#
#  Out of Memory Error (./src/hotspot/share/memory/arena.cpp:197), pid=14724, tid=1084
#
# JRE version: OpenJDK Runtime Environment (11.0.10) (build 11.0.10+0-b96-7249189)
# Java VM: OpenJDK 64-Bit Server VM (11.0.10+0-b96-7249189, mixed mode, tiered, compressed oops, g1 gc, windows-amd64)
# No core dump will be written. Minidumps are not enabled by default on client versions of Windows
#

---------------  S U M M A R Y ------------

Command Line: --add-opens=java.base/java.util=ALL-UNNAMED --add-opens=java.base/java.lang=ALL-UNNAMED --add-opens=java.base/java.lang.invoke=ALL-UNNAMED --add-opens=java.base/java.util=ALL-UNNAMED --add-opens=java.prefs/java.util.prefs=ALL-UNNAMED --add-opens=java.prefs/java.util.prefs=ALL-UNNAMED --add-opens=java.base/java.nio.charset=ALL-UNNAMED --add-opens=java.base/java.net=ALL-UNNAMED --add-opens=java.base/java.util.concurrent.atomic=ALL-UNNAMED -Xmx2048m -Dfile.encoding=UTF-8 -Duser.country=KR -Duser.language=ko -Duser.variant org.gradle.launcher.daemon.bootstrap.GradleDaemon 7.0.2

Host: Intel(R) Core(TM) i7-6700HQ CPU @ 2.60GHz, 8 cores, 15G,  Windows 10 , 64 bit Build 19041 (10.0.19041.1348)
Time: Sat Nov 20 19:08:32 2021 대한민국 표준시 elapsed time: 9.498470 seconds (0d 0h 0m 9s)

---------------  T H R E A D  ---------------

Current thread (0x0000015bc7a95000):  JavaThread "C2 CompilerThread2" daemon [_thread_in_native, id=1084, stack(0x0000001602100000,0x0000001602200000)]


Current CompileTask:
C2:   9498 6092   !   4       java.lang.reflect.Executable::sharedToGenericString (321 bytes)

Stack: [0x0000001602100000,0x0000001602200000]
Native frames: (J=compiled Java code, j=interpreted, Vv=VM code, C=native code)
V  [jvm.dll+0x5ecfaa]
V  [jvm.dll+0x722bd5]
V  [jvm.dll+0x72412d]
V  [jvm.dll+0x7247e3]
V  [jvm.dll+0x242928]
V  [jvm.dll+0xbc4fc]
V  [jvm.dll+0xbca0c]
V  [jvm.dll+0x352d3b]
V  [jvm.dll+0x320ad3]
V  [jvm.dll+0x31ffca]
V  [jvm.dll+0x1fb602]
V  [jvm.dll+0x1fa7f4]
V  [jvm.dll+0x18354c]
V  [jvm.dll+0x208ee7]
V  [jvm.dll+0x207731]
V  [jvm.dll+0x6eb1cf]
V  [jvm.dll+0x6e3d45]
V  [jvm.dll+0x5ebe96]
C  [ucrtbase.dll+0x21bb2]
C  [KERNEL32.DLL+0x17034]
C  [ntdll.dll+0x52651]


---------------  P R O C E S S  ---------------

Threads class SMR info:
_java_thread_list=0x0000015bcbe169c0, length=52, elements={
0x0000015bab523000, 0x0000015bc6226800, 0x0000015bc6227800, 0x0000015bc629f000,
0x0000015bc62a1000, 0x0000015bc62a2000, 0x0000015bc62a7000, 0x0000015bc62b3800,
0x0000015bc62c7000, 0x0000015bc6419800, 0x0000015bc8b97000, 0x0000015bc65eb800,
0x0000015bc81c5000, 0x0000015bc8b21000, 0x0000015bc79ff800, 0x0000015bc6dbe000,
0x0000015bc84a0000, 0x0000015bc9264800, 0x0000015bc6a23800, 0x0000015bc8502800,
0x0000015bc8509000, 0x0000015bc8507000, 0x0000015bc8506800, 0x0000015bc77e1800,
0x0000015bc8508000, 0x0000015bc8503000, 0x0000015bc8504000, 0x0000015bc8504800,
0x0000015bc8505800, 0x0000015bc7a95000, 0x0000015bcbaed000, 0x0000015bcbae8000,
0x0000015bcbae9000, 0x0000015bcbaeb800, 0x0000015bcbaec000, 0x0000015bcbaef800,
0x0000015bcbae9800, 0x0000015bcbaf6000, 0x0000015bcbaf4800, 0x0000015bcbaf1000,
0x0000015bcbaf0000, 0x0000015bcbaf2000, 0x0000015bcbaf2800, 0x0000015bcbaf3800,
0x0000015bcbaf5000, 0x0000015bc847f800, 0x0000015bc847e000, 0x0000015bc8480800,
0x0000015bc8481000, 0x0000015bc8482000, 0x0000015bc847c000, 0x0000015bc8483000
}

Java Threads: ( => current thread )
  0x0000015bab523000 JavaThread "main" [_thread_blocked, id=2508, stack(0x000000167f500000,0x000000167f600000)]
  0x0000015bc6226800 JavaThread "Reference Handler" daemon [_thread_blocked, id=9152, stack(0x000000167fc00000,0x000000167fd00000)]
  0x0000015bc6227800 JavaThread "Finalizer" daemon [_thread_blocked, id=16912, stack(0x000000167fd00000,0x000000167fe00000)]
  0x0000015bc629f000 JavaThread "Signal Dispatcher" daemon [_thread_blocked, id=9712, stack(0x000000167fe00000,0x000000167ff00000)]
  0x0000015bc62a1000 JavaThread "Attach Listener" daemon [_thread_blocked, id=17028, stack(0x000000167ff00000,0x0000001680000000)]
  0x0000015bc62a2000 JavaThread "Service Thread" daemon [_thread_blocked, id=588, stack(0x0000001600000000,0x0000001600100000)]
  0x0000015bc62a7000 JavaThread "C2 CompilerThread0" daemon [_thread_in_native, id=3008, stack(0x0000001600100000,0x0000001600200000)]
  0x0000015bc62b3800 JavaThread "C1 CompilerThread0" daemon [_thread_blocked, id=9512, stack(0x0000001600200000,0x0000001600300000)]
  0x0000015bc62c7000 JavaThread "Sweeper thread" daemon [_thread_blocked, id=16392, stack(0x0000001600300000,0x0000001600400000)]
  0x0000015bc6419800 JavaThread "Common-Cleaner" daemon [_thread_blocked, id=11928, stack(0x0000001600400000,0x0000001600500000)]
  0x0000015bc8b97000 JavaThread "Daemon health stats" [_thread_blocked, id=17260, stack(0x0000001600d00000,0x0000001600e00000)]
  0x0000015bc65eb800 JavaThread "Incoming local TCP Connector on port 61316" [_thread_in_native, id=10116, stack(0x0000001600600000,0x0000001600700000)]
  0x0000015bc81c5000 JavaThread "Daemon periodic checks" [_thread_blocked, id=9748, stack(0x0000001600700000,0x0000001600800000)]
  0x0000015bc8b21000 JavaThread "Daemon" [_thread_blocked, id=16148, stack(0x0000001600e00000,0x0000001600f00000)]
  0x0000015bc79ff800 JavaThread "Handler for socket connection from /127.0.0.1:61316 to /127.0.0.1:61317" [_thread_in_native, id=1328, stack(0x0000001600f00000,0x0000001601000000)]
  0x0000015bc6dbe000 JavaThread "Cancel handler" [_thread_blocked, id=17136, stack(0x0000001601000000,0x0000001601100000)]
  0x0000015bc84a0000 JavaThread "Daemon worker" [_thread_in_vm, id=13008, stack(0x0000001601100000,0x0000001601200000)]
  0x0000015bc9264800 JavaThread "Asynchronous log dispatcher for DefaultDaemonConnection: socket connection from /127.0.0.1:61316 to /127.0.0.1:61317" [_thread_blocked, id=6988, stack(0x0000001601400000,0x0000001601500000)]
  0x0000015bc6a23800 JavaThread "Stdin handler" [_thread_blocked, id=2888, stack(0x0000001601500000,0x0000001601600000)]
  0x0000015bc8502800 JavaThread "Daemon client event forwarder" [_thread_blocked, id=5724, stack(0x0000001601600000,0x0000001601700000)]
  0x0000015bc8509000 JavaThread "Cache worker for file hash cache (C:\Users\82109\.gradle\caches\7.0.2\fileHashes)" [_thread_blocked, id=12376, stack(0x0000001601700000,0x0000001601800000)]
  0x0000015bc8507000 JavaThread "File lock request listener" [_thread_in_native, id=8280, stack(0x0000001601800000,0x0000001601900000)]
  0x0000015bc8506800 JavaThread "Cache worker for journal cache (C:\Users\82109\.gradle\caches\journal-1)" [_thread_blocked, id=17416, stack(0x0000001601a00000,0x0000001601b00000)]
  0x0000015bc77e1800 JavaThread "C2 CompilerThread1" daemon [_thread_in_native, id=13444, stack(0x0000001601b00000,0x0000001601c00000)]
  0x0000015bc8508000 JavaThread "Cache worker for file hash cache (C:\Users\82109\AndroidStudioProjects\Diary3\.gradle\7.0.2\fileHashes)" [_thread_blocked, id=14952, stack(0x0000001601c00000,0x0000001601d00000)]
  0x0000015bc8503000 JavaThread "File watcher server" daemon [_thread_in_native, id=2424, stack(0x0000001601d00000,0x0000001601e00000)]
  0x0000015bc8504000 JavaThread "File watcher consumer" daemon [_thread_blocked, id=11920, stack(0x0000001601e00000,0x0000001601f00000)]
  0x0000015bc8504800 JavaThread "Cache worker for checksums cache (C:\Users\82109\AndroidStudioProjects\Diary3\.gradle\checksums)" [_thread_blocked, id=4512, stack(0x0000001601f00000,0x0000001602000000)]
  0x0000015bc8505800 JavaThread "Cache worker for cache directory md-supplier (C:\Users\82109\.gradle\caches\7.0.2\md-supplier)" [_thread_blocked, id=8048, stack(0x0000001602000000,0x0000001602100000)]
=>0x0000015bc7a95000 JavaThread "C2 CompilerThread2" daemon [_thread_in_native, id=1084, stack(0x0000001602100000,0x0000001602200000)]
  0x0000015bcbaed000 JavaThread "Cache worker for cache directory md-rule (C:\Users\82109\.gradle\caches\7.0.2\md-rule)" [_thread_blocked, id=16056, stack(0x0000001602200000,0x0000001602300000)]
  0x0000015bcbae8000 JavaThread "Cache worker for execution history cache (C:\Users\82109\.gradle\caches\7.0.2\executionHistory)" [_thread_blocked, id=17496, stack(0x0000001602300000,0x0000001602400000)]
  0x0000015bcbae9000 JavaThread "jar transforms" [_thread_blocked, id=17304, stack(0x0000001602400000,0x0000001602500000)]
  0x0000015bcbaeb800 JavaThread "jar transforms Thread 2" [_thread_blocked, id=3644, stack(0x0000001602500000,0x0000001602600000)]
  0x0000015bcbaec000 JavaThread "Cache worker for file content cache (C:\Users\82109\.gradle\caches\7.0.2\fileContent)" [_thread_blocked, id=17852, stack(0x0000001602600000,0x0000001602700000)]
  0x0000015bcbaef800 JavaThread "Cache worker for dependencies-accessors (C:\Users\82109\AndroidStudioProjects\Diary3\.gradle\7.0.2\dependencies-accessors)" [_thread_blocked, id=14424, stack(0x0000001602700000,0x0000001602800000)]
  0x0000015bcbae9800 JavaThread "jar transforms Thread 3" [_thread_blocked, id=11020, stack(0x0000001602800000,0x0000001602900000)]
  0x0000015bcbaf6000 JavaThread "Cache worker for Build Output Cleanup Cache (C:\Users\82109\AndroidStudioProjects\Diary3\.gradle\buildOutputCleanup)" [_thread_blocked, id=8388, stack(0x0000001602900000,0x0000001602a00000)]
  0x0000015bcbaf4800 JavaThread "Build operations" [_thread_blocked, id=16872, stack(0x0000001602a00000,0x0000001602b00000)]
  0x0000015bcbaf1000 JavaThread "Build operations Thread 2" [_thread_blocked, id=12964, stack(0x0000001602b00000,0x0000001602c00000)]
  0x0000015bcbaf0000 JavaThread "Build operations Thread 3" [_thread_blocked, id=17432, stack(0x0000001602c00000,0x0000001602d00000)]
  0x0000015bcbaf2000 JavaThread "Build operations Thread 4" [_thread_blocked, id=5144, stack(0x0000001602d00000,0x0000001602e00000)]
  0x0000015bcbaf2800 JavaThread "Build operations Thread 5" [_thread_blocked, id=12592, stack(0x0000001602e00000,0x0000001602f00000)]
  0x0000015bcbaf3800 JavaThread "Build operations Thread 6" [_thread_blocked, id=3500, stack(0x0000001602f00000,0x0000001603000000)]
  0x0000015bcbaf5000 JavaThread "Build operations Thread 7" [_thread_blocked, id=12920, stack(0x0000001603000000,0x0000001603100000)]
  0x0000015bc847f800 JavaThread "Build operations Thread 8" [_thread_blocked, id=16836, stack(0x0000001603100000,0x0000001603200000)]
  0x0000015bc847e000 JavaThread "jar transforms Thread 4" [_thread_blocked, id=17712, stack(0x0000001603200000,0x0000001603300000)]
  0x0000015bc8480800 JavaThread "jar transforms Thread 5" [_thread_blocked, id=17996, stack(0x0000001603300000,0x0000001603400000)]
  0x0000015bc8481000 JavaThread "jar transforms Thread 6" [_thread_blocked, id=17692, stack(0x0000001603400000,0x0000001603500000)]
  0x0000015bc8482000 JavaThread "jar transforms Thread 7" [_thread_blocked, id=6196, stack(0x0000001603500000,0x0000001603600000)]
  0x0000015bc847c000 JavaThread "jar transforms Thread 8" [_thread_blocked, id=17888, stack(0x0000001603600000,0x0000001603700000)]
  0x0000015bc8483000 JavaThread "Memory manager" [_thread_blocked, id=14028, stack(0x0000001603700000,0x0000001603800000)]

Other Threads:
  0x0000015bc6222800 VMThread "VM Thread" [stack: 0x000000167fb00000,0x000000167fc00000] [id=16996]
  0x0000015bc6424000 WatcherThread [stack: 0x0000001600500000,0x0000001600600000] [id=2776]
  0x0000015bab538000 GCTaskThread "GC Thread#0" [stack: 0x000000167f600000,0x000000167f700000] [id=12240]
  0x0000015bc70b2800 GCTaskThread "GC Thread#1" [stack: 0x0000001600800000,0x0000001600900000] [id=10968]
  0x0000015bc70af000 GCTaskThread "GC Thread#2" [stack: 0x0000001600900000,0x0000001600a00000] [id=9196]
  0x0000015bc70ad800 GCTaskThread "GC Thread#3" [stack: 0x0000001600a00000,0x0000001600b00000] [id=17248]
  0x0000015bc70b1800 GCTaskThread "GC Thread#4" [stack: 0x0000001600b00000,0x0000001600c00000] [id=12812]
  0x0000015bc70ac800 GCTaskThread "GC Thread#5" [stack: 0x0000001600c00000,0x0000001600d00000] [id=16792]
  0x0000015bc70b3000 GCTaskThread "GC Thread#6" [stack: 0x0000001601200000,0x0000001601300000] [id=5572]
  0x0000015bc70b1000 GCTaskThread "GC Thread#7" [stack: 0x0000001601300000,0x0000001601400000] [id=11212]
  0x0000015bab56a000 ConcurrentGCThread "G1 Main Marker" [stack: 0x000000167f700000,0x000000167f800000] [id=3068]
  0x0000015bab56b800 ConcurrentGCThread "G1 Conc#0" [stack: 0x000000167f800000,0x000000167f900000] [id=10820]
  0x0000015bc70b4000 ConcurrentGCThread "G1 Conc#1" [stack: 0x0000001601900000,0x0000001601a00000] [id=16344]
  0x0000015bab5fe800 ConcurrentGCThread "G1 Refine#0" [stack: 0x000000167f900000,0x000000167fa00000] [id=5016]
  0x0000015bc9622800 ConcurrentGCThread "G1 Refine#1" [stack: 0x0000001603800000,0x0000001603900000] [id=14268]
  0x0000015bc5873800 ConcurrentGCThread "G1 Young RemSet Sampling" [stack: 0x000000167fa00000,0x000000167fb00000] [id=13728]

Threads with active compile tasks:
C2 CompilerThread0   9533 6106       4       groovy.lang.MetaClassImpl$1MOPIter::methodNameAction (325 bytes)
C2 CompilerThread1   9533 6088       4       java.beans.MethodRef::set (58 bytes)
C2 CompilerThread2   9533 6092   !   4       java.lang.reflect.Executable::sharedToGenericString (321 bytes)

VM state:not at safepoint (normal execution)

VM Mutex/Monitor currently owned by a thread: None

Heap address: 0x0000000080000000, size: 2048 MB, Compressed Oops mode: 32-bit
Narrow klass base: 0x0000000000000000, Narrow klass shift: 3
Compressed class space size: 1073741824 Address: 0x0000000100000000

Heap:
 garbage-first heap   total 262144K, used 126309K [0x0000000080000000, 0x0000000100000000)
  region size 1024K, 101 young (103424K), 20 survivors (20480K)
 Metaspace       used 63747K, capacity 65418K, committed 65612K, reserved 1105920K
  class space    used 8077K, capacity 8687K, committed 8780K, reserved 1048576K
Heap Regions: E=young(eden), S=young(survivor), O=old, HS=humongous(starts), HC=humongous(continues), CS=collection set, F=free, A=archive, TAMS=top-at-mark-start (previous, next)
|   0|0x0000000080000000, 0x0000000080100000, 0x0000000080100000|100%| O|  |TAMS 0x0000000080100000, 0x0000000080000000| Untracked 
|   1|0x0000000080100000, 0x0000000080200000, 0x0000000080200000|100%| O|  |TAMS 0x0000000080200000, 0x0000000080100000| Untracked 
|   2|0x0000000080200000, 0x0000000080300000, 0x0000000080300000|100%| O|  |TAMS 0x0000000080300000, 0x0000000080200000| Untracked 
|   3|0x0000000080300000, 0x0000000080400000, 0x0000000080400000|100%|HS|  |TAMS 0x0000000080400000, 0x0000000080300000| Complete 
|   4|0x0000000080400000, 0x0000000080500000, 0x0000000080500000|100%|HC|  |TAMS 0x0000000080500000, 0x0000000080400000| Complete 
|   5|0x0000000080500000, 0x0000000080600000, 0x0000000080600000|100%|HC|  |TAMS 0x0000000080600000, 0x0000000080500000| Complete 
|   6|0x0000000080600000, 0x0000000080700000, 0x0000000080700000|100%| O|  |TAMS 0x0000000080700000, 0x0000000080600000| Untracked 
|   7|0x0000000080700000, 0x0000000080800000, 0x0000000080800000|100%| O|  |TAMS 0x0000000080800000, 0x0000000080700000| Untracked 
|   8|0x0000000080800000, 0x0000000080900000, 0x0000000080900000|100%| O|  |TAMS 0x0000000080900000, 0x0000000080800000| Untracked 
|   9|0x0000000080900000, 0x0000000080a00000, 0x0000000080a00000|100%| O|  |TAMS 0x0000000080a00000, 0x0000000080900000| Untracked 
|  10|0x0000000080a00000, 0x0000000080b00000, 0x0000000080b00000|100%| O|  |TAMS 0x0000000080b00000, 0x0000000080a00000| Untracked 
|  11|0x0000000080b00000, 0x0000000080c00000, 0x0000000080c00000|100%| O|  |TAMS 0x0000000080c00000, 0x0000000080b00000| Untracked 
|  12|0x0000000080c00000, 0x0000000080d00000, 0x0000000080d00000|100%| O|  |TAMS 0x0000000080d00000, 0x0000000080c00000| Untracked 
|  13|0x0000000080d00000, 0x0000000080e00000, 0x0000000080e00000|100%| O|  |TAMS 0x0000000080e00000, 0x0000000080d00000| Untracked 
|  14|0x0000000080e00000, 0x0000000080f00000, 0x0000000080f00000|100%| O|  |TAMS 0x0000000080f00000, 0x0000000080e00000| Untracked 
|  15|0x0000000080f00000, 0x0000000081000000, 0x0000000081000000|100%| O|  |TAMS 0x0000000081000000, 0x0000000080f00000| Untracked 
|  16|0x0000000081000000, 0x0000000081100000, 0x0000000081100000|100%|HS|  |TAMS 0x0000000081100000, 0x0000000081000000| Complete 
|  17|0x0000000081100000, 0x0000000081200000, 0x0000000081200000|100%|HS|  |TAMS 0x0000000081200000, 0x0000000081100000| Complete 
|  18|0x0000000081200000, 0x0000000081300000, 0x0000000081300000|100%|HC|  |TAMS 0x0000000081300000, 0x0000000081200000| Complete 
|  19|0x0000000081300000, 0x0000000081400000, 0x0000000081400000|100%| O|  |TAMS 0x0000000081400000, 0x0000000081300000| Untracked 
|  20|0x0000000081400000, 0x0000000081500000, 0x0000000081500000|100%| O|  |TAMS 0x0000000081500000, 0x0000000081400000| Untracked 
|  21|0x0000000081500000, 0x0000000081600000, 0x0000000081600000|100%| O|  |TAMS 0x0000000081600000, 0x0000000081500000| Untracked 
|  22|0x0000000081600000, 0x0000000081700000, 0x0000000081700000|100%| O|  |TAMS 0x0000000081700000, 0x0000000081600000| Untracked 
|  23|0x0000000081700000, 0x0000000081759400, 0x0000000081800000| 34%| O|  |TAMS 0x0000000081759400, 0x0000000081700000| Untracked 
|  24|0x0000000081800000, 0x0000000081900000, 0x0000000081900000|100%|HS|  |TAMS 0x0000000081800000, 0x0000000081800000| Complete 
|  25|0x0000000081900000, 0x0000000081900000, 0x0000000081a00000|  0%| F|  |TAMS 0x0000000081900000, 0x0000000081900000| Untracked 
|  26|0x0000000081a00000, 0x0000000081a00000, 0x0000000081b00000|  0%| F|  |TAMS 0x0000000081a00000, 0x0000000081a00000| Untracked 
|  27|0x0000000081b00000, 0x0000000081b00000, 0x0000000081c00000|  0%| F|  |TAMS 0x0000000081b00000, 0x0000000081b00000| Untracked 
|  28|0x0000000081c00000, 0x0000000081c00000, 0x0000000081d00000|  0%| F|  |TAMS 0x0000000081c00000, 0x0000000081c00000| Untracked 
|  29|0x0000000081d00000, 0x0000000081d00000, 0x0000000081e00000|  0%| F|  |TAMS 0x0000000081d00000, 0x0000000081d00000| Untracked 
|  30|0x0000000081e00000, 0x0000000081e00000, 0x0000000081f00000|  0%| F|  |TAMS 0x0000000081e00000, 0x0000000081e00000| Untracked 
|  31|0x0000000081f00000, 0x0000000081f00000, 0x0000000082000000|  0%| F|  |TAMS 0x0000000081f00000, 0x0000000081f00000| Untracked 
|  32|0x0000000082000000, 0x0000000082000000, 0x0000000082100000|  0%| F|  |TAMS 0x0000000082000000, 0x0000000082000000| Untracked 
|  33|0x0000000082100000, 0x0000000082100000, 0x0000000082200000|  0%| F|  |TAMS 0x0000000082100000, 0x0000000082100000| Untracked 
|  34|0x0000000082200000, 0x0000000082200000, 0x0000000082300000|  0%| F|  |TAMS 0x0000000082200000, 0x0000000082200000| Untracked 
|  35|0x0000000082300000, 0x0000000082300000, 0x0000000082400000|  0%| F|  |TAMS 0x0000000082300000, 0x0000000082300000| Untracked 
|  36|0x0000000082400000, 0x0000000082400000, 0x0000000082500000|  0%| F|  |TAMS 0x0000000082400000, 0x0000000082400000| Untracked 
|  37|0x0000000082500000, 0x0000000082500000, 0x0000000082600000|  0%| F|  |TAMS 0x0000000082500000, 0x0000000082500000| Untracked 
|  38|0x0000000082600000, 0x0000000082600000, 0x0000000082700000|  0%| F|  |TAMS 0x0000000082600000, 0x0000000082600000| Untracked 
|  39|0x0000000082700000, 0x0000000082700000, 0x0000000082800000|  0%| F|  |TAMS 0x0000000082700000, 0x0000000082700000| Untracked 
|  40|0x0000000082800000, 0x0000000082800000, 0x0000000082900000|  0%| F|  |TAMS 0x0000000082800000, 0x0000000082800000| Untracked 
|  41|0x0000000082900000, 0x0000000082900000, 0x0000000082a00000|  0%| F|  |TAMS 0x0000000082900000, 0x0000000082900000| Untracked 
|  42|0x0000000082a00000, 0x0000000082a00000, 0x0000000082b00000|  0%| F|  |TAMS 0x0000000082a00000, 0x0000000082a00000| Untracked 
|  43|0x0000000082b00000, 0x0000000082b00000, 0x0000000082c00000|  0%| F|  |TAMS 0x0000000082b00000, 0x0000000082b00000| Untracked 
|  44|0x0000000082c00000, 0x0000000082c00000, 0x0000000082d00000|  0%| F|  |TAMS 0x0000000082c00000, 0x0000000082c00000| Untracked 
|  45|0x0000000082d00000, 0x0000000082d00000, 0x0000000082e00000|  0%| F|  |TAMS 0x0000000082d00000, 0x0000000082d00000| Untracked 
|  46|0x0000000082e00000, 0x0000000082e00000, 0x0000000082f00000|  0%| F|  |TAMS 0x0000000082e00000, 0x0000000082e00000| Untracked 
|  47|0x0000000082f00000, 0x0000000082f00000, 0x0000000083000000|  0%| F|  |TAMS 0x0000000082f00000, 0x0000000082f00000| Untracked 
|  48|0x0000000083000000, 0x0000000083000000, 0x0000000083100000|  0%| F|  |TAMS 0x0000000083000000, 0x0000000083000000| Untracked 
|  49|0x0000000083100000, 0x0000000083100000, 0x0000000083200000|  0%| F|  |TAMS 0x0000000083100000, 0x0000000083100000| Untracked 
|  50|0x0000000083200000, 0x0000000083200000, 0x0000000083300000|  0%| F|  |TAMS 0x0000000083200000, 0x0000000083200000| Untracked 
|  51|0x0000000083300000, 0x0000000083300000, 0x0000000083400000|  0%| F|  |TAMS 0x0000000083300000, 0x0000000083300000| Untracked 
|  52|0x0000000083400000, 0x0000000083400000, 0x0000000083500000|  0%| F|  |TAMS 0x0000000083400000, 0x0000000083400000| Untracked 
|  53|0x0000000083500000, 0x0000000083500000, 0x0000000083600000|  0%| F|  |TAMS 0x0000000083500000, 0x0000000083500000| Untracked 
|  54|0x0000000083600000, 0x0000000083600000, 0x0000000083700000|  0%| F|  |TAMS 0x0000000083600000, 0x0000000083600000| Untracked 
|  55|0x0000000083700000, 0x0000000083700000, 0x0000000083800000|  0%| F|  |TAMS 0x0000000083700000, 0x0000000083700000| Untracked 
|  56|0x0000000083800000, 0x0000000083800000, 0x0000000083900000|  0%| F|  |TAMS 0x0000000083800000, 0x0000000083800000| Untracked 
|  57|0x0000000083900000, 0x0000000083900000, 0x0000000083a00000|  0%| F|  |TAMS 0x0000000083900000, 0x0000000083900000| Untracked 
|  58|0x0000000083a00000, 0x0000000083a00000, 0x0000000083b00000|  0%| F|  |TAMS 0x0000000083a00000, 0x0000000083a00000| Untracked 
|  59|0x0000000083b00000, 0x0000000083b00000, 0x0000000083c00000|  0%| F|  |TAMS 0x0000000083b00000, 0x0000000083b00000| Untracked 
|  60|0x0000000083c00000, 0x0000000083c00000, 0x0000000083d00000|  0%| F|  |TAMS 0x0000000083c00000, 0x0000000083c00000| Untracked 
|  61|0x0000000083d00000, 0x0000000083d00000, 0x0000000083e00000|  0%| F|  |TAMS 0x0000000083d00000, 0x0000000083d00000| Untracked 
|  62|0x0000000083e00000, 0x0000000083e00000, 0x0000000083f00000|  0%| F|  |TAMS 0x0000000083e00000, 0x0000000083e00000| Untracked 
|  63|0x0000000083f00000, 0x0000000083f00000, 0x0000000084000000|  0%| F|  |TAMS 0x0000000083f00000, 0x0000000083f00000| Untracked 
|  64|0x0000000084000000, 0x0000000084000000, 0x0000000084100000|  0%| F|  |TAMS 0x0000000084000000, 0x0000000084000000| Untracked 
|  65|0x0000000084100000, 0x0000000084100000, 0x0000000084200000|  0%| F|  |TAMS 0x0000000084100000, 0x0000000084100000| Untracked 
|  66|0x0000000084200000, 0x0000000084200000, 0x0000000084300000|  0%| F|  |TAMS 0x0000000084200000, 0x0000000084200000| Untracked 
|  67|0x0000000084300000, 0x0000000084300000, 0x0000000084400000|  0%| F|  |TAMS 0x0000000084300000, 0x0000000084300000| Untracked 
|  68|0x0000000084400000, 0x0000000084400000, 0x0000000084500000|  0%| F|  |TAMS 0x0000000084400000, 0x0000000084400000| Untracked 
|  69|0x0000000084500000, 0x0000000084500000, 0x0000000084600000|  0%| F|  |TAMS 0x0000000084500000, 0x0000000084500000| Untracked 
|  70|0x0000000084600000, 0x0000000084600000, 0x0000000084700000|  0%| F|  |TAMS 0x0000000084600000, 0x0000000084600000| Untracked 
|  71|0x0000000084700000, 0x0000000084700000, 0x0000000084800000|  0%| F|  |TAMS 0x0000000084700000, 0x0000000084700000| Untracked 
|  72|0x0000000084800000, 0x0000000084800000, 0x0000000084900000|  0%| F|  |TAMS 0x0000000084800000, 0x0000000084800000| Untracked 
|  73|0x0000000084900000, 0x0000000084900000, 0x0000000084a00000|  0%| F|  |TAMS 0x0000000084900000, 0x0000000084900000| Untracked 
|  74|0x0000000084a00000, 0x0000000084a00000, 0x0000000084b00000|  0%| F|  |TAMS 0x0000000084a00000, 0x0000000084a00000| Untracked 
|  75|0x0000000084b00000, 0x0000000084b00000, 0x0000000084c00000|  0%| F|  |TAMS 0x0000000084b00000, 0x0000000084b00000| Untracked 
|  76|0x0000000084c00000, 0x0000000084c00000, 0x0000000084d00000|  0%| F|  |TAMS 0x0000000084c00000, 0x0000000084c00000| Untracked 
|  77|0x0000000084d00000, 0x0000000084d00000, 0x0000000084e00000|  0%| F|  |TAMS 0x0000000084d00000, 0x0000000084d00000| Untracked 
|  78|0x0000000084e00000, 0x0000000084e00000, 0x0000000084f00000|  0%| F|  |TAMS 0x0000000084e00000, 0x0000000084e00000| Untracked 
|  79|0x0000000084f00000, 0x0000000084f00000, 0x0000000085000000|  0%| F|  |TAMS 0x0000000084f00000, 0x0000000084f00000| Untracked 
|  80|0x0000000085000000, 0x0000000085000000, 0x0000000085100000|  0%| F|  |TAMS 0x0000000085000000, 0x0000000085000000| Untracked 
|  81|0x0000000085100000, 0x0000000085100000, 0x0000000085200000|  0%| F|  |TAMS 0x0000000085100000, 0x0000000085100000| Untracked 
|  82|0x0000000085200000, 0x0000000085200000, 0x0000000085300000|  0%| F|  |TAMS 0x0000000085200000, 0x0000000085200000| Untracked 
|  83|0x0000000085300000, 0x0000000085300000, 0x0000000085400000|  0%| F|  |TAMS 0x0000000085300000, 0x0000000085300000| Untracked 
|  84|0x0000000085400000, 0x0000000085400000, 0x0000000085500000|  0%| F|  |TAMS 0x0000000085400000, 0x0000000085400000| Untracked 
|  85|0x0000000085500000, 0x0000000085500000, 0x0000000085600000|  0%| F|  |TAMS 0x0000000085500000, 0x0000000085500000| Untracked 
|  86|0x0000000085600000, 0x0000000085600000, 0x0000000085700000|  0%| F|  |TAMS 0x0000000085600000, 0x0000000085600000| Untracked 
|  87|0x0000000085700000, 0x0000000085700000, 0x0000000085800000|  0%| F|  |TAMS 0x0000000085700000, 0x0000000085700000| Untracked 
|  88|0x0000000085800000, 0x0000000085800000, 0x0000000085900000|  0%| F|  |TAMS 0x0000000085800000, 0x0000000085800000| Untracked 
|  89|0x0000000085900000, 0x0000000085900000, 0x0000000085a00000|  0%| F|  |TAMS 0x0000000085900000, 0x0000000085900000| Untracked 
|  90|0x0000000085a00000, 0x0000000085a00000, 0x0000000085b00000|  0%| F|  |TAMS 0x0000000085a00000, 0x0000000085a00000| Untracked 
|  91|0x0000000085b00000, 0x0000000085b00000, 0x0000000085c00000|  0%| F|  |TAMS 0x0000000085b00000, 0x0000000085b00000| Untracked 
|  92|0x0000000085c00000, 0x0000000085c00000, 0x0000000085d00000|  0%| F|  |TAMS 0x0000000085c00000, 0x0000000085c00000| Untracked 
|  93|0x0000000085d00000, 0x0000000085d00000, 0x0000000085e00000|  0%| F|  |TAMS 0x0000000085d00000, 0x0000000085d00000| Untracked 
|  94|0x0000000085e00000, 0x0000000085e00000, 0x0000000085f00000|  0%| F|  |TAMS 0x0000000085e00000, 0x0000000085e00000| Untracked 
|  95|0x0000000085f00000, 0x0000000085f00000, 0x0000000086000000|  0%| F|  |TAMS 0x0000000085f00000, 0x0000000085f00000| Untracked 
|  96|0x0000000086000000, 0x0000000086000000, 0x0000000086100000|  0%| F|  |TAMS 0x0000000086000000, 0x0000000086000000| Untracked 
|  97|0x0000000086100000, 0x0000000086200000, 0x0000000086200000|100%| S|CS|TAMS 0x0000000086100000, 0x0000000086100000| Complete 
|  98|0x0000000086200000, 0x0000000086300000, 0x0000000086300000|100%| S|CS|TAMS 0x0000000086200000, 0x0000000086200000| Complete 
|  99|0x0000000086300000, 0x0000000086400000, 0x0000000086400000|100%| S|CS|TAMS 0x0000000086300000, 0x0000000086300000| Complete 
| 100|0x0000000086400000, 0x0000000086500000, 0x0000000086500000|100%| S|CS|TAMS 0x0000000086400000, 0x0000000086400000| Complete 
| 101|0x0000000086500000, 0x0000000086600000, 0x0000000086600000|100%| S|CS|TAMS 0x0000000086500000, 0x0000000086500000| Complete 
| 102|0x0000000086600000, 0x0000000086700000, 0x0000000086700000|100%| S|CS|TAMS 0x0000000086600000, 0x0000000086600000| Complete 
| 103|0x0000000086700000, 0x0000000086800000, 0x0000000086800000|100%| S|CS|TAMS 0x0000000086700000, 0x0000000086700000| Complete 
| 104|0x0000000086800000, 0x0000000086900000, 0x0000000086900000|100%| S|CS|TAMS 0x0000000086800000, 0x0000000086800000| Complete 
| 105|0x0000000086900000, 0x0000000086a00000, 0x0000000086a00000|100%| S|CS|TAMS 0x0000000086900000, 0x0000000086900000| Complete 
| 106|0x0000000086a00000, 0x0000000086b00000, 0x0000000086b00000|100%| S|CS|TAMS 0x0000000086a00000, 0x0000000086a00000| Complete 
| 107|0x0000000086b00000, 0x0000000086c00000, 0x0000000086c00000|100%| S|CS|TAMS 0x0000000086b00000, 0x0000000086b00000| Complete 
| 108|0x0000000086c00000, 0x0000000086d00000, 0x0000000086d00000|100%| S|CS|TAMS 0x0000000086c00000, 0x0000000086c00000| Complete 
| 109|0x0000000086d00000, 0x0000000086e00000, 0x0000000086e00000|100%| S|CS|TAMS 0x0000000086d00000, 0x0000000086d00000| Complete 
| 110|0x0000000086e00000, 0x0000000086f00000, 0x0000000086f00000|100%| S|CS|TAMS 0x0000000086e00000, 0x0000000086e00000| Complete 
| 111|0x0000000086f00000, 0x0000000087000000, 0x0000000087000000|100%| S|CS|TAMS 0x0000000086f00000, 0x0000000086f00000| Complete 
| 112|0x0000000087000000, 0x0000000087100000, 0x0000000087100000|100%| S|CS|TAMS 0x0000000087000000, 0x0000000087000000| Complete 
| 113|0x0000000087100000, 0x0000000087100000, 0x0000000087200000|  0%| F|  |TAMS 0x0000000087100000, 0x0000000087100000| Untracked 
| 114|0x0000000087200000, 0x0000000087200000, 0x0000000087300000|  0%| F|  |TAMS 0x0000000087200000, 0x0000000087200000| Untracked 
| 115|0x0000000087300000, 0x0000000087300000, 0x0000000087400000|  0%| F|  |TAMS 0x0000000087300000, 0x0000000087300000| Untracked 
| 116|0x0000000087400000, 0x0000000087400000, 0x0000000087500000|  0%| F|  |TAMS 0x0000000087400000, 0x0000000087400000| Untracked 
| 117|0x0000000087500000, 0x0000000087500000, 0x0000000087600000|  0%| F|  |TAMS 0x0000000087500000, 0x0000000087500000| Untracked 
| 118|0x0000000087600000, 0x0000000087600000, 0x0000000087700000|  0%| F|  |TAMS 0x0000000087600000, 0x0000000087600000| Untracked 
| 119|0x0000000087700000, 0x0000000087700000, 0x0000000087800000|  0%| F|  |TAMS 0x0000000087700000, 0x0000000087700000| Untracked 
| 120|0x0000000087800000, 0x0000000087800000, 0x0000000087900000|  0%| F|  |TAMS 0x0000000087800000, 0x0000000087800000| Untracked 
| 121|0x0000000087900000, 0x0000000087900000, 0x0000000087a00000|  0%| F|  |TAMS 0x0000000087900000, 0x0000000087900000| Untracked 
| 122|0x0000000087a00000, 0x0000000087a00000, 0x0000000087b00000|  0%| F|  |TAMS 0x0000000087a00000, 0x0000000087a00000| Untracked 
| 123|0x0000000087b00000, 0x0000000087b00000, 0x0000000087c00000|  0%| F|  |TAMS 0x0000000087b00000, 0x0000000087b00000| Untracked 
| 124|0x0000000087c00000, 0x0000000087c00000, 0x0000000087d00000|  0%| F|  |TAMS 0x0000000087c00000, 0x0000000087c00000| Untracked 
| 125|0x0000000087d00000, 0x0000000087d00000, 0x0000000087e00000|  0%| F|  |TAMS 0x0000000087d00000, 0x0000000087d00000| Untracked 
| 126|0x0000000087e00000, 0x0000000087e00000, 0x0000000087f00000|  0%| F|  |TAMS 0x0000000087e00000, 0x0000000087e00000| Untracked 
| 127|0x0000000087f00000, 0x0000000088000000, 0x0000000088000000|100%| S|CS|TAMS 0x0000000087f00000, 0x0000000087f00000| Complete 
| 128|0x0000000088000000, 0x0000000088100000, 0x0000000088100000|100%| S|CS|TAMS 0x0000000088000000, 0x0000000088000000| Complete 
| 129|0x0000000088100000, 0x0000000088200000, 0x0000000088200000|100%| S|CS|TAMS 0x0000000088100000, 0x0000000088100000| Complete 
| 130|0x0000000088200000, 0x0000000088300000, 0x0000000088300000|100%| S|CS|TAMS 0x0000000088200000, 0x0000000088200000| Complete 
| 131|0x0000000088300000, 0x0000000088300000, 0x0000000088400000|  0%| F|  |TAMS 0x0000000088300000, 0x0000000088300000| Untracked 
| 132|0x0000000088400000, 0x0000000088400000, 0x0000000088500000|  0%| F|  |TAMS 0x0000000088400000, 0x0000000088400000| Untracked 
| 133|0x0000000088500000, 0x0000000088500000, 0x0000000088600000|  0%| F|  |TAMS 0x0000000088500000, 0x0000000088500000| Untracked 
| 134|0x0000000088600000, 0x0000000088600000, 0x0000000088700000|  0%| F|  |TAMS 0x0000000088600000, 0x0000000088600000| Untracked 
| 135|0x0000000088700000, 0x0000000088700000, 0x0000000088800000|  0%| F|  |TAMS 0x0000000088700000, 0x0000000088700000| Untracked 
| 136|0x0000000088800000, 0x0000000088800000, 0x0000000088900000|  0%| F|  |TAMS 0x0000000088800000, 0x0000000088800000| Untracked 
| 137|0x0000000088900000, 0x0000000088900000, 0x0000000088a00000|  0%| F|  |TAMS 0x0000000088900000, 0x0000000088900000| Untracked 
| 138|0x0000000088a00000, 0x0000000088a00000, 0x0000000088b00000|  0%| F|  |TAMS 0x0000000088a00000, 0x0000000088a00000| Untracked 
| 139|0x0000000088b00000, 0x0000000088b00000, 0x0000000088c00000|  0%| F|  |TAMS 0x0000000088b00000, 0x0000000088b00000| Untracked 
| 140|0x0000000088c00000, 0x0000000088c00000, 0x0000000088d00000|  0%| F|  |TAMS 0x0000000088c00000, 0x0000000088c00000| Untracked 
| 141|0x0000000088d00000, 0x0000000088d00000, 0x0000000088e00000|  0%| F|  |TAMS 0x0000000088d00000, 0x0000000088d00000| Untracked 
| 142|0x0000000088e00000, 0x0000000088e00000, 0x0000000088f00000|  0%| F|  |TAMS 0x0000000088e00000, 0x0000000088e00000| Untracked 
| 143|0x0000000088f00000, 0x0000000088f00000, 0x0000000089000000|  0%| F|  |TAMS 0x0000000088f00000, 0x0000000088f00000| Untracked 
| 144|0x0000000089000000, 0x0000000089000000, 0x0000000089100000|  0%| F|  |TAMS 0x0000000089000000, 0x0000000089000000| Untracked 
| 145|0x0000000089100000, 0x0000000089100000, 0x0000000089200000|  0%| F|  |TAMS 0x0000000089100000, 0x0000000089100000| Untracked 
| 146|0x0000000089200000, 0x0000000089200000, 0x0000000089300000|  0%| F|  |TAMS 0x0000000089200000, 0x0000000089200000| Untracked 
| 147|0x0000000089300000, 0x0000000089300000, 0x0000000089400000|  0%| F|  |TAMS 0x0000000089300000, 0x0000000089300000| Untracked 
| 148|0x0000000089400000, 0x0000000089400000, 0x0000000089500000|  0%| F|  |TAMS 0x0000000089400000, 0x0000000089400000| Untracked 
| 149|0x0000000089500000, 0x0000000089500000, 0x0000000089600000|  0%| F|  |TAMS 0x0000000089500000, 0x0000000089500000| Untracked 
| 150|0x0000000089600000, 0x0000000089600000, 0x0000000089700000|  0%| F|  |TAMS 0x0000000089600000, 0x0000000089600000| Untracked 
| 151|0x0000000089700000, 0x0000000089700000, 0x0000000089800000|  0%| F|  |TAMS 0x0000000089700000, 0x0000000089700000| Untracked 
| 152|0x0000000089800000, 0x0000000089800000, 0x0000000089900000|  0%| F|  |TAMS 0x0000000089800000, 0x0000000089800000| Untracked 
| 153|0x0000000089900000, 0x0000000089900000, 0x0000000089a00000|  0%| F|  |TAMS 0x0000000089900000, 0x0000000089900000| Untracked 
| 154|0x0000000089a00000, 0x0000000089a00000, 0x0000000089b00000|  0%| F|  |TAMS 0x0000000089a00000, 0x0000000089a00000| Untracked 
| 155|0x0000000089b00000, 0x0000000089b00000, 0x0000000089c00000|  0%| F|  |TAMS 0x0000000089b00000, 0x0000000089b00000| Untracked 
| 156|0x0000000089c00000, 0x0000000089c00000, 0x0000000089d00000|  0%| F|  |TAMS 0x0000000089c00000, 0x0000000089c00000| Untracked 
| 157|0x0000000089d00000, 0x0000000089d00000, 0x0000000089e00000|  0%| F|  |TAMS 0x0000000089d00000, 0x0000000089d00000| Untracked 
| 158|0x0000000089e00000, 0x0000000089e00000, 0x0000000089f00000|  0%| F|  |TAMS 0x0000000089e00000, 0x0000000089e00000| Untracked 
| 159|0x0000000089f00000, 0x0000000089f00000, 0x000000008a000000|  0%| F|  |TAMS 0x0000000089f00000, 0x0000000089f00000| Untracked 
| 160|0x000000008a000000, 0x000000008a000000, 0x000000008a100000|  0%| F|  |TAMS 0x000000008a000000, 0x000000008a000000| Untracked 
| 161|0x000000008a100000, 0x000000008a100000, 0x000000008a200000|  0%| F|  |TAMS 0x000000008a100000, 0x000000008a100000| Untracked 
| 162|0x000000008a200000, 0x000000008a200000, 0x000000008a300000|  0%| F|  |TAMS 0x000000008a200000, 0x000000008a200000| Untracked 
| 163|0x000000008a300000, 0x000000008a300000, 0x000000008a400000|  0%| F|  |TAMS 0x000000008a300000, 0x000000008a300000| Untracked 
| 164|0x000000008a400000, 0x000000008a400000, 0x000000008a500000|  0%| F|  |TAMS 0x000000008a400000, 0x000000008a400000| Untracked 
| 165|0x000000008a500000, 0x000000008a500000, 0x000000008a600000|  0%| F|  |TAMS 0x000000008a500000, 0x000000008a500000| Untracked 
| 166|0x000000008a600000, 0x000000008a600000, 0x000000008a700000|  0%| F|  |TAMS 0x000000008a600000, 0x000000008a600000| Untracked 
| 167|0x000000008a700000, 0x000000008a700000, 0x000000008a800000|  0%| F|  |TAMS 0x000000008a700000, 0x000000008a700000| Untracked 
| 168|0x000000008a800000, 0x000000008a800000, 0x000000008a900000|  0%| F|  |TAMS 0x000000008a800000, 0x000000008a800000| Untracked 
| 169|0x000000008a900000, 0x000000008a900000, 0x000000008aa00000|  0%| F|  |TAMS 0x000000008a900000, 0x000000008a900000| Untracked 
| 170|0x000000008aa00000, 0x000000008aa00000, 0x000000008ab00000|  0%| F|  |TAMS 0x000000008aa00000, 0x000000008aa00000| Untracked 
| 171|0x000000008ab00000, 0x000000008ab00000, 0x000000008ac00000|  0%| F|  |TAMS 0x000000008ab00000, 0x000000008ab00000| Untracked 
| 172|0x000000008ac00000, 0x000000008ac00000, 0x000000008ad00000|  0%| F|  |TAMS 0x000000008ac00000, 0x000000008ac00000| Untracked 
| 173|0x000000008ad00000, 0x000000008ad00000, 0x000000008ae00000|  0%| F|  |TAMS 0x000000008ad00000, 0x000000008ad00000| Untracked 
| 174|0x000000008ae00000, 0x000000008ae80800, 0x000000008af00000| 50%| E|  |TAMS 0x000000008ae00000, 0x000000008ae00000| Complete 
| 175|0x000000008af00000, 0x000000008b000000, 0x000000008b000000|100%| E|CS|TAMS 0x000000008af00000, 0x000000008af00000| Complete 
| 176|0x000000008b000000, 0x000000008b100000, 0x000000008b100000|100%| E|CS|TAMS 0x000000008b000000, 0x000000008b000000| Complete 
| 177|0x000000008b100000, 0x000000008b200000, 0x000000008b200000|100%| E|CS|TAMS 0x000000008b100000, 0x000000008b100000| Complete 
| 178|0x000000008b200000, 0x000000008b300000, 0x000000008b300000|100%| E|CS|TAMS 0x000000008b200000, 0x000000008b200000| Complete 
| 179|0x000000008b300000, 0x000000008b400000, 0x000000008b400000|100%| E|CS|TAMS 0x000000008b300000, 0x000000008b300000| Complete 
| 180|0x000000008b400000, 0x000000008b500000, 0x000000008b500000|100%| E|CS|TAMS 0x000000008b400000, 0x000000008b400000| Complete 
| 181|0x000000008b500000, 0x000000008b600000, 0x000000008b600000|100%| E|CS|TAMS 0x000000008b500000, 0x000000008b500000| Complete 
| 182|0x000000008b600000, 0x000000008b700000, 0x000000008b700000|100%| E|CS|TAMS 0x000000008b600000, 0x000000008b600000| Complete 
| 183|0x000000008b700000, 0x000000008b800000, 0x000000008b800000|100%| E|CS|TAMS 0x000000008b700000, 0x000000008b700000| Complete 
| 184|0x000000008b800000, 0x000000008b900000, 0x000000008b900000|100%| E|CS|TAMS 0x000000008b800000, 0x000000008b800000| Complete 
| 185|0x000000008b900000, 0x000000008ba00000, 0x000000008ba00000|100%| E|CS|TAMS 0x000000008b900000, 0x000000008b900000| Complete 
| 186|0x000000008ba00000, 0x000000008bb00000, 0x000000008bb00000|100%| E|CS|TAMS 0x000000008ba00000, 0x000000008ba00000| Complete 
| 187|0x000000008bb00000, 0x000000008bc00000, 0x000000008bc00000|100%| E|CS|TAMS 0x000000008bb00000, 0x000000008bb00000| Complete 
| 188|0x000000008bc00000, 0x000000008bd00000, 0x000000008bd00000|100%| E|CS|TAMS 0x000000008bc00000, 0x000000008bc00000| Complete 
| 189|0x000000008bd00000, 0x000000008be00000, 0x000000008be00000|100%| E|CS|TAMS 0x000000008bd00000, 0x000000008bd00000| Complete 
| 190|0x000000008be00000, 0x000000008bf00000, 0x000000008bf00000|100%| E|CS|TAMS 0x000000008be00000, 0x000000008be00000| Complete 
| 191|0x000000008bf00000, 0x000000008c000000, 0x000000008c000000|100%| E|CS|TAMS 0x000000008bf00000, 0x000000008bf00000| Complete 
| 192|0x000000008c000000, 0x000000008c100000, 0x000000008c100000|100%| E|CS|TAMS 0x000000008c000000, 0x000000008c000000| Complete 
| 193|0x000000008c100000, 0x000000008c200000, 0x000000008c200000|100%| E|CS|TAMS 0x000000008c100000, 0x000000008c100000| Complete 
| 194|0x000000008c200000, 0x000000008c300000, 0x000000008c300000|100%| E|CS|TAMS 0x000000008c200000, 0x000000008c200000| Complete 
| 195|0x000000008c300000, 0x000000008c400000, 0x000000008c400000|100%| E|CS|TAMS 0x000000008c300000, 0x000000008c300000| Complete 
| 196|0x000000008c400000, 0x000000008c500000, 0x000000008c500000|100%| E|CS|TAMS 0x000000008c400000, 0x000000008c400000| Complete 
| 197|0x000000008c500000, 0x000000008c600000, 0x000000008c600000|100%| E|CS|TAMS 0x000000008c500000, 0x000000008c500000| Complete 
| 198|0x000000008c600000, 0x000000008c700000, 0x000000008c700000|100%| E|CS|TAMS 0x000000008c600000, 0x000000008c600000| Complete 
| 199|0x000000008c700000, 0x000000008c800000, 0x000000008c800000|100%| E|CS|TAMS 0x000000008c700000, 0x000000008c700000| Complete 
| 200|0x000000008c800000, 0x000000008c900000, 0x000000008c900000|100%| E|CS|TAMS 0x000000008c800000, 0x000000008c800000| Complete 
| 201|0x000000008c900000, 0x000000008ca00000, 0x000000008ca00000|100%| E|CS|TAMS 0x000000008c900000, 0x000000008c900000| Complete 
| 202|0x000000008ca00000, 0x000000008cb00000, 0x000000008cb00000|100%| E|CS|TAMS 0x000000008ca00000, 0x000000008ca00000| Complete 
| 203|0x000000008cb00000, 0x000000008cc00000, 0x000000008cc00000|100%| E|CS|TAMS 0x000000008cb00000, 0x000000008cb00000| Complete 
| 204|0x000000008cc00000, 0x000000008cd00000, 0x000000008cd00000|100%| E|CS|TAMS 0x000000008cc00000, 0x000000008cc00000| Complete 
| 205|0x000000008cd00000, 0x000000008ce00000, 0x000000008ce00000|100%| E|CS|TAMS 0x000000008cd00000, 0x000000008cd00000| Complete 
| 206|0x000000008ce00000, 0x000000008cf00000, 0x000000008cf00000|100%| E|CS|TAMS 0x000000008ce00000, 0x000000008ce00000| Complete 
| 207|0x000000008cf00000, 0x000000008d000000, 0x000000008d000000|100%| E|CS|TAMS 0x000000008cf00000, 0x000000008cf00000| Complete 
| 208|0x000000008d000000, 0x000000008d100000, 0x000000008d100000|100%| E|CS|TAMS 0x000000008d000000, 0x000000008d000000| Complete 
| 209|0x000000008d100000, 0x000000008d200000, 0x000000008d200000|100%| E|CS|TAMS 0x000000008d100000, 0x000000008d100000| Complete 
| 210|0x000000008d200000, 0x000000008d300000, 0x000000008d300000|100%| E|CS|TAMS 0x000000008d200000, 0x000000008d200000| Complete 
| 211|0x000000008d300000, 0x000000008d400000, 0x000000008d400000|100%| E|CS|TAMS 0x000000008d300000, 0x000000008d300000| Complete 
| 212|0x000000008d400000, 0x000000008d500000, 0x000000008d500000|100%| E|CS|TAMS 0x000000008d400000, 0x000000008d400000| Complete 
| 213|0x000000008d500000, 0x000000008d600000, 0x000000008d600000|100%| E|CS|TAMS 0x000000008d500000, 0x000000008d500000| Complete 
| 214|0x000000008d600000, 0x000000008d700000, 0x000000008d700000|100%| E|CS|TAMS 0x000000008d600000, 0x000000008d600000| Complete 
| 215|0x000000008d700000, 0x000000008d800000, 0x000000008d800000|100%| E|CS|TAMS 0x000000008d700000, 0x000000008d700000| Complete 
| 216|0x000000008d800000, 0x000000008d900000, 0x000000008d900000|100%| E|CS|TAMS 0x000000008d800000, 0x000000008d800000| Complete 
| 217|0x000000008d900000, 0x000000008da00000, 0x000000008da00000|100%| E|CS|TAMS 0x000000008d900000, 0x000000008d900000| Complete 
| 218|0x000000008da00000, 0x000000008db00000, 0x000000008db00000|100%| E|CS|TAMS 0x000000008da00000, 0x000000008da00000| Complete 
| 219|0x000000008db00000, 0x000000008dc00000, 0x000000008dc00000|100%| E|CS|TAMS 0x000000008db00000, 0x000000008db00000| Complete 
| 220|0x000000008dc00000, 0x000000008dd00000, 0x000000008dd00000|100%| E|CS|TAMS 0x000000008dc00000, 0x000000008dc00000| Complete 
| 221|0x000000008dd00000, 0x000000008de00000, 0x000000008de00000|100%| E|CS|TAMS 0x000000008dd00000, 0x000000008dd00000| Complete 
| 222|0x000000008de00000, 0x000000008df00000, 0x000000008df00000|100%| E|CS|TAMS 0x000000008de00000, 0x000000008de00000| Complete 
| 223|0x000000008df00000, 0x000000008e000000, 0x000000008e000000|100%| E|CS|TAMS 0x000000008df00000, 0x000000008df00000| Complete 
| 224|0x000000008e000000, 0x000000008e100000, 0x000000008e100000|100%| E|CS|TAMS 0x000000008e000000, 0x000000008e000000| Complete 
| 225|0x000000008e100000, 0x000000008e200000, 0x000000008e200000|100%| E|CS|TAMS 0x000000008e100000, 0x000000008e100000| Complete 
| 226|0x000000008e200000, 0x000000008e300000, 0x000000008e300000|100%| E|CS|TAMS 0x000000008e200000, 0x000000008e200000| Complete 
| 227|0x000000008e300000, 0x000000008e400000, 0x000000008e400000|100%| E|CS|TAMS 0x000000008e300000, 0x000000008e300000| Complete 
| 228|0x000000008e400000, 0x000000008e500000, 0x000000008e500000|100%| E|CS|TAMS 0x000000008e400000, 0x000000008e400000| Complete 
| 229|0x000000008e500000, 0x000000008e600000, 0x000000008e600000|100%| E|CS|TAMS 0x000000008e500000, 0x000000008e500000| Complete 
| 230|0x000000008e600000, 0x000000008e700000, 0x000000008e700000|100%| E|CS|TAMS 0x000000008e600000, 0x000000008e600000| Complete 
| 231|0x000000008e700000, 0x000000008e800000, 0x000000008e800000|100%| E|CS|TAMS 0x000000008e700000, 0x000000008e700000| Complete 
| 232|0x000000008e800000, 0x000000008e900000, 0x000000008e900000|100%| E|CS|TAMS 0x000000008e800000, 0x000000008e800000| Complete 
| 233|0x000000008e900000, 0x000000008ea00000, 0x000000008ea00000|100%| E|CS|TAMS 0x000000008e900000, 0x000000008e900000| Complete 
| 234|0x000000008ea00000, 0x000000008eb00000, 0x000000008eb00000|100%| E|CS|TAMS 0x000000008ea00000, 0x000000008ea00000| Complete 
| 235|0x000000008eb00000, 0x000000008ec00000, 0x000000008ec00000|100%| E|CS|TAMS 0x000000008eb00000, 0x000000008eb00000| Complete 
| 236|0x000000008ec00000, 0x000000008ed00000, 0x000000008ed00000|100%| E|CS|TAMS 0x000000008ec00000, 0x000000008ec00000| Complete 
| 237|0x000000008ed00000, 0x000000008ee00000, 0x000000008ee00000|100%| E|CS|TAMS 0x000000008ed00000, 0x000000008ed00000| Complete 
| 238|0x000000008ee00000, 0x000000008ef00000, 0x000000008ef00000|100%| E|CS|TAMS 0x000000008ee00000, 0x000000008ee00000| Complete 
| 239|0x000000008ef00000, 0x000000008f000000, 0x000000008f000000|100%| E|CS|TAMS 0x000000008ef00000, 0x000000008ef00000| Complete 
| 240|0x000000008f000000, 0x000000008f100000, 0x000000008f100000|100%| E|CS|TAMS 0x000000008f000000, 0x000000008f000000| Complete 
| 241|0x000000008f100000, 0x000000008f200000, 0x000000008f200000|100%| E|CS|TAMS 0x000000008f100000, 0x000000008f100000| Complete 
| 242|0x000000008f200000, 0x000000008f300000, 0x000000008f300000|100%| E|CS|TAMS 0x000000008f200000, 0x000000008f200000| Complete 
| 243|0x000000008f300000, 0x000000008f400000, 0x000000008f400000|100%| E|CS|TAMS 0x000000008f300000, 0x000000008f300000| Complete 
| 244|0x000000008f400000, 0x000000008f500000, 0x000000008f500000|100%| E|CS|TAMS 0x000000008f400000, 0x000000008f400000| Complete 
| 245|0x000000008f500000, 0x000000008f600000, 0x000000008f600000|100%| E|CS|TAMS 0x000000008f500000, 0x000000008f500000| Complete 
| 246|0x000000008f600000, 0x000000008f700000, 0x000000008f700000|100%| E|CS|TAMS 0x000000008f600000, 0x000000008f600000| Complete 
| 247|0x000000008f700000, 0x000000008f800000, 0x000000008f800000|100%| E|  |TAMS 0x000000008f700000, 0x000000008f700000| Complete 
| 248|0x000000008f800000, 0x000000008f900000, 0x000000008f900000|100%| E|CS|TAMS 0x000000008f800000, 0x000000008f800000| Complete 
| 249|0x000000008f900000, 0x000000008fa00000, 0x000000008fa00000|100%| E|CS|TAMS 0x000000008f900000, 0x000000008f900000| Complete 
| 250|0x000000008fa00000, 0x000000008fb00000, 0x000000008fb00000|100%| E|CS|TAMS 0x000000008fa00000, 0x000000008fa00000| Complete 
| 251|0x000000008fb00000, 0x000000008fc00000, 0x000000008fc00000|100%| E|CS|TAMS 0x000000008fb00000, 0x000000008fb00000| Complete 
| 252|0x000000008fc00000, 0x000000008fd00000, 0x000000008fd00000|100%| E|CS|TAMS 0x000000008fc00000, 0x000000008fc00000| Complete 
| 253|0x000000008fd00000, 0x000000008fe00000, 0x000000008fe00000|100%| E|CS|TAMS 0x000000008fd00000, 0x000000008fd00000| Complete 
| 254|0x000000008fe00000, 0x000000008ff00000, 0x000000008ff00000|100%| E|CS|TAMS 0x000000008fe00000, 0x000000008fe00000| Complete 
| 255|0x000000008ff00000, 0x0000000090000000, 0x0000000090000000|100%| E|CS|TAMS 0x000000008ff00000, 0x000000008ff00000| Complete 

Card table byte_map: [0x0000015bbe740000,0x0000015bbeb40000] _byte_map_base: 0x0000015bbe340000

Marking Bits (Prev, Next): (CMBitMap*) 0x0000015bab561290, (CMBitMap*) 0x0000015bab561258
 Prev Bits: [0x0000015bc0f40000, 0x0000015bc2f40000)
 Next Bits: [0x0000015bbef40000, 0x0000015bc0f40000)

Polling page: 0x0000015ba9490000

Metaspace:

Usage:
  Non-class:     55.46 MB capacity,    54.43 MB ( 98%) used,   893.23 KB (  2%) free+waste,   161.75 KB ( <1%) overhead. 
      Class:      8.48 MB capacity,     7.90 MB ( 93%) used,   519.97 KB (  6%) free+waste,    75.94 KB ( <1%) overhead. 
       Both:     63.95 MB capacity,    62.34 MB ( 97%) used,     1.38 MB (  2%) free+waste,   237.69 KB ( <1%) overhead. 

Virtual space:
  Non-class space:       56.00 MB reserved,      55.50 MB (>99%) committed 
      Class space:        1.00 GB reserved,       8.57 MB ( <1%) committed 
             Both:        1.05 GB reserved,      64.07 MB (  6%) committed 

Chunk freelists:
   Non-Class:  37.00 KB
       Class:  17.00 KB
        Both:  54.00 KB

MaxMetaspaceSize: 17179869184.00 GB
CompressedClassSpaceSize: 1.00 GB

CodeHeap 'non-profiled nmethods': size=120000Kb used=3807Kb max_used=3807Kb free=116192Kb
 bounds [0x0000015bb6ae0000, 0x0000015bb6ea0000, 0x0000015bbe010000]
CodeHeap 'profiled nmethods': size=120000Kb used=13011Kb max_used=13011Kb free=106989Kb
 bounds [0x0000015baf5b0000, 0x0000015bb0270000, 0x0000015bb6ae0000]
CodeHeap 'non-nmethods': size=5760Kb used=2255Kb max_used=2298Kb free=3504Kb
 bounds [0x0000015baf010000, 0x0000015baf280000, 0x0000015baf5b0000]
 total_blobs=6965 nmethods=6119 adapters=757
 compilation: enabled
              stopped_count=0, restarted_count=0
 full_count=0

Compilation events (20 events):
Event: 9.404 Thread 0x0000015bc62b3800 6124       3       java.lang.String::contains (19 bytes)
Event: 9.404 Thread 0x0000015bc62b3800 nmethod 6124 0x0000015bb025f990 code [0x0000015bb025fb60, 0x0000015bb025fdb8]
Event: 9.432 Thread 0x0000015bc62b3800 6125       3       sun.reflect.generics.repository.GenericDeclRepository::<init> (7 bytes)
Event: 9.433 Thread 0x0000015bc62b3800 nmethod 6125 0x0000015bb025fe90 code [0x0000015bb0260060, 0x0000015bb02603a8]
Event: 9.474 Thread 0x0000015bc62b3800 6126       3       org.gradle.api.attributes.Attribute::of (10 bytes)
Event: 9.474 Thread 0x0000015bc62b3800 nmethod 6126 0x0000015bb0260490 code [0x0000015bb0260680, 0x0000015bb0260a38]
Event: 9.475 Thread 0x0000015bc62b3800 6127       3       com.google.common.cache.LocalCache::customWeigher (16 bytes)
Event: 9.475 Thread 0x0000015bc62b3800 nmethod 6127 0x0000015bb0260c10 code [0x0000015bb0260dc0, 0x0000015bb0260f38]
Event: 9.479 Thread 0x0000015bc62b3800 6128       3       org.apache.commons.lang.StringUtils::containsAny (128 bytes)
Event: 9.481 Thread 0x0000015bc62b3800 nmethod 6128 0x0000015bb0261010 code [0x0000015bb0261320, 0x0000015bb0262668]
Event: 9.481 Thread 0x0000015bc62b3800 6129       3       org.gradle.internal.operations.BuildOperationDescriptor$Builder::details (7 bytes)
Event: 9.481 Thread 0x0000015bc62b3800 nmethod 6129 0x0000015bb0262e90 code [0x0000015bb0263040, 0x0000015bb0263198]
Event: 9.481 Thread 0x0000015bc62b3800 6130       3       org.gradle.internal.operations.BuildOperationState::<init> (26 bytes)
Event: 9.481 Thread 0x0000015bc62b3800 nmethod 6130 0x0000015bb0263210 code [0x0000015bb02633e0, 0x0000015bb0263718]
Event: 9.481 Thread 0x0000015bc62b3800 6131       3       org.gradle.internal.operations.DefaultBuildOperationRunner$DefaultBuildOperationContext::<init> (5 bytes)
Event: 9.482 Thread 0x0000015bc62b3800 nmethod 6131 0x0000015bb0263890 code [0x0000015bb0263a40, 0x0000015bb0263bf8]
Event: 9.482 Thread 0x0000015bc62b3800 6132       3       org.gradle.internal.operations.DefaultBuildOperationRunner$DefaultBuildOperationContext::<init> (5 bytes)
Event: 9.482 Thread 0x0000015bc62b3800 nmethod 6132 0x0000015bb0263d10 code [0x0000015bb0263ec0, 0x0000015bb0264018]
Event: 9.482 Thread 0x0000015bc62b3800 6133       3       org.gradle.internal.operations.DefaultBuildOperationExecutor$$Lambda$94/0x0000000100240440::createListener (16 bytes)
Event: 9.482 Thread 0x0000015bc62b3800 nmethod 6133 0x0000015bb0264110 code [0x0000015bb02642e0, 0x0000015bb0264678]

GC Heap History (14 events):
Event: 0.874 GC heap before
{Heap before GC invocations=0 (full 0):
 garbage-first heap   total 262144K, used 29696K [0x0000000080000000, 0x0000000100000000)
  region size 1024K, 24 young (24576K), 0 survivors (0K)
 Metaspace       used 10166K, capacity 10405K, committed 10624K, reserved 1058816K
  class space    used 1060K, capacity 1107K, committed 1152K, reserved 1048576K
}
Event: 0.879 GC heap after
{Heap after GC invocations=1 (full 0):
 garbage-first heap   total 262144K, used 9551K [0x0000000080000000, 0x0000000100000000)
  region size 1024K, 3 young (3072K), 3 survivors (3072K)
 Metaspace       used 10166K, capacity 10405K, committed 10624K, reserved 1058816K
  class space    used 1060K, capacity 1107K, committed 1152K, reserved 1048576K
}
Event: 2.799 GC heap before
{Heap before GC invocations=1 (full 0):
 garbage-first heap   total 262144K, used 75087K [0x0000000080000000, 0x0000000100000000)
  region size 1024K, 67 young (68608K), 3 survivors (3072K)
 Metaspace       used 16863K, capacity 17342K, committed 17536K, reserved 1064960K
  class space    used 1940K, capacity 2087K, committed 2176K, reserved 1048576K
}
Event: 2.805 GC heap after
{Heap after GC invocations=2 (full 0):
 garbage-first heap   total 262144K, used 15645K [0x0000000080000000, 0x0000000100000000)
  region size 1024K, 9 young (9216K), 9 survivors (9216K)
 Metaspace       used 16863K, capacity 17342K, committed 17536K, reserved 1064960K
  class space    used 1940K, capacity 2087K, committed 2176K, reserved 1048576K
}
Event: 3.173 GC heap before
{Heap before GC invocations=2 (full 0):
 garbage-first heap   total 262144K, used 46365K [0x0000000080000000, 0x0000000100000000)
  region size 1024K, 40 young (40960K), 9 survivors (9216K)
 Metaspace       used 20581K, capacity 21104K, committed 21248K, reserved 1067008K
  class space    used 2505K, capacity 2690K, committed 2816K, reserved 1048576K
}
Event: 3.180 GC heap after
{Heap after GC invocations=3 (full 0):
 garbage-first heap   total 262144K, used 16815K [0x0000000080000000, 0x0000000100000000)
  region size 1024K, 2 young (2048K), 2 survivors (2048K)
 Metaspace       used 20581K, capacity 21104K, committed 21248K, reserved 1067008K
  class space    used 2505K, capacity 2690K, committed 2816K, reserved 1048576K
}
Event: 4.040 GC heap before
{Heap before GC invocations=4 (full 0):
 garbage-first heap   total 262144K, used 88495K [0x0000000080000000, 0x0000000100000000)
  region size 1024K, 72 young (73728K), 2 survivors (2048K)
 Metaspace       used 27506K, capacity 28211K, committed 28288K, reserved 1073152K
  class space    used 3644K, capacity 3894K, committed 3968K, reserved 1048576K
}
Event: 4.044 GC heap after
{Heap after GC invocations=5 (full 0):
 garbage-first heap   total 262144K, used 18946K [0x0000000080000000, 0x0000000100000000)
  region size 1024K, 4 young (4096K), 4 survivors (4096K)
 Metaspace       used 27506K, capacity 28211K, committed 28288K, reserved 1073152K
  class space    used 3644K, capacity 3894K, committed 3968K, reserved 1048576K
}
Event: 4.791 GC heap before
{Heap before GC invocations=5 (full 0):
 garbage-first heap   total 262144K, used 58882K [0x0000000080000000, 0x0000000100000000)
  region size 1024K, 44 young (45056K), 4 survivors (4096K)
 Metaspace       used 35045K, capacity 35838K, committed 35840K, reserved 1081344K
  class space    used 4540K, capacity 4864K, committed 4864K, reserved 1048576K
}
Event: 4.802 GC heap after
{Heap after GC invocations=6 (full 0):
 garbage-first heap   total 262144K, used 21955K [0x0000000080000000, 0x0000000100000000)
  region size 1024K, 7 young (7168K), 7 survivors (7168K)
 Metaspace       used 35045K, capacity 35838K, committed 35840K, reserved 1081344K
  class space    used 4540K, capacity 4864K, committed 4864K, reserved 1048576K
}
Event: 6.372 GC heap before
{Heap before GC invocations=7 (full 0):
 garbage-first heap   total 262144K, used 149955K [0x0000000080000000, 0x0000000100000000)
  region size 1024K, 129 young (132096K), 7 survivors (7168K)
 Metaspace       used 45060K, capacity 46175K, committed 46412K, reserved 1089536K
  class space    used 5789K, capacity 6190K, committed 6220K, reserved 1048576K
}
Event: 6.385 GC heap after
{Heap after GC invocations=8 (full 0):
 garbage-first heap   total 262144K, used 29221K [0x0000000080000000, 0x0000000100000000)
  region size 1024K, 14 young (14336K), 14 survivors (14336K)
 Metaspace       used 45060K, capacity 46175K, committed 46412K, reserved 1089536K
  class space    used 5789K, capacity 6190K, committed 6220K, reserved 1048576K
}
Event: 8.513 GC heap before
{Heap before GC invocations=8 (full 0):
 garbage-first heap   total 262144K, used 158245K [0x0000000080000000, 0x0000000100000000)
  region size 1024K, 139 young (142336K), 14 survivors (14336K)
 Metaspace       used 58674K, capacity 60086K, committed 60236K, reserved 1101824K
  class space    used 7427K, capacity 7969K, committed 8012K, reserved 1048576K
}
Event: 8.545 GC heap after
{Heap after GC invocations=9 (full 0):
 garbage-first heap   total 262144K, used 44389K [0x0000000080000000, 0x0000000100000000)
  region size 1024K, 20 young (20480K), 20 survivors (20480K)
 Metaspace       used 58674K, capacity 60086K, committed 60236K, reserved 1101824K
  class space    used 7427K, capacity 7969K, committed 8012K, reserved 1048576K
}

Deoptimization events (20 events):
Event: 9.275 Thread 0x0000015bc84a0000 Uncommon trap: trap_request=0xfffffff4 fr.pc=0x0000015bb6e79c08 relative=0x00000000000009c8
Event: 9.275 Thread 0x0000015bc84a0000 Uncommon trap: reason=null_check action=make_not_entrant pc=0x0000015bb6e79c08 method=com.sun.beans.introspect.MethodInfo$MethodOrder.compare(Ljava/lang/reflect/Method;Ljava/lang/reflect/Method;)I @ 145 c2
Event: 9.275 Thread 0x0000015bc84a0000 DEOPT PACKING pc=0x0000015bb6e79c08 sp=0x00000016011f34a0
Event: 9.275 Thread 0x0000015bc84a0000 DEOPT UNPACKING pc=0x0000015baf0378af sp=0x00000016011f33d0 mode 2
Event: 9.347 Thread 0x0000015bc84a0000 Uncommon trap: trap_request=0xffffffde fr.pc=0x0000015bb6c8cbf4 relative=0x0000000000000c54
Event: 9.347 Thread 0x0000015bc84a0000 Uncommon trap: reason=class_check action=maybe_recompile pc=0x0000015bb6c8cbf4 method=org.codehaus.groovy.reflection.ParameterTypes.getParametersTypes0()V @ 16 c2
Event: 9.347 Thread 0x0000015bc84a0000 DEOPT PACKING pc=0x0000015bb6c8cbf4 sp=0x00000016011f6780
Event: 9.347 Thread 0x0000015bc84a0000 DEOPT UNPACKING pc=0x0000015baf0378af sp=0x00000016011f6708 mode 2
Event: 9.357 Thread 0x0000015bc84a0000 Uncommon trap: trap_request=0xffffff4d fr.pc=0x0000015bb6da24ec relative=0x0000000000000bac
Event: 9.357 Thread 0x0000015bc84a0000 Uncommon trap: reason=unstable_if action=reinterpret pc=0x0000015bb6da24ec method=java.lang.ClassLoader.loadClass(Ljava/lang/String;Z)Ljava/lang/Class; @ 29 c2
Event: 9.357 Thread 0x0000015bc84a0000 DEOPT PACKING pc=0x0000015bb6da24ec sp=0x00000016011f76f0
Event: 9.357 Thread 0x0000015bc84a0000 DEOPT UNPACKING pc=0x0000015baf0378af sp=0x00000016011f76b8 mode 2
Event: 9.364 Thread 0x0000015bc84a0000 Uncommon trap: trap_request=0xffffff4d fr.pc=0x0000015bb6e82288 relative=0x00000000000009e8
Event: 9.365 Thread 0x0000015bc84a0000 Uncommon trap: reason=unstable_if action=reinterpret pc=0x0000015bb6e82288 method=com.sun.beans.introspect.MethodInfo$MethodOrder.compare(Ljava/lang/reflect/Method;Ljava/lang/reflect/Method;)I @ 124 c2
Event: 9.365 Thread 0x0000015bc84a0000 DEOPT PACKING pc=0x0000015bb6e82288 sp=0x00000016011f7770
Event: 9.365 Thread 0x0000015bc84a0000 DEOPT UNPACKING pc=0x0000015baf0378af sp=0x00000016011f76a0 mode 2
Event: 9.365 Thread 0x0000015bc84a0000 Uncommon trap: trap_request=0xffffff4d fr.pc=0x0000015bb6e845a8 relative=0x0000000000000988
Event: 9.365 Thread 0x0000015bc84a0000 Uncommon trap: reason=unstable_if action=reinterpret pc=0x0000015bb6e845a8 method=com.sun.beans.introspect.MethodInfo$MethodOrder.compare(Ljava/lang/reflect/Method;Ljava/lang/reflect/Method;)I @ 124 c2
Event: 9.365 Thread 0x0000015bc84a0000 DEOPT PACKING pc=0x0000015bb6e845a8 sp=0x00000016011f76e0
Event: 9.365 Thread 0x0000015bc84a0000 DEOPT UNPACKING pc=0x0000015baf0378af sp=0x00000016011f7698 mode 2

Classes redefined (0 events):
No events

Internal exceptions (20 events):
Event: 9.345 Thread 0x0000015bc84a0000 Exception <a 'java/lang/ClassNotFoundException'{0x000000008be6eff8}: com/google/gms/googleservices/GoogleServicesPlugin$PluginTypeCustomizer> (0x000000008be6eff8) thrown at [./src/hotspot/share/classfile/systemDictionary.cpp, line 231]
Event: 9.349 Thread 0x0000015bc84a0000 Exception <a 'java/lang/ClassNotFoundException'{0x000000008bea14a8}: groovy/runtime/metaclass/[Lcom/google/gms/googleservices/GoogleServicesPlugin$PluginType;MetaClass> (0x000000008bea14a8) thrown at [./src/hotspot/share/prims/jni.cpp, line 636]
Event: 9.349 Thread 0x0000015bc84a0000 Exception <a 'java/lang/ClassNotFoundException'{0x000000008bea9848}: [Lcom/google/gms/googleservices/GoogleServicesPlugin$PluginType;BeanInfo> (0x000000008bea9848) thrown at [./src/hotspot/share/prims/jni.cpp, line 636]
Event: 9.349 Thread 0x0000015bc84a0000 Exception <a 'java/lang/ClassNotFoundException'{0x000000008beaab78}: [Lcom/google/gms/googleservices/GoogleServicesPlugin$PluginType;BeanInfo> (0x000000008beaab78) thrown at [./src/hotspot/share/prims/jni.cpp, line 636]
Event: 9.349 Thread 0x0000015bc84a0000 Exception <a 'java/lang/ClassNotFoundException'{0x000000008beabea8}: [Lcom/google/gms/googleservices/GoogleServicesPlugin$PluginType;BeanInfo> (0x000000008beabea8) thrown at [./src/hotspot/share/prims/jni.cpp, line 636]
Event: 9.349 Thread 0x0000015bc84a0000 Exception <a 'java/lang/ClassNotFoundException'{0x000000008bead2e8}: [Lcom/google/gms/googleservices/GoogleServicesPlugin$PluginType;Customizer> (0x000000008bead2e8) thrown at [./src/hotspot/share/prims/jni.cpp, line 636]
Event: 9.349 Thread 0x0000015bc84a0000 Exception <a 'java/lang/ClassNotFoundException'{0x000000008beae620}: [Lcom/google/gms/googleservices/GoogleServicesPlugin$PluginType;Customizer> (0x000000008beae620) thrown at [./src/hotspot/share/prims/jni.cpp, line 636]
Event: 9.349 Thread 0x0000015bc84a0000 Exception <a 'java/lang/ClassNotFoundException'{0x000000008beaf958}: [Lcom/google/gms/googleservices/GoogleServicesPlugin$PluginType;Customizer> (0x000000008beaf958) thrown at [./src/hotspot/share/prims/jni.cpp, line 636]
Event: 9.355 Thread 0x0000015bc84a0000 Exception <a 'java/lang/ClassNotFoundException'{0x000000008bdde238}: java/util/ArrayListBeanInfo> (0x000000008bdde238) thrown at [./src/hotspot/share/classfile/systemDictionary.cpp, line 231]
Event: 9.355 Thread 0x0000015bc84a0000 Exception <a 'java/lang/ClassNotFoundException'{0x000000008bde8710}: java/util/AbstractListBeanInfo> (0x000000008bde8710) thrown at [./src/hotspot/share/classfile/systemDictionary.cpp, line 231]
Event: 9.355 Thread 0x0000015bc84a0000 Exception <a 'java/lang/ClassNotFoundException'{0x000000008bdf2c08}: java/util/AbstractListCustomizer> (0x000000008bdf2c08) thrown at [./src/hotspot/share/classfile/systemDictionary.cpp, line 231]
Event: 9.356 Thread 0x0000015bc84a0000 Exception <a 'java/lang/ClassNotFoundException'{0x000000008bc08088}: java/util/ArrayListCustomizer> (0x000000008bc08088) thrown at [./src/hotspot/share/classfile/systemDictionary.cpp, line 231]
Event: 9.361 Thread 0x0000015bc84a0000 Exception <a 'java/lang/ClassNotFoundException'{0x000000008bb9b308}: org/gradle/api/internal/plugins/DefaultPluginContainerBeanInfo> (0x000000008bb9b308) thrown at [./src/hotspot/share/classfile/systemDictionary.cpp, line 231]
Event: 9.362 Thread 0x0000015bc84a0000 Exception <a 'java/lang/ClassNotFoundException'{0x000000008bbca778}: org/gradle/api/internal/plugins/DefaultPluginCollectionBeanInfo> (0x000000008bbca778) thrown at [./src/hotspot/share/classfile/systemDictionary.cpp, line 231]
Event: 9.362 Thread 0x0000015bc84a0000 Exception <a 'java/lang/ClassNotFoundException'{0x000000008bbf7140}: org/gradle/api/internal/DefaultDomainObjectSetBeanInfo> (0x000000008bbf7140) thrown at [./src/hotspot/share/classfile/systemDictionary.cpp, line 231]
Event: 9.363 Thread 0x0000015bc84a0000 Exception <a 'java/lang/ClassNotFoundException'{0x000000008ba240e0}: org/gradle/api/internal/DefaultDomainObjectSetCustomizer> (0x000000008ba240e0) thrown at [./src/hotspot/share/classfile/systemDictionary.cpp, line 231]
Event: 9.364 Thread 0x0000015bc84a0000 Exception <a 'java/lang/ClassNotFoundException'{0x000000008ba60dd0}: org/gradle/api/internal/plugins/DefaultPluginCollectionCustomizer> (0x000000008ba60dd0) thrown at [./src/hotspot/share/classfile/systemDictionary.cpp, line 231]
Event: 9.365 Thread 0x0000015bc84a0000 Exception <a 'java/lang/ClassNotFoundException'{0x000000008bab91b8}: org/gradle/api/internal/plugins/DefaultPluginContainerCustomizer> (0x000000008bab91b8) thrown at [./src/hotspot/share/classfile/systemDictionary.cpp, line 231]
Event: 9.377 Thread 0x0000015bc84a0000 Exception <a 'java/lang/ClassNotFoundException'{0x000000008b8cbf38}: org/gradle/api/internal/DefaultDomainObjectSet_DecoratedBeanInfo> (0x000000008b8cbf38) thrown at [./src/hotspot/share/classfile/systemDictionary.cpp, line 231]
Event: 9.378 Thread 0x0000015bc84a0000 Exception <a 'java/lang/ClassNotFoundException'{0x000000008b8fc228}: org/gradle/api/internal/DefaultDomainObjectSet_DecoratedCustomizer> (0x000000008b8fc228) thrown at [./src/hotspot/share/classfile/systemDictionary.cpp, line 231]

Events (20 events):
Event: 9.491 loading class com/android/build/gradle/internal/scope/InternalArtifactType$COMPILE_AND_RUNTIME_NOT_NAMESPACED_R_CLASS_JAR
Event: 9.491 loading class com/android/build/gradle/internal/scope/InternalArtifactType$COMPILE_AND_RUNTIME_NOT_NAMESPACED_R_CLASS_JAR done
Event: 9.492 loading class com/android/build/gradle/internal/publishing/PublishingSpecs
Event: 9.492 loading class com/android/build/gradle/internal/publishing/PublishingSpecs done
Event: 9.493 loading class com/android/build/gradle/internal/publishing/PublishingSpecs$Companion
Event: 9.493 loading class com/android/build/gradle/internal/publishing/PublishingSpecs$Companion done
Event: 9.493 loading class com/android/build/gradle/internal/publishing/PublishingSpecs$Companion$1
Event: 9.493 loading class com/android/build/gradle/internal/publishing/PublishingSpecs$Companion$1 done
Event: 9.494 loading class com/android/build/gradle/internal/publishing/AppVariantSpecBuilder
Event: 9.494 loading class com/android/build/gradle/internal/publishing/AppVariantSpecBuilder done
Event: 9.494 loading class com/android/build/gradle/internal/publishing/VariantSpecBuilderImpl
Event: 9.494 loading class com/android/build/gradle/internal/publishing/VariantSpecBuilderImpl done
Event: 9.495 loading class com/android/build/gradle/internal/publishing/PublishingSpecs$VariantSpecBuilder
Event: 9.495 loading class com/android/build/gradle/internal/publishing/PublishingSpecs$VariantSpecBuilder done
Event: 9.495 loading class com/android/build/gradle/internal/scope/InternalArtifactType$MANIFEST_METADATA
Event: 9.495 loading class com/android/build/gradle/internal/scope/InternalArtifactType$MANIFEST_METADATA done
Event: 9.495 loading class com/android/build/api/artifact/Artifact$ContainsMany
Event: 9.495 loading class com/android/build/api/artifact/Artifact$ContainsMany done
Event: 9.496 loading class com/android/build/gradle/internal/publishing/AndroidArtifacts$ArtifactType
Event: 9.496 loading class com/android/build/gradle/internal/publishing/AndroidArtifacts$ArtifactType done


Dynamic libraries:
0x00007ff6df780000 - 0x00007ff6df78a000 	C:\Program Files\Android\Android Studio\jre\bin\java.exe
0x00007ffbe2230000 - 0x00007ffbe2425000 	C:\Windows\SYSTEM32\ntdll.dll
0x00007ffbe18a0000 - 0x00007ffbe195e000 	C:\Windows\System32\KERNEL32.DLL
0x00007ffbdfbe0000 - 0x00007ffbdfea8000 	C:\Windows\System32\KERNELBASE.dll
0x00007ffbdf950000 - 0x00007ffbdfa50000 	C:\Windows\System32\ucrtbase.dll
0x00007ffb8ef50000 - 0x00007ffb8ef67000 	C:\Program Files\Android\Android Studio\jre\bin\VCRUNTIME140.dll
0x00007ffb9f660000 - 0x00007ffb9f679000 	C:\Program Files\Android\Android Studio\jre\bin\jli.dll
0x00007ffbe19d0000 - 0x00007ffbe1b71000 	C:\Windows\System32\USER32.dll
0x00007ffbdfeb0000 - 0x00007ffbdfed2000 	C:\Windows\System32\win32u.dll
0x00007ffbcdc20000 - 0x00007ffbcdeba000 	C:\Windows\WinSxS\amd64_microsoft.windows.common-controls_6595b64144ccf1df_6.0.19041.1110_none_60b5254171f9507e\COMCTL32.dll
0x00007ffbe21c0000 - 0x00007ffbe21eb000 	C:\Windows\System32\GDI32.dll
0x00007ffbe1650000 - 0x00007ffbe16ee000 	C:\Windows\System32\msvcrt.dll
0x00007ffbe0140000 - 0x00007ffbe024b000 	C:\Windows\System32\gdi32full.dll
0x00007ffbe00a0000 - 0x00007ffbe013d000 	C:\Windows\System32\msvcp_win.dll
0x00007ffbe17d0000 - 0x00007ffbe1800000 	C:\Windows\System32\IMM32.DLL
0x00007ffb8ecf0000 - 0x00007ffb8ed8d000 	C:\Program Files\Android\Android Studio\jre\bin\msvcp140.dll
0x00007ffb4d760000 - 0x00007ffb4e22f000 	C:\Program Files\Android\Android Studio\jre\bin\server\jvm.dll
0x00007ffbe1fe0000 - 0x00007ffbe208c000 	C:\Windows\System32\ADVAPI32.dll
0x00007ffbe0960000 - 0x00007ffbe09fb000 	C:\Windows\System32\sechost.dll
0x00007ffbe0280000 - 0x00007ffbe03aa000 	C:\Windows\System32\RPCRT4.dll
0x00007ffbe1b80000 - 0x00007ffbe1b88000 	C:\Windows\System32\PSAPI.DLL
0x00007ffbd9ea0000 - 0x00007ffbd9ea9000 	C:\Windows\SYSTEM32\WSOCK32.dll
0x00007ffbe1960000 - 0x00007ffbe19cb000 	C:\Windows\System32\WS2_32.dll
0x00007ffbccc80000 - 0x00007ffbccca7000 	C:\Windows\SYSTEM32\WINMM.dll
0x00007ffbd8770000 - 0x00007ffbd877a000 	C:\Windows\SYSTEM32\VERSION.dll
0x00007ffbdd850000 - 0x00007ffbdd862000 	C:\Windows\SYSTEM32\kernel.appcore.dll
0x00007ffbcdb40000 - 0x00007ffbcdb51000 	C:\Program Files\Android\Android Studio\jre\bin\verify.dll
0x00007ffbcbce0000 - 0x00007ffbcbec4000 	C:\Windows\SYSTEM32\DBGHELP.DLL
0x00007ffbcc380000 - 0x00007ffbcc3ac000 	C:\Windows\SYSTEM32\dbgcore.DLL
0x00007ffbdfa50000 - 0x00007ffbdfad3000 	C:\Windows\System32\bcryptPrimitives.dll
0x00007ffbb6090000 - 0x00007ffbb60b9000 	C:\Program Files\Android\Android Studio\jre\bin\java.dll
0x00007ffbd6d80000 - 0x00007ffbd6d8b000 	C:\Program Files\Android\Android Studio\jre\bin\jimage.dll
0x00007ffbccd50000 - 0x00007ffbccd68000 	C:\Program Files\Android\Android Studio\jre\bin\zip.dll
0x00007ffbe0d60000 - 0x00007ffbe149f000 	C:\Windows\System32\SHELL32.dll
0x00007ffbdda50000 - 0x00007ffbde1e0000 	C:\Windows\SYSTEM32\windows.storage.dll
0x00007ffbe1bf0000 - 0x00007ffbe1f45000 	C:\Windows\System32\combase.dll
0x00007ffbdf3a0000 - 0x00007ffbdf3ce000 	C:\Windows\SYSTEM32\Wldp.dll
0x00007ffbe0a00000 - 0x00007ffbe0aad000 	C:\Windows\System32\SHCORE.dll
0x00007ffbe1b90000 - 0x00007ffbe1be5000 	C:\Windows\System32\shlwapi.dll
0x00007ffbdf890000 - 0x00007ffbdf8af000 	C:\Windows\SYSTEM32\profapi.dll
0x00007ffbb95a0000 - 0x00007ffbb95ba000 	C:\Program Files\Android\Android Studio\jre\bin\net.dll
0x00007ffbd7170000 - 0x00007ffbd727c000 	C:\Windows\SYSTEM32\WINHTTP.dll
0x00007ffbdf100000 - 0x00007ffbdf16a000 	C:\Windows\system32\mswsock.dll
0x00007ffbb8330000 - 0x00007ffbb8344000 	C:\Program Files\Android\Android Studio\jre\bin\nio.dll
0x00007ffb8e450000 - 0x00007ffb8e477000 	C:\Users\82109\.gradle\native\8bec1ad78214c89d9ad589b4d07fe93259594b29d510b10fafb7a158f7737e5d\windows-amd64\native-platform.dll
0x00007ffb858c0000 - 0x00007ffb859fd000 	C:\Users\82109\.gradle\native\53dbd7edfb1c66fb8903c78663c9afc45aea4f116125fa6feffd364cf09443e8\windows-amd64\native-platform-file-events.dll
0x00007ffbcd620000 - 0x00007ffbcd62a000 	C:\Program Files\Android\Android Studio\jre\bin\management.dll
0x00007ffbcd200000 - 0x00007ffbcd20c000 	C:\Program Files\Android\Android Studio\jre\bin\management_ext.dll
0x00007ffbdf2f0000 - 0x00007ffbdf308000 	C:\Windows\SYSTEM32\CRYPTSP.dll
0x00007ffbdea10000 - 0x00007ffbdea44000 	C:\Windows\system32\rsaenh.dll
0x00007ffbe0250000 - 0x00007ffbe0277000 	C:\Windows\System32\bcrypt.dll
0x00007ffbdf850000 - 0x00007ffbdf87e000 	C:\Windows\SYSTEM32\USERENV.dll
0x00007ffbdf310000 - 0x00007ffbdf31c000 	C:\Windows\SYSTEM32\CRYPTBASE.dll
0x00007ffbdeda0000 - 0x00007ffbdeddb000 	C:\Windows\SYSTEM32\IPHLPAPI.DLL
0x00007ffbe1880000 - 0x00007ffbe1888000 	C:\Windows\System32\NSI.dll
0x00007ffbd87a0000 - 0x00007ffbd87b7000 	C:\Windows\SYSTEM32\dhcpcsvc6.DLL
0x00007ffbd8780000 - 0x00007ffbd879d000 	C:\Windows\SYSTEM32\dhcpcsvc.DLL
0x00007ffbdedf0000 - 0x00007ffbdeebb000 	C:\Windows\SYSTEM32\DNSAPI.dll

dbghelp: loaded successfully - version: 4.0.5 - missing functions: none
symbol engine: initialized successfully - sym options: 0x614 - pdb path: .;C:\Program Files\Android\Android Studio\jre\bin;C:\Windows\SYSTEM32;C:\Windows\WinSxS\amd64_microsoft.windows.common-controls_6595b64144ccf1df_6.0.19041.1110_none_60b5254171f9507e;C:\Program Files\Android\Android Studio\jre\bin\server;C:\Users\82109\.gradle\native\8bec1ad78214c89d9ad589b4d07fe93259594b29d510b10fafb7a158f7737e5d\windows-amd64;C:\Users\82109\.gradle\native\53dbd7edfb1c66fb8903c78663c9afc45aea4f116125fa6feffd364cf09443e8\windows-amd64

VM Arguments:
jvm_args: --add-opens=java.base/java.util=ALL-UNNAMED --add-opens=java.base/java.lang=ALL-UNNAMED --add-opens=java.base/java.lang.invoke=ALL-UNNAMED --add-opens=java.base/java.util=ALL-UNNAMED --add-opens=java.prefs/java.util.prefs=ALL-UNNAMED --add-opens=java.prefs/java.util.prefs=ALL-UNNAMED --add-opens=java.base/java.nio.charset=ALL-UNNAMED --add-opens=java.base/java.net=ALL-UNNAMED --add-opens=java.base/java.util.concurrent.atomic=ALL-UNNAMED -Xmx2048m -Dfile.encoding=UTF-8 -Duser.country=KR -Duser.language=ko -Duser.variant 
java_command: org.gradle.launcher.daemon.bootstrap.GradleDaemon 7.0.2
java_class_path (initial): C:\Users\82109\.gradle\wrapper\dists\gradle-7.0.2-bin\857tjihv64xamwrf0h14cai3r\gradle-7.0.2\lib\gradle-launcher-7.0.2.jar
Launcher Type: SUN_STANDARD

[Global flags]
     intx CICompilerCount                          = 4                                         {product} {ergonomic}
     uint ConcGCThreads                            = 2                                         {product} {ergonomic}
     uint G1ConcRefinementThreads                  = 8                                         {product} {ergonomic}
   size_t G1HeapRegionSize                         = 1048576                                   {product} {ergonomic}
    uintx GCDrainStackTargetSize                   = 64                                        {product} {ergonomic}
   size_t InitialHeapSize                          = 268435456                                 {product} {ergonomic}
   size_t MarkStackSize                            = 4194304                                   {product} {ergonomic}
   size_t MaxHeapSize                              = 2147483648                                {product} {command line}
   size_t MaxNewSize                               = 1287651328                                {product} {ergonomic}
   size_t MinHeapDeltaBytes                        = 1048576                                   {product} {ergonomic}
    uintx NonNMethodCodeHeapSize                   = 5836300                                {pd product} {ergonomic}
    uintx NonProfiledCodeHeapSize                  = 122910970                              {pd product} {ergonomic}
    uintx ProfiledCodeHeapSize                     = 122910970                              {pd product} {ergonomic}
    uintx ReservedCodeCacheSize                    = 251658240                              {pd product} {ergonomic}
     bool SegmentedCodeCache                       = true                                      {product} {ergonomic}
     bool UseCompressedClassPointers               = true                                 {lp64_product} {ergonomic}
     bool UseCompressedOops                        = true                                 {lp64_product} {ergonomic}
     bool UseG1GC                                  = true                                      {product} {ergonomic}
     bool UseLargePagesIndividualAllocation        = false                                  {pd product} {ergonomic}

Logging:
Log output configuration:
 #0: stdout all=warning uptime,level,tags
 #1: stderr all=off uptime,level,tags

Environment Variables:
PATH=C:\Program Files\NVIDIA GPU Computing Toolkit\CUDA\v8.0\bin;C:\Program Files\NVIDIA GPU Computing Toolkit\CUDA\v8.0\libnvvp;C:\ProgramData\Anaconda3;C:\ProgramData\Anaconda3\Library\mingw-w64\bin;C:\ProgramData\Anaconda3\Library\usr\bin;C:\ProgramData\Anaconda3\Library\bin;C:\ProgramData\Anaconda3\Scripts;C:\Program Files (x86)\Common Files\Oracle\Java\javapath;C:\Windows\system32;C:\Windows;C:\Windows\System32\Wbem;C:\Windows\System32\WindowsPowerShell\v1.0\;C:\Windows\System32\OpenSSH\;C:\Program Files (x86)\NVIDIA Corporation\PhysX\Common;C:\Program Files\MATLAB\R2021a\bin;C:\Program Files (x86)\Microsoft SQL Server\150\DTS\Binn\;C:\Program Files\Azure Data Studio\bin;C:\Program Files\Microsoft SQL Server\Client SDK\ODBC\170\Tools\Binn\;C:\Program Files (x86)\Microsoft SQL Server\150\Tools\Binn\;C:\Program Files\Microsoft SQL Server\150\Tools\Binn\;C:\Program Files\Microsoft SQL Server\150\DTS\Binn\;C:\Program Files\Git\cmd;C:\Users\82109\AppData\Local\Programs\Python\Python38\Scripts\;C:\Users\82109\AppData\Local\Programs\Python\Python38\;C:\Users\82109\AppData\Local\Microsoft\WindowsApps;C:\Program Files\Azure Data Studio\bin
USERNAME=82109
OS=Windows_NT
PROCESSOR_IDENTIFIER=Intel64 Family 6 Model 94 Stepping 3, GenuineIntel



---------------  S Y S T E M  ---------------

OS: Windows 10 , 64 bit Build 19041 (10.0.19041.1348)
OS uptime: 0 days 6:59 hours

CPU:total 8 (initial active 8) (4 cores per cpu, 2 threads per core) family 6 model 94 stepping 3 microcode 0xcc, cmov, cx8, fxsr, mmx, sse, sse2, sse3, ssse3, sse4.1, sse4.2, popcnt, avx, avx2, aes, clmul, erms, rtm, 3dnowpref, lzcnt, ht, tsc, tscinvbit, bmi1, bmi2, adx, fma

Memory: 4k page, system-wide physical 16269M (1412M free)
TotalPageFile size 16269M (AvailPageFile size 10M)
current process WorkingSet (physical memory assigned to process): 408M, peak: 411M
current process commit charge ("private bytes"): 516M, peak: 521M

vm_info: OpenJDK 64-Bit Server VM (11.0.10+0-b96-7249189) for windows-amd64 JRE (11.0.10+0-b96-7249189), built on Mar 31 2021 21:44:00 by "builder" with MS VC++ 14.0 (VS2015)

END.
