#
# There is insufficient memory for the Java Runtime Environment to continue.
# Native memory allocation (malloc) failed to allocate 1894736 bytes for Chunk::new
# Possible reasons:
#   The system is out of physical RAM or swap space
#   The process is running with CompressedOops enabled, and the Java Heap may be blocking the growth of the native heap
# Possible solutions:
#   Reduce memory load on the system
#   Increase physical memory or swap space
#   Check if swap backing store is full
#   Decrease Java heap size (-Xmx/-Xms)
#   Decrease number of Java threads
#   Decrease Java thread stack sizes (-Xss)
#   Set larger code cache with -XX:ReservedCodeCacheSize=
#   JVM is running with Unscaled Compressed Oops mode in which the Java heap is
#     placed in the first 4GB address space. The Java Heap base address is the
#     maximum limit for the native heap growth. Please use -XX:HeapBaseMinAddress
#     to set the Java Heap base and to place the Java Heap above 4GB virtual address.
# This output file may be truncated or incomplete.
#
#  Out of Memory Error (./src/hotspot/share/memory/arena.cpp:197), pid=16400, tid=16004
#
# JRE version: OpenJDK Runtime Environment (11.0.10) (build 11.0.10+0-b96-7249189)
# Java VM: OpenJDK 64-Bit Server VM (11.0.10+0-b96-7249189, mixed mode, tiered, compressed oops, g1 gc, windows-amd64)
# No core dump will be written. Minidumps are not enabled by default on client versions of Windows
#

---------------  S U M M A R Y ------------

Command Line: --add-opens=java.base/java.util=ALL-UNNAMED --add-opens=java.base/java.lang=ALL-UNNAMED --add-opens=java.base/java.lang.invoke=ALL-UNNAMED --add-opens=java.base/java.util=ALL-UNNAMED --add-opens=java.prefs/java.util.prefs=ALL-UNNAMED --add-opens=java.prefs/java.util.prefs=ALL-UNNAMED --add-opens=java.base/java.nio.charset=ALL-UNNAMED --add-opens=java.base/java.net=ALL-UNNAMED --add-opens=java.base/java.util.concurrent.atomic=ALL-UNNAMED -Xmx2048m -Dfile.encoding=UTF-8 -Duser.country=KR -Duser.language=ko -Duser.variant org.gradle.launcher.daemon.bootstrap.GradleDaemon 7.0.2

Host: Intel(R) Core(TM) i7-6700HQ CPU @ 2.60GHz, 8 cores, 15G,  Windows 10 , 64 bit Build 19041 (10.0.19041.1348)
Time: Sat Nov 20 19:09:09 2021 대한민국 표준시 elapsed time: 11.479324 seconds (0d 0h 0m 11s)

---------------  T H R E A D  ---------------

Current thread (0x000001e027791800):  JavaThread "C2 CompilerThread0" daemon [_thread_in_native, id=16004, stack(0x0000001c23800000,0x0000001c23900000)]


Current CompileTask:
C2:  11479 5506   !   4       com.google.common.reflect.TypeVisitor::visit (225 bytes)

Stack: [0x0000001c23800000,0x0000001c23900000]
Native frames: (J=compiled Java code, j=interpreted, Vv=VM code, C=native code)
V  [jvm.dll+0x5ecfaa]
V  [jvm.dll+0x722bd5]
V  [jvm.dll+0x72412d]
V  [jvm.dll+0x7247e3]
V  [jvm.dll+0x242928]
V  [jvm.dll+0xbc4fc]
V  [jvm.dll+0xbca0c]
V  [jvm.dll+0x352d3b]
V  [jvm.dll+0x320ad3]
V  [jvm.dll+0x31ffca]
V  [jvm.dll+0x1fb602]
V  [jvm.dll+0x1fa7f4]
V  [jvm.dll+0x18354c]
V  [jvm.dll+0x208ee7]
V  [jvm.dll+0x207731]
V  [jvm.dll+0x6eb1cf]
V  [jvm.dll+0x6e3d45]
V  [jvm.dll+0x5ebe96]
C  [ucrtbase.dll+0x21bb2]
C  [KERNEL32.DLL+0x17034]
C  [ntdll.dll+0x52651]


---------------  P R O C E S S  ---------------

Threads class SMR info:
_java_thread_list=0x000001e02a2f2a70, length=50, elements={
0x000001e00aa9d000, 0x000001e02770c000, 0x000001e027715800, 0x000001e02778b800,
0x000001e02778d000, 0x000001e02778e000, 0x000001e027791800, 0x000001e027792800,
0x000001e02779c800, 0x000001e02790b000, 0x000001e029dd8000, 0x000001e02a963000,
0x000001e0287af800, 0x000001e027ad7800, 0x000001e029a1d000, 0x000001e028d1f000,
0x000001e029ea0800, 0x000001e02981b000, 0x000001e02933e800, 0x000001e0299c2800,
0x000001e0299c3800, 0x000001e0299c5000, 0x000001e0299c4000, 0x000001e02b03e800,
0x000001e02b03d000, 0x000001e02b040000, 0x000001e02b03f800, 0x000001e02b041000,
0x000001e02b03d800, 0x000001e02b03b800, 0x000001e02b03c000, 0x000001e02b045000,
0x000001e02b048800, 0x000001e02b043800, 0x000001e02b047800, 0x000001e02b042800,
0x000001e02b049000, 0x000001e02b04a000, 0x000001e02b046000, 0x000001e02b044800,
0x000001e02ae4a800, 0x000001e02ae47000, 0x000001e02ae48000, 0x000001e02ae49000,
0x000001e02ae49800, 0x000001e02ae45800, 0x000001e02ae44800, 0x000001e02ae4b000,
0x000001e02ae46800, 0x000001e02ab7c800
}

Java Threads: ( => current thread )
  0x000001e00aa9d000 JavaThread "main" [_thread_blocked, id=13000, stack(0x0000001c22c00000,0x0000001c22d00000)]
  0x000001e02770c000 JavaThread "Reference Handler" daemon [_thread_blocked, id=4300, stack(0x0000001c23300000,0x0000001c23400000)]
  0x000001e027715800 JavaThread "Finalizer" daemon [_thread_blocked, id=15696, stack(0x0000001c23400000,0x0000001c23500000)]
  0x000001e02778b800 JavaThread "Signal Dispatcher" daemon [_thread_blocked, id=3712, stack(0x0000001c23500000,0x0000001c23600000)]
  0x000001e02778d000 JavaThread "Attach Listener" daemon [_thread_blocked, id=8572, stack(0x0000001c23600000,0x0000001c23700000)]
  0x000001e02778e000 JavaThread "Service Thread" daemon [_thread_blocked, id=17860, stack(0x0000001c23700000,0x0000001c23800000)]
=>0x000001e027791800 JavaThread "C2 CompilerThread0" daemon [_thread_in_native, id=16004, stack(0x0000001c23800000,0x0000001c23900000)]
  0x000001e027792800 JavaThread "C1 CompilerThread0" daemon [_thread_blocked, id=5664, stack(0x0000001c23900000,0x0000001c23a00000)]
  0x000001e02779c800 JavaThread "Sweeper thread" daemon [_thread_blocked, id=9508, stack(0x0000001c23a00000,0x0000001c23b00000)]
  0x000001e02790b000 JavaThread "Common-Cleaner" daemon [_thread_blocked, id=16124, stack(0x0000001c23b00000,0x0000001c23c00000)]
  0x000001e029dd8000 JavaThread "Daemon health stats" [_thread_blocked, id=13408, stack(0x0000001c24400000,0x0000001c24500000)]
  0x000001e02a963000 JavaThread "Incoming local TCP Connector on port 61378" [_thread_in_native, id=13728, stack(0x0000001c23d00000,0x0000001c23e00000)]
  0x000001e0287af800 JavaThread "Daemon periodic checks" [_thread_blocked, id=16996, stack(0x0000001c24300000,0x0000001c24400000)]
  0x000001e027ad7800 JavaThread "Daemon" [_thread_blocked, id=9152, stack(0x0000001c24500000,0x0000001c24600000)]
  0x000001e029a1d000 JavaThread "Handler for socket connection from /127.0.0.1:61378 to /127.0.0.1:61380" [_thread_in_native, id=16912, stack(0x0000001c24600000,0x0000001c24700000)]
  0x000001e028d1f000 JavaThread "Cancel handler" [_thread_blocked, id=9712, stack(0x0000001c24700000,0x0000001c24800000)]
  0x000001e029ea0800 JavaThread "Daemon worker" [_thread_in_vm, id=588, stack(0x0000001c24800000,0x0000001c24900000)]
  0x000001e02981b000 JavaThread "Asynchronous log dispatcher for DefaultDaemonConnection: socket connection from /127.0.0.1:61378 to /127.0.0.1:61380" [_thread_blocked, id=16392, stack(0x0000001c24900000,0x0000001c24a00000)]
  0x000001e02933e800 JavaThread "Stdin handler" [_thread_blocked, id=11928, stack(0x0000001c24a00000,0x0000001c24b00000)]
  0x000001e0299c2800 JavaThread "Daemon client event forwarder" [_thread_blocked, id=2776, stack(0x0000001c24b00000,0x0000001c24c00000)]
  0x000001e0299c3800 JavaThread "Cache worker for file hash cache (C:\Users\82109\.gradle\caches\7.0.2\fileHashes)" [_thread_blocked, id=5572, stack(0x0000001c24e00000,0x0000001c24f00000)]
  0x000001e0299c5000 JavaThread "File lock request listener" [_thread_in_native, id=11212, stack(0x0000001c24f00000,0x0000001c25000000)]
  0x000001e0299c4000 JavaThread "Cache worker for journal cache (C:\Users\82109\.gradle\caches\journal-1)" [_thread_blocked, id=8280, stack(0x0000001c25100000,0x0000001c25200000)]
  0x000001e02b03e800 JavaThread "Cache worker for file hash cache (C:\Users\82109\AndroidStudioProjects\Diary3\.gradle\7.0.2\fileHashes)" [_thread_blocked, id=3500, stack(0x0000001c25300000,0x0000001c25400000)]
  0x000001e02b03d000 JavaThread "File watcher server" daemon [_thread_in_native, id=12920, stack(0x0000001c25400000,0x0000001c25500000)]
  0x000001e02b040000 JavaThread "File watcher consumer" daemon [_thread_blocked, id=16836, stack(0x0000001c25500000,0x0000001c25600000)]
  0x000001e02b03f800 JavaThread "Cache worker for checksums cache (C:\Users\82109\AndroidStudioProjects\Diary3\.gradle\checksums)" [_thread_blocked, id=17692, stack(0x0000001c25600000,0x0000001c25700000)]
  0x000001e02b041000 JavaThread "Cache worker for cache directory md-supplier (C:\Users\82109\.gradle\caches\7.0.2\md-supplier)" [_thread_blocked, id=17888, stack(0x0000001c25700000,0x0000001c25800000)]
  0x000001e02b03d800 JavaThread "Cache worker for cache directory md-rule (C:\Users\82109\.gradle\caches\7.0.2\md-rule)" [_thread_blocked, id=1084, stack(0x0000001c25900000,0x0000001c25a00000)]
  0x000001e02b03b800 JavaThread "Cache worker for execution history cache (C:\Users\82109\.gradle\caches\7.0.2\executionHistory)" [_thread_blocked, id=14724, stack(0x0000001c25a00000,0x0000001c25b00000)]
  0x000001e02b03c000 JavaThread "jar transforms" [_thread_blocked, id=17272, stack(0x0000001c25b00000,0x0000001c25c00000)]
  0x000001e02b045000 JavaThread "jar transforms Thread 2" [_thread_blocked, id=2940, stack(0x0000001c25c00000,0x0000001c25d00000)]
  0x000001e02b048800 JavaThread "Cache worker for file content cache (C:\Users\82109\.gradle\caches\7.0.2\fileContent)" [_thread_blocked, id=15624, stack(0x0000001c25d00000,0x0000001c25e00000)]
  0x000001e02b043800 JavaThread "Cache worker for dependencies-accessors (C:\Users\82109\AndroidStudioProjects\Diary3\.gradle\7.0.2\dependencies-accessors)" [_thread_blocked, id=17120, stack(0x0000001c25e00000,0x0000001c25f00000)]
  0x000001e02b047800 JavaThread "jar transforms Thread 3" [_thread_blocked, id=12304, stack(0x0000001c25f00000,0x0000001c26000000)]
  0x000001e02b042800 JavaThread "Cache worker for Build Output Cleanup Cache (C:\Users\82109\AndroidStudioProjects\Diary3\.gradle\buildOutputCleanup)" [_thread_blocked, id=17360, stack(0x0000001c26000000,0x0000001c26100000)]
  0x000001e02b049000 JavaThread "Build operations" [_thread_blocked, id=9724, stack(0x0000001c26100000,0x0000001c26200000)]
  0x000001e02b04a000 JavaThread "Build operations Thread 2" [_thread_blocked, id=17316, stack(0x0000001c26200000,0x0000001c26300000)]
  0x000001e02b046000 JavaThread "Build operations Thread 3" [_thread_blocked, id=18388, stack(0x0000001c26300000,0x0000001c26400000)]
  0x000001e02b044800 JavaThread "Build operations Thread 4" [_thread_blocked, id=9480, stack(0x0000001c26400000,0x0000001c26500000)]
  0x000001e02ae4a800 JavaThread "Build operations Thread 5" [_thread_blocked, id=6308, stack(0x0000001c26500000,0x0000001c26600000)]
  0x000001e02ae47000 JavaThread "Build operations Thread 6" [_thread_blocked, id=8184, stack(0x0000001c26600000,0x0000001c26700000)]
  0x000001e02ae48000 JavaThread "Build operations Thread 7" [_thread_blocked, id=18248, stack(0x0000001c26700000,0x0000001c26800000)]
  0x000001e02ae49000 JavaThread "Build operations Thread 8" [_thread_blocked, id=9760, stack(0x0000001c26800000,0x0000001c26900000)]
  0x000001e02ae49800 JavaThread "jar transforms Thread 4" [_thread_blocked, id=17044, stack(0x0000001c26900000,0x0000001c26a00000)]
  0x000001e02ae45800 JavaThread "jar transforms Thread 5" [_thread_blocked, id=4296, stack(0x0000001c26a00000,0x0000001c26b00000)]
  0x000001e02ae44800 JavaThread "jar transforms Thread 6" [_thread_blocked, id=17572, stack(0x0000001c26b00000,0x0000001c26c00000)]
  0x000001e02ae4b000 JavaThread "jar transforms Thread 7" [_thread_blocked, id=1408, stack(0x0000001c26c00000,0x0000001c26d00000)]
  0x000001e02ae46800 JavaThread "jar transforms Thread 8" [_thread_blocked, id=9476, stack(0x0000001c26d00000,0x0000001c26e00000)]
  0x000001e02ab7c800 JavaThread "C2 CompilerThread1" daemon [_thread_in_native, id=1924, stack(0x0000001c25200000,0x0000001c25300000)]

Other Threads:
  0x000001e027708000 VMThread "VM Thread" [stack: 0x0000001c23200000,0x0000001c23300000] [id=4940]
  0x000001e02791c000 WatcherThread [stack: 0x0000001c23c00000,0x0000001c23d00000] [id=7704]
  0x000001e00aab4800 GCTaskThread "GC Thread#0" [stack: 0x0000001c22d00000,0x0000001c22e00000] [id=17732]
  0x000001e02887d000 GCTaskThread "GC Thread#1" [stack: 0x0000001c23e00000,0x0000001c23f00000] [id=14824]
  0x000001e028897800 GCTaskThread "GC Thread#2" [stack: 0x0000001c23f00000,0x0000001c24000000] [id=9528]
  0x000001e027c1a800 GCTaskThread "GC Thread#3" [stack: 0x0000001c24000000,0x0000001c24100000] [id=16880]
  0x000001e027c5d800 GCTaskThread "GC Thread#4" [stack: 0x0000001c24100000,0x0000001c24200000] [id=14560]
  0x000001e02890d800 GCTaskThread "GC Thread#5" [stack: 0x0000001c24200000,0x0000001c24300000] [id=1580]
  0x000001e029c06800 GCTaskThread "GC Thread#6" [stack: 0x0000001c24c00000,0x0000001c24d00000] [id=9196]
  0x000001e02976c800 GCTaskThread "GC Thread#7" [stack: 0x0000001c24d00000,0x0000001c24e00000] [id=17248]
  0x000001e00aae8800 ConcurrentGCThread "G1 Main Marker" [stack: 0x0000001c22e00000,0x0000001c22f00000] [id=12668]
  0x000001e00aaea000 ConcurrentGCThread "G1 Conc#0" [stack: 0x0000001c22f00000,0x0000001c23000000] [id=6992]
  0x000001e029d37800 ConcurrentGCThread "G1 Conc#1" [stack: 0x0000001c25000000,0x0000001c25100000] [id=12376]
  0x000001e00ab7e000 ConcurrentGCThread "G1 Refine#0" [stack: 0x0000001c23000000,0x0000001c23100000] [id=6232]
  0x000001e00ab7e800 ConcurrentGCThread "G1 Young RemSet Sampling" [stack: 0x0000001c23100000,0x0000001c23200000] [id=6172]

Threads with active compile tasks:
C2 CompilerThread0  11514 5506   !   4       com.google.common.reflect.TypeVisitor::visit (225 bytes)
C1 CompilerThread0  11514 5571       3       java.util.jar.Manifest::read (340 bytes)
C2 CompilerThread1  11514 5549       4       org.objectweb.asm.SymbolTable::addConstantUtf8 (98 bytes)

VM state:not at safepoint (normal execution)

VM Mutex/Monitor currently owned by a thread: None

Heap address: 0x0000000080000000, size: 2048 MB, Compressed Oops mode: 32-bit
Narrow klass base: 0x0000000000000000, Narrow klass shift: 3
Compressed class space size: 1073741824 Address: 0x0000000100000000

Heap:
 garbage-first heap   total 262144K, used 134276K [0x0000000080000000, 0x0000000100000000)
  region size 1024K, 115 young (117760K), 14 survivors (14336K)
 Metaspace       used 55928K, capacity 57271K, committed 57548K, reserved 1099776K
  class space    used 7055K, capacity 7542K, committed 7628K, reserved 1048576K
Heap Regions: E=young(eden), S=young(survivor), O=old, HS=humongous(starts), HC=humongous(continues), CS=collection set, F=free, A=archive, TAMS=top-at-mark-start (previous, next)
|   0|0x0000000080000000, 0x0000000080100000, 0x0000000080100000|100%| O|  |TAMS 0x0000000080100000, 0x0000000080000000| Untracked 
|   1|0x0000000080100000, 0x0000000080200000, 0x0000000080200000|100%| O|  |TAMS 0x0000000080200000, 0x0000000080100000| Untracked 
|   2|0x0000000080200000, 0x0000000080300000, 0x0000000080300000|100%| O|  |TAMS 0x0000000080300000, 0x0000000080200000| Untracked 
|   3|0x0000000080300000, 0x0000000080400000, 0x0000000080400000|100%|HS|  |TAMS 0x0000000080400000, 0x0000000080300000| Complete 
|   4|0x0000000080400000, 0x0000000080500000, 0x0000000080500000|100%|HC|  |TAMS 0x0000000080500000, 0x0000000080400000| Complete 
|   5|0x0000000080500000, 0x0000000080600000, 0x0000000080600000|100%|HC|  |TAMS 0x0000000080600000, 0x0000000080500000| Complete 
|   6|0x0000000080600000, 0x0000000080700000, 0x0000000080700000|100%| O|  |TAMS 0x0000000080700000, 0x0000000080600000| Untracked 
|   7|0x0000000080700000, 0x0000000080800000, 0x0000000080800000|100%| O|  |TAMS 0x0000000080800000, 0x0000000080700000| Untracked 
|   8|0x0000000080800000, 0x0000000080900000, 0x0000000080900000|100%| O|  |TAMS 0x0000000080900000, 0x0000000080800000| Untracked 
|   9|0x0000000080900000, 0x0000000080a00000, 0x0000000080a00000|100%| O|  |TAMS 0x0000000080a00000, 0x0000000080900000| Untracked 
|  10|0x0000000080a00000, 0x0000000080b00000, 0x0000000080b00000|100%| O|  |TAMS 0x0000000080b00000, 0x0000000080a00000| Untracked 
|  11|0x0000000080b00000, 0x0000000080c00000, 0x0000000080c00000|100%| O|  |TAMS 0x0000000080c00000, 0x0000000080b00000| Untracked 
|  12|0x0000000080c00000, 0x0000000080d00000, 0x0000000080d00000|100%| O|  |TAMS 0x0000000080d00000, 0x0000000080c00000| Untracked 
|  13|0x0000000080d00000, 0x0000000080e00000, 0x0000000080e00000|100%| O|  |TAMS 0x0000000080e00000, 0x0000000080d00000| Untracked 
|  14|0x0000000080e00000, 0x0000000080f00000, 0x0000000080f00000|100%| O|  |TAMS 0x0000000080f00000, 0x0000000080e00000| Untracked 
|  15|0x0000000080f00000, 0x0000000080fac400, 0x0000000081000000| 67%| O|  |TAMS 0x0000000080fac400, 0x0000000080f00000| Untracked 
|  16|0x0000000081000000, 0x0000000081100000, 0x0000000081100000|100%|HS|  |TAMS 0x0000000081000000, 0x0000000081000000| Complete 
|  17|0x0000000081100000, 0x0000000081200000, 0x0000000081200000|100%|HS|  |TAMS 0x0000000081100000, 0x0000000081100000| Complete 
|  18|0x0000000081200000, 0x0000000081300000, 0x0000000081300000|100%|HC|  |TAMS 0x0000000081200000, 0x0000000081200000| Complete 
|  19|0x0000000081300000, 0x0000000081300000, 0x0000000081400000|  0%| F|  |TAMS 0x0000000081300000, 0x0000000081300000| Untracked 
|  20|0x0000000081400000, 0x0000000081400000, 0x0000000081500000|  0%| F|  |TAMS 0x0000000081400000, 0x0000000081400000| Untracked 
|  21|0x0000000081500000, 0x0000000081500000, 0x0000000081600000|  0%| F|  |TAMS 0x0000000081500000, 0x0000000081500000| Untracked 
|  22|0x0000000081600000, 0x0000000081600000, 0x0000000081700000|  0%| F|  |TAMS 0x0000000081600000, 0x0000000081600000| Untracked 
|  23|0x0000000081700000, 0x0000000081700000, 0x0000000081800000|  0%| F|  |TAMS 0x0000000081700000, 0x0000000081700000| Untracked 
|  24|0x0000000081800000, 0x0000000081800000, 0x0000000081900000|  0%| F|  |TAMS 0x0000000081800000, 0x0000000081800000| Untracked 
|  25|0x0000000081900000, 0x0000000081900000, 0x0000000081a00000|  0%| F|  |TAMS 0x0000000081900000, 0x0000000081900000| Untracked 
|  26|0x0000000081a00000, 0x0000000081a00000, 0x0000000081b00000|  0%| F|  |TAMS 0x0000000081a00000, 0x0000000081a00000| Untracked 
|  27|0x0000000081b00000, 0x0000000081b00000, 0x0000000081c00000|  0%| F|  |TAMS 0x0000000081b00000, 0x0000000081b00000| Untracked 
|  28|0x0000000081c00000, 0x0000000081c00000, 0x0000000081d00000|  0%| F|  |TAMS 0x0000000081c00000, 0x0000000081c00000| Untracked 
|  29|0x0000000081d00000, 0x0000000081d00000, 0x0000000081e00000|  0%| F|  |TAMS 0x0000000081d00000, 0x0000000081d00000| Untracked 
|  30|0x0000000081e00000, 0x0000000081e00000, 0x0000000081f00000|  0%| F|  |TAMS 0x0000000081e00000, 0x0000000081e00000| Untracked 
|  31|0x0000000081f00000, 0x0000000081f00000, 0x0000000082000000|  0%| F|  |TAMS 0x0000000081f00000, 0x0000000081f00000| Untracked 
|  32|0x0000000082000000, 0x0000000082000000, 0x0000000082100000|  0%| F|  |TAMS 0x0000000082000000, 0x0000000082000000| Untracked 
|  33|0x0000000082100000, 0x0000000082100000, 0x0000000082200000|  0%| F|  |TAMS 0x0000000082100000, 0x0000000082100000| Untracked 
|  34|0x0000000082200000, 0x0000000082200000, 0x0000000082300000|  0%| F|  |TAMS 0x0000000082200000, 0x0000000082200000| Untracked 
|  35|0x0000000082300000, 0x0000000082300000, 0x0000000082400000|  0%| F|  |TAMS 0x0000000082300000, 0x0000000082300000| Untracked 
|  36|0x0000000082400000, 0x0000000082400000, 0x0000000082500000|  0%| F|  |TAMS 0x0000000082400000, 0x0000000082400000| Untracked 
|  37|0x0000000082500000, 0x0000000082500000, 0x0000000082600000|  0%| F|  |TAMS 0x0000000082500000, 0x0000000082500000| Untracked 
|  38|0x0000000082600000, 0x0000000082600000, 0x0000000082700000|  0%| F|  |TAMS 0x0000000082600000, 0x0000000082600000| Untracked 
|  39|0x0000000082700000, 0x0000000082700000, 0x0000000082800000|  0%| F|  |TAMS 0x0000000082700000, 0x0000000082700000| Untracked 
|  40|0x0000000082800000, 0x0000000082800000, 0x0000000082900000|  0%| F|  |TAMS 0x0000000082800000, 0x0000000082800000| Untracked 
|  41|0x0000000082900000, 0x0000000082900000, 0x0000000082a00000|  0%| F|  |TAMS 0x0000000082900000, 0x0000000082900000| Untracked 
|  42|0x0000000082a00000, 0x0000000082a00000, 0x0000000082b00000|  0%| F|  |TAMS 0x0000000082a00000, 0x0000000082a00000| Untracked 
|  43|0x0000000082b00000, 0x0000000082b00000, 0x0000000082c00000|  0%| F|  |TAMS 0x0000000082b00000, 0x0000000082b00000| Untracked 
|  44|0x0000000082c00000, 0x0000000082c00000, 0x0000000082d00000|  0%| F|  |TAMS 0x0000000082c00000, 0x0000000082c00000| Untracked 
|  45|0x0000000082d00000, 0x0000000082d00000, 0x0000000082e00000|  0%| F|  |TAMS 0x0000000082d00000, 0x0000000082d00000| Untracked 
|  46|0x0000000082e00000, 0x0000000082e00000, 0x0000000082f00000|  0%| F|  |TAMS 0x0000000082e00000, 0x0000000082e00000| Untracked 
|  47|0x0000000082f00000, 0x0000000082f00000, 0x0000000083000000|  0%| F|  |TAMS 0x0000000082f00000, 0x0000000082f00000| Untracked 
|  48|0x0000000083000000, 0x0000000083000000, 0x0000000083100000|  0%| F|  |TAMS 0x0000000083000000, 0x0000000083000000| Untracked 
|  49|0x0000000083100000, 0x0000000083100000, 0x0000000083200000|  0%| F|  |TAMS 0x0000000083100000, 0x0000000083100000| Untracked 
|  50|0x0000000083200000, 0x0000000083200000, 0x0000000083300000|  0%| F|  |TAMS 0x0000000083200000, 0x0000000083200000| Untracked 
|  51|0x0000000083300000, 0x0000000083300000, 0x0000000083400000|  0%| F|  |TAMS 0x0000000083300000, 0x0000000083300000| Untracked 
|  52|0x0000000083400000, 0x0000000083400000, 0x0000000083500000|  0%| F|  |TAMS 0x0000000083400000, 0x0000000083400000| Untracked 
|  53|0x0000000083500000, 0x0000000083500000, 0x0000000083600000|  0%| F|  |TAMS 0x0000000083500000, 0x0000000083500000| Untracked 
|  54|0x0000000083600000, 0x0000000083600000, 0x0000000083700000|  0%| F|  |TAMS 0x0000000083600000, 0x0000000083600000| Untracked 
|  55|0x0000000083700000, 0x0000000083700000, 0x0000000083800000|  0%| F|  |TAMS 0x0000000083700000, 0x0000000083700000| Untracked 
|  56|0x0000000083800000, 0x0000000083800000, 0x0000000083900000|  0%| F|  |TAMS 0x0000000083800000, 0x0000000083800000| Untracked 
|  57|0x0000000083900000, 0x0000000083900000, 0x0000000083a00000|  0%| F|  |TAMS 0x0000000083900000, 0x0000000083900000| Untracked 
|  58|0x0000000083a00000, 0x0000000083a00000, 0x0000000083b00000|  0%| F|  |TAMS 0x0000000083a00000, 0x0000000083a00000| Untracked 
|  59|0x0000000083b00000, 0x0000000083b00000, 0x0000000083c00000|  0%| F|  |TAMS 0x0000000083b00000, 0x0000000083b00000| Untracked 
|  60|0x0000000083c00000, 0x0000000083c00000, 0x0000000083d00000|  0%| F|  |TAMS 0x0000000083c00000, 0x0000000083c00000| Untracked 
|  61|0x0000000083d00000, 0x0000000083d00000, 0x0000000083e00000|  0%| F|  |TAMS 0x0000000083d00000, 0x0000000083d00000| Untracked 
|  62|0x0000000083e00000, 0x0000000083e00000, 0x0000000083f00000|  0%| F|  |TAMS 0x0000000083e00000, 0x0000000083e00000| Untracked 
|  63|0x0000000083f00000, 0x0000000083f00000, 0x0000000084000000|  0%| F|  |TAMS 0x0000000083f00000, 0x0000000083f00000| Untracked 
|  64|0x0000000084000000, 0x0000000084000000, 0x0000000084100000|  0%| F|  |TAMS 0x0000000084000000, 0x0000000084000000| Untracked 
|  65|0x0000000084100000, 0x0000000084100000, 0x0000000084200000|  0%| F|  |TAMS 0x0000000084100000, 0x0000000084100000| Untracked 
|  66|0x0000000084200000, 0x0000000084200000, 0x0000000084300000|  0%| F|  |TAMS 0x0000000084200000, 0x0000000084200000| Untracked 
|  67|0x0000000084300000, 0x0000000084300000, 0x0000000084400000|  0%| F|  |TAMS 0x0000000084300000, 0x0000000084300000| Untracked 
|  68|0x0000000084400000, 0x0000000084400000, 0x0000000084500000|  0%| F|  |TAMS 0x0000000084400000, 0x0000000084400000| Untracked 
|  69|0x0000000084500000, 0x0000000084500000, 0x0000000084600000|  0%| F|  |TAMS 0x0000000084500000, 0x0000000084500000| Untracked 
|  70|0x0000000084600000, 0x0000000084600000, 0x0000000084700000|  0%| F|  |TAMS 0x0000000084600000, 0x0000000084600000| Untracked 
|  71|0x0000000084700000, 0x0000000084700000, 0x0000000084800000|  0%| F|  |TAMS 0x0000000084700000, 0x0000000084700000| Untracked 
|  72|0x0000000084800000, 0x0000000084800000, 0x0000000084900000|  0%| F|  |TAMS 0x0000000084800000, 0x0000000084800000| Untracked 
|  73|0x0000000084900000, 0x0000000084900000, 0x0000000084a00000|  0%| F|  |TAMS 0x0000000084900000, 0x0000000084900000| Untracked 
|  74|0x0000000084a00000, 0x0000000084a00000, 0x0000000084b00000|  0%| F|  |TAMS 0x0000000084a00000, 0x0000000084a00000| Untracked 
|  75|0x0000000084b00000, 0x0000000084b00000, 0x0000000084c00000|  0%| F|  |TAMS 0x0000000084b00000, 0x0000000084b00000| Untracked 
|  76|0x0000000084c00000, 0x0000000084c00000, 0x0000000084d00000|  0%| F|  |TAMS 0x0000000084c00000, 0x0000000084c00000| Untracked 
|  77|0x0000000084d00000, 0x0000000084d00000, 0x0000000084e00000|  0%| F|  |TAMS 0x0000000084d00000, 0x0000000084d00000| Untracked 
|  78|0x0000000084e00000, 0x0000000084e00000, 0x0000000084f00000|  0%| F|  |TAMS 0x0000000084e00000, 0x0000000084e00000| Untracked 
|  79|0x0000000084f00000, 0x0000000084f00000, 0x0000000085000000|  0%| F|  |TAMS 0x0000000084f00000, 0x0000000084f00000| Untracked 
|  80|0x0000000085000000, 0x0000000085000000, 0x0000000085100000|  0%| F|  |TAMS 0x0000000085000000, 0x0000000085000000| Untracked 
|  81|0x0000000085100000, 0x0000000085100000, 0x0000000085200000|  0%| F|  |TAMS 0x0000000085100000, 0x0000000085100000| Untracked 
|  82|0x0000000085200000, 0x0000000085200000, 0x0000000085300000|  0%| F|  |TAMS 0x0000000085200000, 0x0000000085200000| Untracked 
|  83|0x0000000085300000, 0x0000000085300000, 0x0000000085400000|  0%| F|  |TAMS 0x0000000085300000, 0x0000000085300000| Untracked 
|  84|0x0000000085400000, 0x0000000085400000, 0x0000000085500000|  0%| F|  |TAMS 0x0000000085400000, 0x0000000085400000| Untracked 
|  85|0x0000000085500000, 0x0000000085500000, 0x0000000085600000|  0%| F|  |TAMS 0x0000000085500000, 0x0000000085500000| Untracked 
|  86|0x0000000085600000, 0x0000000085600000, 0x0000000085700000|  0%| F|  |TAMS 0x0000000085600000, 0x0000000085600000| Untracked 
|  87|0x0000000085700000, 0x0000000085700000, 0x0000000085800000|  0%| F|  |TAMS 0x0000000085700000, 0x0000000085700000| Untracked 
|  88|0x0000000085800000, 0x0000000085800000, 0x0000000085900000|  0%| F|  |TAMS 0x0000000085800000, 0x0000000085800000| Untracked 
|  89|0x0000000085900000, 0x0000000085900000, 0x0000000085a00000|  0%| F|  |TAMS 0x0000000085900000, 0x0000000085900000| Untracked 
|  90|0x0000000085a00000, 0x0000000085a00000, 0x0000000085b00000|  0%| F|  |TAMS 0x0000000085a00000, 0x0000000085a00000| Untracked 
|  91|0x0000000085b00000, 0x0000000085b00000, 0x0000000085c00000|  0%| F|  |TAMS 0x0000000085b00000, 0x0000000085b00000| Untracked 
|  92|0x0000000085c00000, 0x0000000085c00000, 0x0000000085d00000|  0%| F|  |TAMS 0x0000000085c00000, 0x0000000085c00000| Untracked 
|  93|0x0000000085d00000, 0x0000000085d00000, 0x0000000085e00000|  0%| F|  |TAMS 0x0000000085d00000, 0x0000000085d00000| Untracked 
|  94|0x0000000085e00000, 0x0000000085e00000, 0x0000000085f00000|  0%| F|  |TAMS 0x0000000085e00000, 0x0000000085e00000| Untracked 
|  95|0x0000000085f00000, 0x0000000085f00000, 0x0000000086000000|  0%| F|  |TAMS 0x0000000085f00000, 0x0000000085f00000| Untracked 
|  96|0x0000000086000000, 0x0000000086000000, 0x0000000086100000|  0%| F|  |TAMS 0x0000000086000000, 0x0000000086000000| Untracked 
|  97|0x0000000086100000, 0x0000000086100000, 0x0000000086200000|  0%| F|  |TAMS 0x0000000086100000, 0x0000000086100000| Untracked 
|  98|0x0000000086200000, 0x0000000086200000, 0x0000000086300000|  0%| F|  |TAMS 0x0000000086200000, 0x0000000086200000| Untracked 
|  99|0x0000000086300000, 0x0000000086300000, 0x0000000086400000|  0%| F|  |TAMS 0x0000000086300000, 0x0000000086300000| Untracked 
| 100|0x0000000086400000, 0x0000000086400000, 0x0000000086500000|  0%| F|  |TAMS 0x0000000086400000, 0x0000000086400000| Untracked 
| 101|0x0000000086500000, 0x0000000086500000, 0x0000000086600000|  0%| F|  |TAMS 0x0000000086500000, 0x0000000086500000| Untracked 
| 102|0x0000000086600000, 0x0000000086600000, 0x0000000086700000|  0%| F|  |TAMS 0x0000000086600000, 0x0000000086600000| Untracked 
| 103|0x0000000086700000, 0x0000000086774c88, 0x0000000086800000| 45%| S|CS|TAMS 0x0000000086700000, 0x0000000086700000| Complete 
| 104|0x0000000086800000, 0x0000000086900000, 0x0000000086900000|100%| S|CS|TAMS 0x0000000086800000, 0x0000000086800000| Complete 
| 105|0x0000000086900000, 0x0000000086a00000, 0x0000000086a00000|100%| S|CS|TAMS 0x0000000086900000, 0x0000000086900000| Complete 
| 106|0x0000000086a00000, 0x0000000086b00000, 0x0000000086b00000|100%| S|CS|TAMS 0x0000000086a00000, 0x0000000086a00000| Complete 
| 107|0x0000000086b00000, 0x0000000086c00000, 0x0000000086c00000|100%| S|CS|TAMS 0x0000000086b00000, 0x0000000086b00000| Complete 
| 108|0x0000000086c00000, 0x0000000086d00000, 0x0000000086d00000|100%| S|CS|TAMS 0x0000000086c00000, 0x0000000086c00000| Complete 
| 109|0x0000000086d00000, 0x0000000086e00000, 0x0000000086e00000|100%| S|CS|TAMS 0x0000000086d00000, 0x0000000086d00000| Complete 
| 110|0x0000000086e00000, 0x0000000086f00000, 0x0000000086f00000|100%| S|CS|TAMS 0x0000000086e00000, 0x0000000086e00000| Complete 
| 111|0x0000000086f00000, 0x0000000087000000, 0x0000000087000000|100%| S|CS|TAMS 0x0000000086f00000, 0x0000000086f00000| Complete 
| 112|0x0000000087000000, 0x0000000087100000, 0x0000000087100000|100%| S|CS|TAMS 0x0000000087000000, 0x0000000087000000| Complete 
| 113|0x0000000087100000, 0x0000000087200000, 0x0000000087200000|100%| S|CS|TAMS 0x0000000087100000, 0x0000000087100000| Complete 
| 114|0x0000000087200000, 0x0000000087300000, 0x0000000087300000|100%| S|CS|TAMS 0x0000000087200000, 0x0000000087200000| Complete 
| 115|0x0000000087300000, 0x0000000087400000, 0x0000000087400000|100%| S|CS|TAMS 0x0000000087300000, 0x0000000087300000| Complete 
| 116|0x0000000087400000, 0x0000000087500000, 0x0000000087500000|100%| S|CS|TAMS 0x0000000087400000, 0x0000000087400000| Complete 
| 117|0x0000000087500000, 0x0000000087500000, 0x0000000087600000|  0%| F|  |TAMS 0x0000000087500000, 0x0000000087500000| Untracked 
| 118|0x0000000087600000, 0x0000000087600000, 0x0000000087700000|  0%| F|  |TAMS 0x0000000087600000, 0x0000000087600000| Untracked 
| 119|0x0000000087700000, 0x0000000087700000, 0x0000000087800000|  0%| F|  |TAMS 0x0000000087700000, 0x0000000087700000| Untracked 
| 120|0x0000000087800000, 0x0000000087800000, 0x0000000087900000|  0%| F|  |TAMS 0x0000000087800000, 0x0000000087800000| Untracked 
| 121|0x0000000087900000, 0x0000000087900000, 0x0000000087a00000|  0%| F|  |TAMS 0x0000000087900000, 0x0000000087900000| Untracked 
| 122|0x0000000087a00000, 0x0000000087a00000, 0x0000000087b00000|  0%| F|  |TAMS 0x0000000087a00000, 0x0000000087a00000| Untracked 
| 123|0x0000000087b00000, 0x0000000087b00000, 0x0000000087c00000|  0%| F|  |TAMS 0x0000000087b00000, 0x0000000087b00000| Untracked 
| 124|0x0000000087c00000, 0x0000000087c00000, 0x0000000087d00000|  0%| F|  |TAMS 0x0000000087c00000, 0x0000000087c00000| Untracked 
| 125|0x0000000087d00000, 0x0000000087d00000, 0x0000000087e00000|  0%| F|  |TAMS 0x0000000087d00000, 0x0000000087d00000| Untracked 
| 126|0x0000000087e00000, 0x0000000087e00000, 0x0000000087f00000|  0%| F|  |TAMS 0x0000000087e00000, 0x0000000087e00000| Untracked 
| 127|0x0000000087f00000, 0x0000000087f00000, 0x0000000088000000|  0%| F|  |TAMS 0x0000000087f00000, 0x0000000087f00000| Untracked 
| 128|0x0000000088000000, 0x0000000088000000, 0x0000000088100000|  0%| F|  |TAMS 0x0000000088000000, 0x0000000088000000| Untracked 
| 129|0x0000000088100000, 0x0000000088100000, 0x0000000088200000|  0%| F|  |TAMS 0x0000000088100000, 0x0000000088100000| Untracked 
| 130|0x0000000088200000, 0x0000000088200000, 0x0000000088300000|  0%| F|  |TAMS 0x0000000088200000, 0x0000000088200000| Untracked 
| 131|0x0000000088300000, 0x0000000088300000, 0x0000000088400000|  0%| F|  |TAMS 0x0000000088300000, 0x0000000088300000| Untracked 
| 132|0x0000000088400000, 0x0000000088400000, 0x0000000088500000|  0%| F|  |TAMS 0x0000000088400000, 0x0000000088400000| Untracked 
| 133|0x0000000088500000, 0x0000000088500000, 0x0000000088600000|  0%| F|  |TAMS 0x0000000088500000, 0x0000000088500000| Untracked 
| 134|0x0000000088600000, 0x0000000088600000, 0x0000000088700000|  0%| F|  |TAMS 0x0000000088600000, 0x0000000088600000| Untracked 
| 135|0x0000000088700000, 0x0000000088700000, 0x0000000088800000|  0%| F|  |TAMS 0x0000000088700000, 0x0000000088700000| Untracked 
| 136|0x0000000088800000, 0x0000000088800000, 0x0000000088900000|  0%| F|  |TAMS 0x0000000088800000, 0x0000000088800000| Untracked 
| 137|0x0000000088900000, 0x0000000088900000, 0x0000000088a00000|  0%| F|  |TAMS 0x0000000088900000, 0x0000000088900000| Untracked 
| 138|0x0000000088a00000, 0x0000000088a00000, 0x0000000088b00000|  0%| F|  |TAMS 0x0000000088a00000, 0x0000000088a00000| Untracked 
| 139|0x0000000088b00000, 0x0000000088b00000, 0x0000000088c00000|  0%| F|  |TAMS 0x0000000088b00000, 0x0000000088b00000| Untracked 
| 140|0x0000000088c00000, 0x0000000088c00000, 0x0000000088d00000|  0%| F|  |TAMS 0x0000000088c00000, 0x0000000088c00000| Untracked 
| 141|0x0000000088d00000, 0x0000000088d00000, 0x0000000088e00000|  0%| F|  |TAMS 0x0000000088d00000, 0x0000000088d00000| Untracked 
| 142|0x0000000088e00000, 0x0000000088e00000, 0x0000000088f00000|  0%| F|  |TAMS 0x0000000088e00000, 0x0000000088e00000| Untracked 
| 143|0x0000000088f00000, 0x0000000088f00000, 0x0000000089000000|  0%| F|  |TAMS 0x0000000088f00000, 0x0000000088f00000| Untracked 
| 144|0x0000000089000000, 0x0000000089000000, 0x0000000089100000|  0%| F|  |TAMS 0x0000000089000000, 0x0000000089000000| Untracked 
| 145|0x0000000089100000, 0x0000000089100000, 0x0000000089200000|  0%| F|  |TAMS 0x0000000089100000, 0x0000000089100000| Untracked 
| 146|0x0000000089200000, 0x0000000089200000, 0x0000000089300000|  0%| F|  |TAMS 0x0000000089200000, 0x0000000089200000| Untracked 
| 147|0x0000000089300000, 0x0000000089300000, 0x0000000089400000|  0%| F|  |TAMS 0x0000000089300000, 0x0000000089300000| Untracked 
| 148|0x0000000089400000, 0x0000000089400000, 0x0000000089500000|  0%| F|  |TAMS 0x0000000089400000, 0x0000000089400000| Untracked 
| 149|0x0000000089500000, 0x0000000089500000, 0x0000000089600000|  0%| F|  |TAMS 0x0000000089500000, 0x0000000089500000| Untracked 
| 150|0x0000000089600000, 0x0000000089600000, 0x0000000089700000|  0%| F|  |TAMS 0x0000000089600000, 0x0000000089600000| Untracked 
| 151|0x0000000089700000, 0x0000000089700000, 0x0000000089800000|  0%| F|  |TAMS 0x0000000089700000, 0x0000000089700000| Untracked 
| 152|0x0000000089800000, 0x0000000089800000, 0x0000000089900000|  0%| F|  |TAMS 0x0000000089800000, 0x0000000089800000| Untracked 
| 153|0x0000000089900000, 0x0000000089900000, 0x0000000089a00000|  0%| F|  |TAMS 0x0000000089900000, 0x0000000089900000| Untracked 
| 154|0x0000000089a00000, 0x0000000089a80800, 0x0000000089b00000| 50%| E|  |TAMS 0x0000000089a00000, 0x0000000089a00000| Complete 
| 155|0x0000000089b00000, 0x0000000089c00000, 0x0000000089c00000|100%| E|CS|TAMS 0x0000000089b00000, 0x0000000089b00000| Complete 
| 156|0x0000000089c00000, 0x0000000089d00000, 0x0000000089d00000|100%| E|CS|TAMS 0x0000000089c00000, 0x0000000089c00000| Complete 
| 157|0x0000000089d00000, 0x0000000089e00000, 0x0000000089e00000|100%| E|CS|TAMS 0x0000000089d00000, 0x0000000089d00000| Complete 
| 158|0x0000000089e00000, 0x0000000089f00000, 0x0000000089f00000|100%| E|CS|TAMS 0x0000000089e00000, 0x0000000089e00000| Complete 
| 159|0x0000000089f00000, 0x000000008a000000, 0x000000008a000000|100%| E|CS|TAMS 0x0000000089f00000, 0x0000000089f00000| Complete 
| 160|0x000000008a000000, 0x000000008a100000, 0x000000008a100000|100%| E|CS|TAMS 0x000000008a000000, 0x000000008a000000| Complete 
| 161|0x000000008a100000, 0x000000008a200000, 0x000000008a200000|100%| E|CS|TAMS 0x000000008a100000, 0x000000008a100000| Complete 
| 162|0x000000008a200000, 0x000000008a300000, 0x000000008a300000|100%| E|CS|TAMS 0x000000008a200000, 0x000000008a200000| Complete 
| 163|0x000000008a300000, 0x000000008a400000, 0x000000008a400000|100%| E|CS|TAMS 0x000000008a300000, 0x000000008a300000| Complete 
| 164|0x000000008a400000, 0x000000008a500000, 0x000000008a500000|100%| E|CS|TAMS 0x000000008a400000, 0x000000008a400000| Complete 
| 165|0x000000008a500000, 0x000000008a600000, 0x000000008a600000|100%| E|CS|TAMS 0x000000008a500000, 0x000000008a500000| Complete 
| 166|0x000000008a600000, 0x000000008a700000, 0x000000008a700000|100%| E|CS|TAMS 0x000000008a600000, 0x000000008a600000| Complete 
| 167|0x000000008a700000, 0x000000008a800000, 0x000000008a800000|100%| E|CS|TAMS 0x000000008a700000, 0x000000008a700000| Complete 
| 168|0x000000008a800000, 0x000000008a900000, 0x000000008a900000|100%| E|CS|TAMS 0x000000008a800000, 0x000000008a800000| Complete 
| 169|0x000000008a900000, 0x000000008aa00000, 0x000000008aa00000|100%| E|CS|TAMS 0x000000008a900000, 0x000000008a900000| Complete 
| 170|0x000000008aa00000, 0x000000008ab00000, 0x000000008ab00000|100%| E|CS|TAMS 0x000000008aa00000, 0x000000008aa00000| Complete 
| 171|0x000000008ab00000, 0x000000008ac00000, 0x000000008ac00000|100%| E|CS|TAMS 0x000000008ab00000, 0x000000008ab00000| Complete 
| 172|0x000000008ac00000, 0x000000008ad00000, 0x000000008ad00000|100%| E|CS|TAMS 0x000000008ac00000, 0x000000008ac00000| Complete 
| 173|0x000000008ad00000, 0x000000008ae00000, 0x000000008ae00000|100%| E|CS|TAMS 0x000000008ad00000, 0x000000008ad00000| Complete 
| 174|0x000000008ae00000, 0x000000008af00000, 0x000000008af00000|100%| E|CS|TAMS 0x000000008ae00000, 0x000000008ae00000| Complete 
| 175|0x000000008af00000, 0x000000008b000000, 0x000000008b000000|100%| E|CS|TAMS 0x000000008af00000, 0x000000008af00000| Complete 
| 176|0x000000008b000000, 0x000000008b100000, 0x000000008b100000|100%| E|CS|TAMS 0x000000008b000000, 0x000000008b000000| Complete 
| 177|0x000000008b100000, 0x000000008b200000, 0x000000008b200000|100%| E|CS|TAMS 0x000000008b100000, 0x000000008b100000| Complete 
| 178|0x000000008b200000, 0x000000008b300000, 0x000000008b300000|100%| E|CS|TAMS 0x000000008b200000, 0x000000008b200000| Complete 
| 179|0x000000008b300000, 0x000000008b400000, 0x000000008b400000|100%| E|CS|TAMS 0x000000008b300000, 0x000000008b300000| Complete 
| 180|0x000000008b400000, 0x000000008b500000, 0x000000008b500000|100%| E|CS|TAMS 0x000000008b400000, 0x000000008b400000| Complete 
| 181|0x000000008b500000, 0x000000008b600000, 0x000000008b600000|100%| E|CS|TAMS 0x000000008b500000, 0x000000008b500000| Complete 
| 182|0x000000008b600000, 0x000000008b700000, 0x000000008b700000|100%| E|CS|TAMS 0x000000008b600000, 0x000000008b600000| Complete 
| 183|0x000000008b700000, 0x000000008b800000, 0x000000008b800000|100%| E|CS|TAMS 0x000000008b700000, 0x000000008b700000| Complete 
| 184|0x000000008b800000, 0x000000008b900000, 0x000000008b900000|100%| E|CS|TAMS 0x000000008b800000, 0x000000008b800000| Complete 
| 185|0x000000008b900000, 0x000000008ba00000, 0x000000008ba00000|100%| E|CS|TAMS 0x000000008b900000, 0x000000008b900000| Complete 
| 186|0x000000008ba00000, 0x000000008bb00000, 0x000000008bb00000|100%| E|CS|TAMS 0x000000008ba00000, 0x000000008ba00000| Complete 
| 187|0x000000008bb00000, 0x000000008bc00000, 0x000000008bc00000|100%| E|CS|TAMS 0x000000008bb00000, 0x000000008bb00000| Complete 
| 188|0x000000008bc00000, 0x000000008bd00000, 0x000000008bd00000|100%| E|CS|TAMS 0x000000008bc00000, 0x000000008bc00000| Complete 
| 189|0x000000008bd00000, 0x000000008be00000, 0x000000008be00000|100%| E|CS|TAMS 0x000000008bd00000, 0x000000008bd00000| Complete 
| 190|0x000000008be00000, 0x000000008bf00000, 0x000000008bf00000|100%| E|CS|TAMS 0x000000008be00000, 0x000000008be00000| Complete 
| 191|0x000000008bf00000, 0x000000008c000000, 0x000000008c000000|100%| E|CS|TAMS 0x000000008bf00000, 0x000000008bf00000| Complete 
| 192|0x000000008c000000, 0x000000008c100000, 0x000000008c100000|100%| E|CS|TAMS 0x000000008c000000, 0x000000008c000000| Complete 
| 193|0x000000008c100000, 0x000000008c200000, 0x000000008c200000|100%| E|CS|TAMS 0x000000008c100000, 0x000000008c100000| Complete 
| 194|0x000000008c200000, 0x000000008c300000, 0x000000008c300000|100%| E|CS|TAMS 0x000000008c200000, 0x000000008c200000| Complete 
| 195|0x000000008c300000, 0x000000008c400000, 0x000000008c400000|100%| E|CS|TAMS 0x000000008c300000, 0x000000008c300000| Complete 
| 196|0x000000008c400000, 0x000000008c500000, 0x000000008c500000|100%| E|CS|TAMS 0x000000008c400000, 0x000000008c400000| Complete 
| 197|0x000000008c500000, 0x000000008c600000, 0x000000008c600000|100%| E|CS|TAMS 0x000000008c500000, 0x000000008c500000| Complete 
| 198|0x000000008c600000, 0x000000008c700000, 0x000000008c700000|100%| E|CS|TAMS 0x000000008c600000, 0x000000008c600000| Complete 
| 199|0x000000008c700000, 0x000000008c800000, 0x000000008c800000|100%| E|CS|TAMS 0x000000008c700000, 0x000000008c700000| Complete 
| 200|0x000000008c800000, 0x000000008c900000, 0x000000008c900000|100%| E|CS|TAMS 0x000000008c800000, 0x000000008c800000| Complete 
| 201|0x000000008c900000, 0x000000008ca00000, 0x000000008ca00000|100%| E|CS|TAMS 0x000000008c900000, 0x000000008c900000| Complete 
| 202|0x000000008ca00000, 0x000000008cb00000, 0x000000008cb00000|100%| E|CS|TAMS 0x000000008ca00000, 0x000000008ca00000| Complete 
| 203|0x000000008cb00000, 0x000000008cc00000, 0x000000008cc00000|100%| E|CS|TAMS 0x000000008cb00000, 0x000000008cb00000| Complete 
| 204|0x000000008cc00000, 0x000000008cd00000, 0x000000008cd00000|100%| E|CS|TAMS 0x000000008cc00000, 0x000000008cc00000| Complete 
| 205|0x000000008cd00000, 0x000000008ce00000, 0x000000008ce00000|100%| E|CS|TAMS 0x000000008cd00000, 0x000000008cd00000| Complete 
| 206|0x000000008ce00000, 0x000000008cf00000, 0x000000008cf00000|100%| E|CS|TAMS 0x000000008ce00000, 0x000000008ce00000| Complete 
| 207|0x000000008cf00000, 0x000000008d000000, 0x000000008d000000|100%| E|CS|TAMS 0x000000008cf00000, 0x000000008cf00000| Complete 
| 208|0x000000008d000000, 0x000000008d100000, 0x000000008d100000|100%| E|CS|TAMS 0x000000008d000000, 0x000000008d000000| Complete 
| 209|0x000000008d100000, 0x000000008d200000, 0x000000008d200000|100%| E|CS|TAMS 0x000000008d100000, 0x000000008d100000| Complete 
| 210|0x000000008d200000, 0x000000008d300000, 0x000000008d300000|100%| E|CS|TAMS 0x000000008d200000, 0x000000008d200000| Complete 
| 211|0x000000008d300000, 0x000000008d400000, 0x000000008d400000|100%| E|CS|TAMS 0x000000008d300000, 0x000000008d300000| Complete 
| 212|0x000000008d400000, 0x000000008d500000, 0x000000008d500000|100%| E|CS|TAMS 0x000000008d400000, 0x000000008d400000| Complete 
| 213|0x000000008d500000, 0x000000008d600000, 0x000000008d600000|100%| E|CS|TAMS 0x000000008d500000, 0x000000008d500000| Complete 
| 214|0x000000008d600000, 0x000000008d700000, 0x000000008d700000|100%| E|CS|TAMS 0x000000008d600000, 0x000000008d600000| Complete 
| 215|0x000000008d700000, 0x000000008d800000, 0x000000008d800000|100%| E|CS|TAMS 0x000000008d700000, 0x000000008d700000| Complete 
| 216|0x000000008d800000, 0x000000008d900000, 0x000000008d900000|100%| E|CS|TAMS 0x000000008d800000, 0x000000008d800000| Complete 
| 217|0x000000008d900000, 0x000000008da00000, 0x000000008da00000|100%| E|CS|TAMS 0x000000008d900000, 0x000000008d900000| Complete 
| 218|0x000000008da00000, 0x000000008db00000, 0x000000008db00000|100%| E|CS|TAMS 0x000000008da00000, 0x000000008da00000| Complete 
| 219|0x000000008db00000, 0x000000008dc00000, 0x000000008dc00000|100%| E|CS|TAMS 0x000000008db00000, 0x000000008db00000| Complete 
| 220|0x000000008dc00000, 0x000000008dd00000, 0x000000008dd00000|100%| E|CS|TAMS 0x000000008dc00000, 0x000000008dc00000| Complete 
| 221|0x000000008dd00000, 0x000000008de00000, 0x000000008de00000|100%| E|CS|TAMS 0x000000008dd00000, 0x000000008dd00000| Complete 
| 222|0x000000008de00000, 0x000000008df00000, 0x000000008df00000|100%| E|  |TAMS 0x000000008de00000, 0x000000008de00000| Complete 
| 223|0x000000008df00000, 0x000000008e000000, 0x000000008e000000|100%| E|CS|TAMS 0x000000008df00000, 0x000000008df00000| Complete 
| 224|0x000000008e000000, 0x000000008e100000, 0x000000008e100000|100%| E|CS|TAMS 0x000000008e000000, 0x000000008e000000| Complete 
| 225|0x000000008e100000, 0x000000008e200000, 0x000000008e200000|100%| E|CS|TAMS 0x000000008e100000, 0x000000008e100000| Complete 
| 226|0x000000008e200000, 0x000000008e300000, 0x000000008e300000|100%| E|CS|TAMS 0x000000008e200000, 0x000000008e200000| Complete 
| 227|0x000000008e300000, 0x000000008e400000, 0x000000008e400000|100%| E|CS|TAMS 0x000000008e300000, 0x000000008e300000| Complete 
| 228|0x000000008e400000, 0x000000008e500000, 0x000000008e500000|100%| E|CS|TAMS 0x000000008e400000, 0x000000008e400000| Complete 
| 229|0x000000008e500000, 0x000000008e600000, 0x000000008e600000|100%| E|CS|TAMS 0x000000008e500000, 0x000000008e500000| Complete 
| 230|0x000000008e600000, 0x000000008e700000, 0x000000008e700000|100%| E|CS|TAMS 0x000000008e600000, 0x000000008e600000| Complete 
| 231|0x000000008e700000, 0x000000008e800000, 0x000000008e800000|100%| E|CS|TAMS 0x000000008e700000, 0x000000008e700000| Complete 
| 232|0x000000008e800000, 0x000000008e900000, 0x000000008e900000|100%| E|CS|TAMS 0x000000008e800000, 0x000000008e800000| Complete 
| 233|0x000000008e900000, 0x000000008ea00000, 0x000000008ea00000|100%| E|CS|TAMS 0x000000008e900000, 0x000000008e900000| Complete 
| 234|0x000000008ea00000, 0x000000008eb00000, 0x000000008eb00000|100%| E|CS|TAMS 0x000000008ea00000, 0x000000008ea00000| Complete 
| 235|0x000000008eb00000, 0x000000008ec00000, 0x000000008ec00000|100%| E|CS|TAMS 0x000000008eb00000, 0x000000008eb00000| Complete 
| 236|0x000000008ec00000, 0x000000008ed00000, 0x000000008ed00000|100%| E|CS|TAMS 0x000000008ec00000, 0x000000008ec00000| Complete 
| 237|0x000000008ed00000, 0x000000008ee00000, 0x000000008ee00000|100%| E|CS|TAMS 0x000000008ed00000, 0x000000008ed00000| Complete 
| 238|0x000000008ee00000, 0x000000008ef00000, 0x000000008ef00000|100%| E|CS|TAMS 0x000000008ee00000, 0x000000008ee00000| Complete 
| 239|0x000000008ef00000, 0x000000008f000000, 0x000000008f000000|100%| E|CS|TAMS 0x000000008ef00000, 0x000000008ef00000| Complete 
| 240|0x000000008f000000, 0x000000008f100000, 0x000000008f100000|100%| E|CS|TAMS 0x000000008f000000, 0x000000008f000000| Complete 
| 241|0x000000008f100000, 0x000000008f200000, 0x000000008f200000|100%| E|CS|TAMS 0x000000008f100000, 0x000000008f100000| Complete 
| 242|0x000000008f200000, 0x000000008f300000, 0x000000008f300000|100%| E|CS|TAMS 0x000000008f200000, 0x000000008f200000| Complete 
| 243|0x000000008f300000, 0x000000008f400000, 0x000000008f400000|100%| E|CS|TAMS 0x000000008f300000, 0x000000008f300000| Complete 
| 244|0x000000008f400000, 0x000000008f500000, 0x000000008f500000|100%| E|CS|TAMS 0x000000008f400000, 0x000000008f400000| Complete 
| 245|0x000000008f500000, 0x000000008f600000, 0x000000008f600000|100%| E|CS|TAMS 0x000000008f500000, 0x000000008f500000| Complete 
| 246|0x000000008f600000, 0x000000008f700000, 0x000000008f700000|100%| E|CS|TAMS 0x000000008f600000, 0x000000008f600000| Complete 
| 247|0x000000008f700000, 0x000000008f800000, 0x000000008f800000|100%| E|CS|TAMS 0x000000008f700000, 0x000000008f700000| Complete 
| 248|0x000000008f800000, 0x000000008f900000, 0x000000008f900000|100%| E|CS|TAMS 0x000000008f800000, 0x000000008f800000| Complete 
| 249|0x000000008f900000, 0x000000008fa00000, 0x000000008fa00000|100%| E|CS|TAMS 0x000000008f900000, 0x000000008f900000| Complete 
| 250|0x000000008fa00000, 0x000000008fb00000, 0x000000008fb00000|100%| E|CS|TAMS 0x000000008fa00000, 0x000000008fa00000| Complete 
| 251|0x000000008fb00000, 0x000000008fc00000, 0x000000008fc00000|100%| E|CS|TAMS 0x000000008fb00000, 0x000000008fb00000| Complete 
| 252|0x000000008fc00000, 0x000000008fd00000, 0x000000008fd00000|100%| E|CS|TAMS 0x000000008fc00000, 0x000000008fc00000| Complete 
| 253|0x000000008fd00000, 0x000000008fe00000, 0x000000008fe00000|100%| E|CS|TAMS 0x000000008fd00000, 0x000000008fd00000| Complete 
| 254|0x000000008fe00000, 0x000000008ff00000, 0x000000008ff00000|100%| E|CS|TAMS 0x000000008fe00000, 0x000000008fe00000| Complete 
| 255|0x000000008ff00000, 0x0000000090000000, 0x0000000090000000|100%| E|CS|TAMS 0x000000008ff00000, 0x000000008ff00000| Complete 

Card table byte_map: [0x000001e01fbd0000,0x000001e01ffd0000] _byte_map_base: 0x000001e01f7d0000

Marking Bits (Prev, Next): (CMBitMap*) 0x000001e00aadfa88, (CMBitMap*) 0x000001e00aadfac0
 Prev Bits: [0x000001e0203d0000, 0x000001e0223d0000)
 Next Bits: [0x000001e0223d0000, 0x000001e0243d0000)

Polling page: 0x000001e00a960000

Metaspace:

Usage:
  Non-class:     48.63 MB capacity,    47.77 MB ( 98%) used,   731.93 KB (  1%) free+waste,   141.75 KB ( <1%) overhead. 
      Class:      7.40 MB capacity,     6.91 MB ( 93%) used,   434.34 KB (  6%) free+waste,    67.06 KB ( <1%) overhead. 
       Both:     56.02 MB capacity,    54.68 MB ( 98%) used,     1.14 MB (  2%) free+waste,   208.81 KB ( <1%) overhead. 

Virtual space:
  Non-class space:       50.00 MB reserved,      48.75 MB ( 98%) committed 
      Class space:        1.00 GB reserved,       7.45 MB ( <1%) committed 
             Both:        1.05 GB reserved,      56.20 MB (  5%) committed 

Chunk freelists:
   Non-Class:  62.00 KB
       Class:  10.00 KB
        Both:  72.00 KB

MaxMetaspaceSize: 17179869184.00 GB
CompressedClassSpaceSize: 1.00 GB

CodeHeap 'non-profiled nmethods': size=120000Kb used=3074Kb max_used=3074Kb free=116925Kb
 bounds [0x000001e017840000, 0x000001e017b50000, 0x000001e01ed70000]
CodeHeap 'profiled nmethods': size=120000Kb used=11567Kb max_used=11567Kb free=108432Kb
 bounds [0x000001e010310000, 0x000001e010e60000, 0x000001e017840000]
CodeHeap 'non-nmethods': size=5760Kb used=2234Kb max_used=2278Kb free=3526Kb
 bounds [0x000001e00fd70000, 0x000001e00ffe0000, 0x000001e010310000]
 total_blobs=6372 nmethods=5559 adapters=724
 compilation: enabled
              stopped_count=0, restarted_count=0
 full_count=0

Compilation events (20 events):
Event: 11.425 Thread 0x000001e027792800 5537       3       java.lang.Class::isEnum (27 bytes)
Event: 11.425 Thread 0x000001e027792800 nmethod 5537 0x000001e010e41610 code [0x000001e010e417e0, 0x000001e010e419f8]
Event: 11.426 Thread 0x000001e027792800 5538       3       org.objectweb.asm.AnnotationWriter::visit (935 bytes)
Event: 11.429 Thread 0x000001e027792800 nmethod 5538 0x000001e010e41a90 code [0x000001e010e42160, 0x000001e010e45ef8]
Event: 11.438 Thread 0x000001e027792800 5540       3       org.objectweb.asm.SymbolTable::addConstantIntegerOrFloat (100 bytes)
Event: 11.439 Thread 0x000001e027792800 nmethod 5540 0x000001e010e47510 code [0x000001e010e47740, 0x000001e010e47cf8]
Event: 11.439 Thread 0x000001e027792800 5541       3       java.lang.reflect.AccessibleObject::checkAccess (40 bytes)
Event: 11.439 Thread 0x000001e027792800 nmethod 5541 0x000001e010e48010 code [0x000001e010e48200, 0x000001e010e48538]
Event: 11.440 Thread 0x000001e027792800 5542       3       java.util.concurrent.ConcurrentHashMap$BaseIterator::<init> (21 bytes)
Event: 11.440 Thread 0x000001e027792800 nmethod 5542 0x000001e010e48690 code [0x000001e010e48860, 0x000001e010e48a38]
Event: 11.448 Thread 0x000001e027792800 5543       3       org.gradle.api.internal.provider.AbstractProperty::assertCanMutate (12 bytes)
Event: 11.448 Thread 0x000001e027792800 nmethod 5543 0x000001e010e48b10 code [0x000001e010e48ce0, 0x000001e010e48fc8]
Event: 11.448 Thread 0x000001e027792800 5544       3       org.gradle.api.internal.provider.AbstractProperty$NonFinalizedValue::beforeMutate (34 bytes)
Event: 11.449 Thread 0x000001e027792800 nmethod 5544 0x000001e010e49090 code [0x000001e010e49340, 0x000001e010e49f38]
Event: 11.459 Thread 0x000001e027792800 5545       3       org.gradle.internal.instantiation.generator.AbstractClassGenerator$MethodMetadata::getName (8 bytes)
Event: 11.459 Thread 0x000001e027792800 nmethod 5545 0x000001e010e4a390 code [0x000001e010e4a540, 0x000001e010e4a658]
Event: 11.467 Thread 0x000001e027792800 5546       3       sun.reflect.annotation.AnnotationParser::parseMemberValue (162 bytes)
Event: 11.469 Thread 0x000001e027792800 nmethod 5546 0x000001e010e4a710 code [0x000001e010e4aa60, 0x000001e010e4bcd8]
Event: 11.473 Thread 0x000001e027792800 5548       3       org.gradle.internal.instantiation.generator.AbstractClassGenerator$InjectionAnnotationValidator::validateMethod (166 bytes)
Event: 11.474 Thread 0x000001e027792800 nmethod 5548 0x000001e010e4c310 code [0x000001e010e4c6a0, 0x000001e010e4dd28]

GC Heap History (14 events):
Event: 1.198 GC heap before
{Heap before GC invocations=0 (full 0):
 garbage-first heap   total 262144K, used 29696K [0x0000000080000000, 0x0000000100000000)
  region size 1024K, 24 young (24576K), 0 survivors (0K)
 Metaspace       used 10181K, capacity 10405K, committed 10624K, reserved 1058816K
  class space    used 1063K, capacity 1107K, committed 1152K, reserved 1048576K
}
Event: 1.203 GC heap after
{Heap after GC invocations=1 (full 0):
 garbage-first heap   total 262144K, used 9370K [0x0000000080000000, 0x0000000100000000)
  region size 1024K, 3 young (3072K), 3 survivors (3072K)
 Metaspace       used 10181K, capacity 10405K, committed 10624K, reserved 1058816K
  class space    used 1063K, capacity 1107K, committed 1152K, reserved 1048576K
}
Event: 1.599 GC heap before
{Heap before GC invocations=1 (full 0):
 garbage-first heap   total 262144K, used 31898K [0x0000000080000000, 0x0000000100000000)
  region size 1024K, 25 young (25600K), 3 survivors (3072K)
 Metaspace       used 11118K, capacity 11454K, committed 11520K, reserved 1058816K
  class space    used 1165K, capacity 1243K, committed 1280K, reserved 1048576K
}
Event: 1.603 GC heap after
{Heap after GC invocations=2 (full 0):
 garbage-first heap   total 262144K, used 9878K [0x0000000080000000, 0x0000000100000000)
  region size 1024K, 1 young (1024K), 1 survivors (1024K)
 Metaspace       used 11118K, capacity 11454K, committed 11520K, reserved 1058816K
  class space    used 1165K, capacity 1243K, committed 1280K, reserved 1048576K
}
Event: 3.768 GC heap before
{Heap before GC invocations=2 (full 0):
 garbage-first heap   total 262144K, used 70294K [0x0000000080000000, 0x0000000100000000)
  region size 1024K, 60 young (61440K), 1 survivors (1024K)
 Metaspace       used 18919K, capacity 19371K, committed 19584K, reserved 1067008K
  class space    used 2272K, capacity 2405K, committed 2432K, reserved 1048576K
}
Event: 3.773 GC heap after
{Heap after GC invocations=3 (full 0):
 garbage-first heap   total 262144K, used 16639K [0x0000000080000000, 0x0000000100000000)
  region size 1024K, 8 young (8192K), 8 survivors (8192K)
 Metaspace       used 18919K, capacity 19371K, committed 19584K, reserved 1067008K
  class space    used 2272K, capacity 2405K, committed 2432K, reserved 1048576K
}
Event: 3.999 GC heap before
{Heap before GC invocations=3 (full 0):
 garbage-first heap   total 262144K, used 30975K [0x0000000080000000, 0x0000000100000000)
  region size 1024K, 23 young (23552K), 8 survivors (8192K)
 Metaspace       used 20581K, capacity 21104K, committed 21248K, reserved 1067008K
  class space    used 2505K, capacity 2690K, committed 2816K, reserved 1048576K
}
Event: 4.007 GC heap after
{Heap after GC invocations=4 (full 0):
 garbage-first heap   total 262144K, used 16756K [0x0000000080000000, 0x0000000100000000)
  region size 1024K, 1 young (1024K), 1 survivors (1024K)
 Metaspace       used 20581K, capacity 21104K, committed 21248K, reserved 1067008K
  class space    used 2505K, capacity 2690K, committed 2816K, reserved 1048576K
}
Event: 5.835 GC heap before
{Heap before GC invocations=5 (full 0):
 garbage-first heap   total 262144K, used 125300K [0x0000000080000000, 0x0000000100000000)
  region size 1024K, 107 young (109568K), 1 survivors (1024K)
 Metaspace       used 33990K, capacity 34776K, committed 34944K, reserved 1079296K
  class space    used 4412K, capacity 4680K, committed 4736K, reserved 1048576K
}
Event: 5.842 GC heap after
{Heap after GC invocations=6 (full 0):
 garbage-first heap   total 262144K, used 21488K [0x0000000080000000, 0x0000000100000000)
  region size 1024K, 6 young (6144K), 6 survivors (6144K)
 Metaspace       used 33990K, capacity 34776K, committed 34944K, reserved 1079296K
  class space    used 4412K, capacity 4680K, committed 4736K, reserved 1048576K
}
Event: 5.968 GC heap before
{Heap before GC invocations=6 (full 0):
 garbage-first heap   total 262144K, used 26608K [0x0000000080000000, 0x0000000100000000)
  region size 1024K, 12 young (12288K), 6 survivors (6144K)
 Metaspace       used 35052K, capacity 35838K, committed 35840K, reserved 1081344K
  class space    used 4538K, capacity 4864K, committed 4864K, reserved 1048576K
}
Event: 5.977 GC heap after
{Heap after GC invocations=7 (full 0):
 garbage-first heap   total 262144K, used 22193K [0x0000000080000000, 0x0000000100000000)
  region size 1024K, 6 young (6144K), 6 survivors (6144K)
 Metaspace       used 35052K, capacity 35838K, committed 35840K, reserved 1081344K
  class space    used 4538K, capacity 4864K, committed 4864K, reserved 1048576K
}
Event: 8.632 GC heap before
{Heap before GC invocations=8 (full 0):
 garbage-first heap   total 262144K, used 161457K [0x0000000080000000, 0x0000000100000000)
  region size 1024K, 139 young (142336K), 6 survivors (6144K)
 Metaspace       used 45778K, capacity 46890K, committed 47052K, reserved 1089536K
  class space    used 5872K, capacity 6300K, committed 6348K, reserved 1048576K
}
Event: 8.646 GC heap after
{Heap after GC invocations=9 (full 0):
 garbage-first heap   total 262144K, used 29828K [0x0000000080000000, 0x0000000100000000)
  region size 1024K, 14 young (14336K), 14 survivors (14336K)
 Metaspace       used 45778K, capacity 46890K, committed 47052K, reserved 1089536K
  class space    used 5872K, capacity 6300K, committed 6348K, reserved 1048576K
}

Deoptimization events (20 events):
Event: 11.030 Thread 0x000001e029ea0800 Uncommon trap: trap_request=0xffffffc6 fr.pc=0x000001e017a7ff4c relative=0x000000000000090c
Event: 11.030 Thread 0x000001e029ea0800 Uncommon trap: reason=bimorphic_or_optimized_type_check action=maybe_recompile pc=0x000001e017a7ff4c method=java.util.Spliterators$IteratorSpliterator.tryAdvance(Ljava/util/function/Consumer;)Z @ 50 c2
Event: 11.030 Thread 0x000001e029ea0800 DEOPT PACKING pc=0x000001e017a7ff4c sp=0x0000001c248f7a00
Event: 11.030 Thread 0x000001e029ea0800 DEOPT UNPACKING pc=0x000001e00fd978af sp=0x0000001c248f77e8 mode 2
Event: 11.047 Thread 0x000001e029ea0800 Uncommon trap: trap_request=0xffffffc6 fr.pc=0x000001e017a81840 relative=0x0000000000000780
Event: 11.048 Thread 0x000001e029ea0800 Uncommon trap: reason=bimorphic_or_optimized_type_check action=maybe_recompile pc=0x000001e017a81840 method=java.util.Spliterators$IteratorSpliterator.tryAdvance(Ljava/util/function/Consumer;)Z @ 50 c2
Event: 11.048 Thread 0x000001e029ea0800 DEOPT PACKING pc=0x000001e017a81840 sp=0x0000001c248f7b40
Event: 11.048 Thread 0x000001e029ea0800 DEOPT UNPACKING pc=0x000001e00fd978af sp=0x0000001c248f79a0 mode 2
Event: 11.065 Thread 0x000001e029ea0800 Uncommon trap: trap_request=0xffffff4d fr.pc=0x000001e017b263a0 relative=0x0000000000000420
Event: 11.065 Thread 0x000001e029ea0800 Uncommon trap: reason=unstable_if action=reinterpret pc=0x000001e017b263a0 method=org.gradle.internal.instantiation.generator.AbstractClassGenerator$InjectionAnnotationValidator.validateMethod(Ljava/lang/reflect/Method;Lorg/gradle/internal/reflect/Propert
Event: 11.065 Thread 0x000001e029ea0800 DEOPT PACKING pc=0x000001e017b263a0 sp=0x0000001c248f7fb0
Event: 11.065 Thread 0x000001e029ea0800 DEOPT UNPACKING pc=0x000001e00fd978af sp=0x0000001c248f7f78 mode 2
Event: 11.065 Thread 0x000001e029ea0800 Uncommon trap: trap_request=0xffffff4d fr.pc=0x000001e017b27d00 relative=0x0000000000000460
Event: 11.065 Thread 0x000001e029ea0800 Uncommon trap: reason=unstable_if action=reinterpret pc=0x000001e017b27d00 method=org.gradle.internal.instantiation.generator.AbstractClassGenerator$InjectionAnnotationValidator.validateMethod(Ljava/lang/reflect/Method;Lorg/gradle/internal/reflect/Propert
Event: 11.065 Thread 0x000001e029ea0800 DEOPT PACKING pc=0x000001e017b27d00 sp=0x0000001c248f7f20
Event: 11.065 Thread 0x000001e029ea0800 DEOPT UNPACKING pc=0x000001e00fd978af sp=0x0000001c248f7ee0 mode 2
Event: 11.261 Thread 0x000001e029dd8000 Uncommon trap: trap_request=0xffffffbe fr.pc=0x000001e0179e64b8 relative=0x0000000000000538
Event: 11.261 Thread 0x000001e029dd8000 Uncommon trap: reason=profile_predicate action=maybe_recompile pc=0x000001e0179e64b8 method=java.util.stream.ReferencePipeline.forEachWithCancel(Ljava/util/Spliterator;Ljava/util/stream/Sink;)Z @ 8 c2
Event: 11.261 Thread 0x000001e029dd8000 DEOPT PACKING pc=0x000001e0179e64b8 sp=0x0000001c244fe940
Event: 11.262 Thread 0x000001e029dd8000 DEOPT UNPACKING pc=0x000001e00fd978af sp=0x0000001c244fe8e0 mode 2

Classes redefined (0 events):
No events

Internal exceptions (20 events):
Event: 9.802 Thread 0x000001e0299c2800 Exception <a 'java/lang/NoSuchMethodError'{0x000000008ff89518}: <clinit>> (0x000000008ff89518) thrown at [./src/hotspot/share/prims/jni.cpp, line 1362]
Event: 9.804 Thread 0x000001e0299c2800 Exception <a 'java/lang/NoSuchMethodError'{0x000000008ffa8e70}: <clinit>> (0x000000008ffa8e70) thrown at [./src/hotspot/share/prims/jni.cpp, line 1362]
Event: 9.804 Thread 0x000001e0299c2800 Exception <a 'java/lang/NoSuchMethodError'{0x000000008ffa9f80}: <clinit>> (0x000000008ffa9f80) thrown at [./src/hotspot/share/prims/jni.cpp, line 1362]
Event: 9.804 Thread 0x000001e0299c2800 Exception <a 'java/lang/NoSuchMethodError'{0x000000008ffab288}: <clinit>> (0x000000008ffab288) thrown at [./src/hotspot/share/prims/jni.cpp, line 1362]
Event: 9.804 Thread 0x000001e0299c2800 Exception <a 'java/lang/NoSuchMethodError'{0x000000008ffac2a8}: <clinit>> (0x000000008ffac2a8) thrown at [./src/hotspot/share/prims/jni.cpp, line 1362]
Event: 9.806 Thread 0x000001e0299c2800 Exception <a 'java/lang/NoSuchMethodError'{0x000000008ffb5e50}: <clinit>> (0x000000008ffb5e50) thrown at [./src/hotspot/share/prims/jni.cpp, line 1362]
Event: 9.807 Thread 0x000001e0299c2800 Exception <a 'java/lang/NoSuchMethodError'{0x000000008ffc0068}: <clinit>> (0x000000008ffc0068) thrown at [./src/hotspot/share/prims/jni.cpp, line 1362]
Event: 9.815 Thread 0x000001e0299c2800 Exception <a 'java/lang/NoSuchMethodError'{0x000000008d313238}: <clinit>> (0x000000008d313238) thrown at [./src/hotspot/share/prims/jni.cpp, line 1362]
Event: 9.842 Thread 0x000001e029ea0800 Exception <a 'java/lang/ClassNotFoundException'{0x000000008d346588}: build_52259m1z9samoow84ev426vcjBeanInfo> (0x000000008d346588) thrown at [./src/hotspot/share/classfile/systemDictionary.cpp, line 231]
Event: 9.842 Thread 0x000001e029ea0800 Exception <a 'java/lang/ClassNotFoundException'{0x000000008d3514b0}: build_52259m1z9samoow84ev426vcjCustomizer> (0x000000008d3514b0) thrown at [./src/hotspot/share/classfile/systemDictionary.cpp, line 231]
Event: 9.858 Thread 0x000001e029ea0800 Exception <a 'java/lang/ClassNotFoundException'{0x000000008d3d1890}: org/gradle/plugin/use/internal/PluginRequestCollector$PluginDependenciesSpecImplBeanInfo> (0x000000008d3d1890) thrown at [./src/hotspot/share/classfile/systemDictionary.cpp, line 231]
Event: 9.860 Thread 0x000001e029ea0800 Exception <a 'java/lang/ClassNotFoundException'{0x000000008d3ff740}: org/gradle/plugin/use/internal/PluginRequestCollector$PluginDependenciesSpecImplCustomizer> (0x000000008d3ff740) thrown at [./src/hotspot/share/classfile/systemDictionary.cpp, line 231]
Event: 9.933 Thread 0x000001e029ea0800 Exception <a 'java/lang/ClassNotFoundException'{0x000000008d076170}: org/gradle/api/internal/plugins/DefaultObjectConfigurationActionBeanInfo> (0x000000008d076170) thrown at [./src/hotspot/share/classfile/systemDictionary.cpp, line 231]
Event: 9.934 Thread 0x000001e029ea0800 Exception <a 'java/lang/ClassNotFoundException'{0x000000008d0a82c8}: org/gradle/api/internal/plugins/DefaultObjectConfigurationActionCustomizer> (0x000000008d0a82c8) thrown at [./src/hotspot/share/classfile/systemDictionary.cpp, line 231]
Event: 10.290 Thread 0x000001e029ea0800 Exception <a 'java/lang/NoSuchMethodError'{0x000000008c782308}: 'java.lang.Object java.lang.invoke.DirectMethodHandle$Holder.invokeStatic(java.lang.Object, java.lang.Object, java.lang.Object, java.lang.Object, int)'> (0x000000008c782308) thrown at [./src/hotspot/share/interpreter/linkResolver.cpp, line 773]
Event: 10.291 Thread 0x000001e029ea0800 Exception <a 'java/lang/NoSuchMethodError'{0x000000008c786d00}: 'java.lang.Object java.lang.invoke.DirectMethodHandle$Holder.invokeSpecial(java.lang.Object, java.lang.Object, java.lang.Object, java.lang.Object, java.lang.Object, int)'> (0x000000008c786d00) thrown at [./src/hotspot/share/interpreter/linkResolver.cpp, line 773]
Event: 10.293 Thread 0x000001e029ea0800 Exception <a 'java/lang/NoSuchMethodError'{0x000000008c78b340}: 'java.lang.Object java.lang.invoke.Invokers$Holder.linkToTargetMethod(java.lang.Object, java.lang.Object, java.lang.Object, int, java.lang.Object)'> (0x000000008c78b340) thrown at [./src/hotspot/share/interpreter/linkResolver.cpp, line 773]
Event: 10.702 Thread 0x000001e029ea0800 Exception <a 'java/lang/NoSuchMethodError'{0x000000008b3b1580}: 'java.lang.Object java.lang.invoke.DirectMethodHandle$Holder.invokeSpecial(java.lang.Object, java.lang.Object, int, int, java.lang.Object, java.lang.Object, java.lang.Object)'> (0x000000008b3b1580) thrown at [./src/hotspot/share/interpreter/linkResolver.cpp, line 773]
Event: 10.702 Thread 0x000001e029ea0800 Exception <a 'java/lang/NoSuchMethodError'{0x000000008b3b5b00}: 'java.lang.Object java.lang.invoke.DelegatingMethodHandle$Holder.reinvoke_L(java.lang.Object, int, int, java.lang.Object, java.lang.Object, java.lang.Object)'> (0x000000008b3b5b00) thrown at [./src/hotspot/share/interpreter/linkResolver.cpp, line 773]
Event: 11.045 Thread 0x000001e029ea0800 Exception <a 'java/lang/NoSuchMethodError'{0x000000008a7d4830}: 'int java.lang.invoke.DirectMethodHandle$Holder.invokeInterface(java.lang.Object, java.lang.Object, java.lang.Object, java.lang.Object)'> (0x000000008a7d4830) thrown at [./src/hotspot/share/interpreter/linkResolver.cpp, line 773]

Events (20 events):
Event: 11.465 loading class org/gradle/api/Transformer
Event: 11.465 loading class org/gradle/api/Transformer done
Event: 11.465 loading class com/android/build/gradle/internal/AvdComponentsBuildService
Event: 11.465 loading class com/android/build/gradle/internal/AvdComponentsBuildService done
Event: 11.466 loading class com/android/build/gradle/internal/AvdComponentsBuildService$Parameters
Event: 11.466 loading class com/android/build/gradle/internal/AvdComponentsBuildService$Parameters done
Event: 11.471 loading class com/android/build/gradle/internal/services/SymbolTableBuildService$RegistrationAction
Event: 11.471 loading class com/android/build/gradle/internal/services/SymbolTableBuildService$RegistrationAction done
Event: 11.472 loading class com/android/build/gradle/internal/services/SymbolTableBuildService
Event: 11.472 loading class com/android/build/gradle/internal/services/SymbolTableBuildService done
Event: 11.472 loading class com/android/build/gradle/internal/services/SymbolTableBuildService$Parameters
Event: 11.472 loading class com/android/build/gradle/internal/services/SymbolTableBuildService$Parameters done
Event: 11.476 loading class com/android/build/gradle/options/BooleanOption
Event: 11.476 loading class com/android/build/gradle/options/BooleanOption done
Event: 11.476 loading class com/android/build/gradle/options/ProjectOptions
Event: 11.476 loading class com/android/build/gradle/options/ProjectOptions done
Event: 11.476 loading class com/android/build/gradle/internal/utils/HasConfigurableValuesKt
Event: 11.476 loading class com/android/build/gradle/internal/utils/HasConfigurableValuesKt done
Event: 11.477 loading class com/android/build/gradle/internal/services/ClassesHierarchyBuildService$RegistrationAction
Event: 11.477 loading class com/android/build/gradle/internal/services/ClassesHierarchyBuildService$RegistrationAction done


Dynamic libraries:
0x00007ff6df780000 - 0x00007ff6df78a000 	C:\Program Files\Android\Android Studio\jre\bin\java.exe
0x00007ffbe2230000 - 0x00007ffbe2425000 	C:\Windows\SYSTEM32\ntdll.dll
0x00007ffbe18a0000 - 0x00007ffbe195e000 	C:\Windows\System32\KERNEL32.DLL
0x00007ffbdfbe0000 - 0x00007ffbdfea8000 	C:\Windows\System32\KERNELBASE.dll
0x00007ffbdf950000 - 0x00007ffbdfa50000 	C:\Windows\System32\ucrtbase.dll
0x00007ffb8ef50000 - 0x00007ffb8ef67000 	C:\Program Files\Android\Android Studio\jre\bin\VCRUNTIME140.dll
0x00007ffb9f660000 - 0x00007ffb9f679000 	C:\Program Files\Android\Android Studio\jre\bin\jli.dll
0x00007ffbe19d0000 - 0x00007ffbe1b71000 	C:\Windows\System32\USER32.dll
0x00007ffbcdc20000 - 0x00007ffbcdeba000 	C:\Windows\WinSxS\amd64_microsoft.windows.common-controls_6595b64144ccf1df_6.0.19041.1110_none_60b5254171f9507e\COMCTL32.dll
0x00007ffbdfeb0000 - 0x00007ffbdfed2000 	C:\Windows\System32\win32u.dll
0x00007ffbe21c0000 - 0x00007ffbe21eb000 	C:\Windows\System32\GDI32.dll
0x00007ffbe0140000 - 0x00007ffbe024b000 	C:\Windows\System32\gdi32full.dll
0x00007ffbe1650000 - 0x00007ffbe16ee000 	C:\Windows\System32\msvcrt.dll
0x00007ffbe00a0000 - 0x00007ffbe013d000 	C:\Windows\System32\msvcp_win.dll
0x00007ffbe17d0000 - 0x00007ffbe1800000 	C:\Windows\System32\IMM32.DLL
0x00007ffb8ecf0000 - 0x00007ffb8ed8d000 	C:\Program Files\Android\Android Studio\jre\bin\msvcp140.dll
0x00007ffb4d760000 - 0x00007ffb4e22f000 	C:\Program Files\Android\Android Studio\jre\bin\server\jvm.dll
0x00007ffbe1fe0000 - 0x00007ffbe208c000 	C:\Windows\System32\ADVAPI32.dll
0x00007ffbe0960000 - 0x00007ffbe09fb000 	C:\Windows\System32\sechost.dll
0x00007ffbe0280000 - 0x00007ffbe03aa000 	C:\Windows\System32\RPCRT4.dll
0x00007ffbe1b80000 - 0x00007ffbe1b88000 	C:\Windows\System32\PSAPI.DLL
0x00007ffbd8770000 - 0x00007ffbd877a000 	C:\Windows\SYSTEM32\VERSION.dll
0x00007ffbccc80000 - 0x00007ffbccca7000 	C:\Windows\SYSTEM32\WINMM.dll
0x00007ffbd9ea0000 - 0x00007ffbd9ea9000 	C:\Windows\SYSTEM32\WSOCK32.dll
0x00007ffbe1960000 - 0x00007ffbe19cb000 	C:\Windows\System32\WS2_32.dll
0x00007ffbdd850000 - 0x00007ffbdd862000 	C:\Windows\SYSTEM32\kernel.appcore.dll
0x00007ffbcdb40000 - 0x00007ffbcdb51000 	C:\Program Files\Android\Android Studio\jre\bin\verify.dll
0x00007ffbcbce0000 - 0x00007ffbcbec4000 	C:\Windows\SYSTEM32\DBGHELP.DLL
0x00007ffbcc380000 - 0x00007ffbcc3ac000 	C:\Windows\SYSTEM32\dbgcore.DLL
0x00007ffbdfa50000 - 0x00007ffbdfad3000 	C:\Windows\System32\bcryptPrimitives.dll
0x00007ffbb6090000 - 0x00007ffbb60b9000 	C:\Program Files\Android\Android Studio\jre\bin\java.dll
0x00007ffbd6d80000 - 0x00007ffbd6d8b000 	C:\Program Files\Android\Android Studio\jre\bin\jimage.dll
0x00007ffbccd50000 - 0x00007ffbccd68000 	C:\Program Files\Android\Android Studio\jre\bin\zip.dll
0x00007ffbe0d60000 - 0x00007ffbe149f000 	C:\Windows\System32\SHELL32.dll
0x00007ffbdda50000 - 0x00007ffbde1e0000 	C:\Windows\SYSTEM32\windows.storage.dll
0x00007ffbe1bf0000 - 0x00007ffbe1f45000 	C:\Windows\System32\combase.dll
0x00007ffbdf3a0000 - 0x00007ffbdf3ce000 	C:\Windows\SYSTEM32\Wldp.dll
0x00007ffbe0a00000 - 0x00007ffbe0aad000 	C:\Windows\System32\SHCORE.dll
0x00007ffbe1b90000 - 0x00007ffbe1be5000 	C:\Windows\System32\shlwapi.dll
0x00007ffbdf890000 - 0x00007ffbdf8af000 	C:\Windows\SYSTEM32\profapi.dll
0x00007ffbb95a0000 - 0x00007ffbb95ba000 	C:\Program Files\Android\Android Studio\jre\bin\net.dll
0x00007ffbd7170000 - 0x00007ffbd727c000 	C:\Windows\SYSTEM32\WINHTTP.dll
0x00007ffbdf100000 - 0x00007ffbdf16a000 	C:\Windows\system32\mswsock.dll
0x00007ffbb8330000 - 0x00007ffbb8344000 	C:\Program Files\Android\Android Studio\jre\bin\nio.dll
0x00007ffb8e450000 - 0x00007ffb8e477000 	C:\Users\82109\.gradle\native\8bec1ad78214c89d9ad589b4d07fe93259594b29d510b10fafb7a158f7737e5d\windows-amd64\native-platform.dll
0x00007ffb858c0000 - 0x00007ffb859fd000 	C:\Users\82109\.gradle\native\53dbd7edfb1c66fb8903c78663c9afc45aea4f116125fa6feffd364cf09443e8\windows-amd64\native-platform-file-events.dll
0x00007ffbcd620000 - 0x00007ffbcd62a000 	C:\Program Files\Android\Android Studio\jre\bin\management.dll
0x00007ffbcd200000 - 0x00007ffbcd20c000 	C:\Program Files\Android\Android Studio\jre\bin\management_ext.dll
0x00007ffbdf2f0000 - 0x00007ffbdf308000 	C:\Windows\SYSTEM32\CRYPTSP.dll
0x00007ffbdea10000 - 0x00007ffbdea44000 	C:\Windows\system32\rsaenh.dll
0x00007ffbe0250000 - 0x00007ffbe0277000 	C:\Windows\System32\bcrypt.dll
0x00007ffbdf850000 - 0x00007ffbdf87e000 	C:\Windows\SYSTEM32\USERENV.dll
0x00007ffbdf310000 - 0x00007ffbdf31c000 	C:\Windows\SYSTEM32\CRYPTBASE.dll
0x00007ffbdeda0000 - 0x00007ffbdeddb000 	C:\Windows\SYSTEM32\IPHLPAPI.DLL
0x00007ffbe1880000 - 0x00007ffbe1888000 	C:\Windows\System32\NSI.dll
0x00007ffbd87a0000 - 0x00007ffbd87b7000 	C:\Windows\SYSTEM32\dhcpcsvc6.DLL
0x00007ffbd8780000 - 0x00007ffbd879d000 	C:\Windows\SYSTEM32\dhcpcsvc.DLL
0x00007ffbdedf0000 - 0x00007ffbdeebb000 	C:\Windows\SYSTEM32\DNSAPI.dll

dbghelp: loaded successfully - version: 4.0.5 - missing functions: none
symbol engine: initialized successfully - sym options: 0x614 - pdb path: .;C:\Program Files\Android\Android Studio\jre\bin;C:\Windows\SYSTEM32;C:\Windows\WinSxS\amd64_microsoft.windows.common-controls_6595b64144ccf1df_6.0.19041.1110_none_60b5254171f9507e;C:\Program Files\Android\Android Studio\jre\bin\server;C:\Users\82109\.gradle\native\8bec1ad78214c89d9ad589b4d07fe93259594b29d510b10fafb7a158f7737e5d\windows-amd64;C:\Users\82109\.gradle\native\53dbd7edfb1c66fb8903c78663c9afc45aea4f116125fa6feffd364cf09443e8\windows-amd64

VM Arguments:
jvm_args: --add-opens=java.base/java.util=ALL-UNNAMED --add-opens=java.base/java.lang=ALL-UNNAMED --add-opens=java.base/java.lang.invoke=ALL-UNNAMED --add-opens=java.base/java.util=ALL-UNNAMED --add-opens=java.prefs/java.util.prefs=ALL-UNNAMED --add-opens=java.prefs/java.util.prefs=ALL-UNNAMED --add-opens=java.base/java.nio.charset=ALL-UNNAMED --add-opens=java.base/java.net=ALL-UNNAMED --add-opens=java.base/java.util.concurrent.atomic=ALL-UNNAMED -Xmx2048m -Dfile.encoding=UTF-8 -Duser.country=KR -Duser.language=ko -Duser.variant 
java_command: org.gradle.launcher.daemon.bootstrap.GradleDaemon 7.0.2
java_class_path (initial): C:\Users\82109\.gradle\wrapper\dists\gradle-7.0.2-bin\857tjihv64xamwrf0h14cai3r\gradle-7.0.2\lib\gradle-launcher-7.0.2.jar
Launcher Type: SUN_STANDARD

[Global flags]
     intx CICompilerCount                          = 4                                         {product} {ergonomic}
     uint ConcGCThreads                            = 2                                         {product} {ergonomic}
     uint G1ConcRefinementThreads                  = 8                                         {product} {ergonomic}
   size_t G1HeapRegionSize                         = 1048576                                   {product} {ergonomic}
    uintx GCDrainStackTargetSize                   = 64                                        {product} {ergonomic}
   size_t InitialHeapSize                          = 268435456                                 {product} {ergonomic}
   size_t MarkStackSize                            = 4194304                                   {product} {ergonomic}
   size_t MaxHeapSize                              = 2147483648                                {product} {command line}
   size_t MaxNewSize                               = 1287651328                                {product} {ergonomic}
   size_t MinHeapDeltaBytes                        = 1048576                                   {product} {ergonomic}
    uintx NonNMethodCodeHeapSize                   = 5836300                                {pd product} {ergonomic}
    uintx NonProfiledCodeHeapSize                  = 122910970                              {pd product} {ergonomic}
    uintx ProfiledCodeHeapSize                     = 122910970                              {pd product} {ergonomic}
    uintx ReservedCodeCacheSize                    = 251658240                              {pd product} {ergonomic}
     bool SegmentedCodeCache                       = true                                      {product} {ergonomic}
     bool UseCompressedClassPointers               = true                                 {lp64_product} {ergonomic}
     bool UseCompressedOops                        = true                                 {lp64_product} {ergonomic}
     bool UseG1GC                                  = true                                      {product} {ergonomic}
     bool UseLargePagesIndividualAllocation        = false                                  {pd product} {ergonomic}

Logging:
Log output configuration:
 #0: stdout all=warning uptime,level,tags
 #1: stderr all=off uptime,level,tags

Environment Variables:
PATH=C:\Program Files\NVIDIA GPU Computing Toolkit\CUDA\v8.0\bin;C:\Program Files\NVIDIA GPU Computing Toolkit\CUDA\v8.0\libnvvp;C:\ProgramData\Anaconda3;C:\ProgramData\Anaconda3\Library\mingw-w64\bin;C:\ProgramData\Anaconda3\Library\usr\bin;C:\ProgramData\Anaconda3\Library\bin;C:\ProgramData\Anaconda3\Scripts;C:\Program Files (x86)\Common Files\Oracle\Java\javapath;C:\Windows\system32;C:\Windows;C:\Windows\System32\Wbem;C:\Windows\System32\WindowsPowerShell\v1.0\;C:\Windows\System32\OpenSSH\;C:\Program Files (x86)\NVIDIA Corporation\PhysX\Common;C:\Program Files\MATLAB\R2021a\bin;C:\Program Files (x86)\Microsoft SQL Server\150\DTS\Binn\;C:\Program Files\Azure Data Studio\bin;C:\Program Files\Microsoft SQL Server\Client SDK\ODBC\170\Tools\Binn\;C:\Program Files (x86)\Microsoft SQL Server\150\Tools\Binn\;C:\Program Files\Microsoft SQL Server\150\Tools\Binn\;C:\Program Files\Microsoft SQL Server\150\DTS\Binn\;C:\Program Files\Git\cmd;C:\Users\82109\AppData\Local\Programs\Python\Python38\Scripts\;C:\Users\82109\AppData\Local\Programs\Python\Python38\;C:\Users\82109\AppData\Local\Microsoft\WindowsApps;C:\Program Files\Azure Data Studio\bin
USERNAME=82109
OS=Windows_NT
PROCESSOR_IDENTIFIER=Intel64 Family 6 Model 94 Stepping 3, GenuineIntel



---------------  S Y S T E M  ---------------

OS: Windows 10 , 64 bit Build 19041 (10.0.19041.1348)
OS uptime: 0 days 7:00 hours

CPU:total 8 (initial active 8) (4 cores per cpu, 2 threads per core) family 6 model 94 stepping 3 microcode 0xcc, cmov, cx8, fxsr, mmx, sse, sse2, sse3, ssse3, sse4.1, sse4.2, popcnt, avx, avx2, aes, clmul, erms, rtm, 3dnowpref, lzcnt, ht, tsc, tscinvbit, bmi1, bmi2, adx, fma

Memory: 4k page, system-wide physical 16269M (1301M free)
TotalPageFile size 16269M (AvailPageFile size 5M)
current process WorkingSet (physical memory assigned to process): 358M, peak: 365M
current process commit charge ("private bytes"): 478M, peak: 485M

vm_info: OpenJDK 64-Bit Server VM (11.0.10+0-b96-7249189) for windows-amd64 JRE (11.0.10+0-b96-7249189), built on Mar 31 2021 21:44:00 by "builder" with MS VC++ 14.0 (VS2015)

END.
