#
# There is insufficient memory for the Java Runtime Environment to continue.
# Native memory allocation (malloc) failed to allocate 263536 bytes for Chunk::new
# Possible reasons:
#   The system is out of physical RAM or swap space
#   The process is running with CompressedOops enabled, and the Java Heap may be blocking the growth of the native heap
# Possible solutions:
#   Reduce memory load on the system
#   Increase physical memory or swap space
#   Check if swap backing store is full
#   Decrease Java heap size (-Xmx/-Xms)
#   Decrease number of Java threads
#   Decrease Java thread stack sizes (-Xss)
#   Set larger code cache with -XX:ReservedCodeCacheSize=
#   JVM is running with Unscaled Compressed Oops mode in which the Java heap is
#     placed in the first 4GB address space. The Java Heap base address is the
#     maximum limit for the native heap growth. Please use -XX:HeapBaseMinAddress
#     to set the Java Heap base and to place the Java Heap above 4GB virtual address.
# This output file may be truncated or incomplete.
#
#  Out of Memory Error (./src/hotspot/share/memory/arena.cpp:197), pid=6992, tid=12668
#
# JRE version: OpenJDK Runtime Environment (11.0.10) (build 11.0.10+0-b96-7249189)
# Java VM: OpenJDK 64-Bit Server VM (11.0.10+0-b96-7249189, mixed mode, tiered, compressed oops, g1 gc, windows-amd64)
# No core dump will be written. Minidumps are not enabled by default on client versions of Windows
#

---------------  S U M M A R Y ------------

Command Line: --add-opens=java.base/java.util=ALL-UNNAMED --add-opens=java.base/java.lang=ALL-UNNAMED --add-opens=java.base/java.lang.invoke=ALL-UNNAMED --add-opens=java.base/java.util=ALL-UNNAMED --add-opens=java.prefs/java.util.prefs=ALL-UNNAMED --add-opens=java.prefs/java.util.prefs=ALL-UNNAMED --add-opens=java.base/java.nio.charset=ALL-UNNAMED --add-opens=java.base/java.net=ALL-UNNAMED --add-opens=java.base/java.util.concurrent.atomic=ALL-UNNAMED -Xmx2048m -Dfile.encoding=UTF-8 -Duser.country=KR -Duser.language=ko -Duser.variant org.gradle.launcher.daemon.bootstrap.GradleDaemon 7.0.2

Host: Intel(R) Core(TM) i7-6700HQ CPU @ 2.60GHz, 8 cores, 15G,  Windows 10 , 64 bit Build 19041 (10.0.19041.1348)
Time: Sat Nov 20 19:08:17 2021 대한민국 표준시 elapsed time: 946.421295 seconds (0d 0h 15m 46s)

---------------  T H R E A D  ---------------

Current thread (0x0000020ffab8a800):  JavaThread "C2 CompilerThread0" daemon [_thread_in_native, id=12668, stack(0x0000008690900000,0x0000008690a00000)]


Current CompileTask:
C2: 946421 21467   !   4       org.gradle.cache.internal.DefaultCacheAccess::takeOwnership (50 bytes)

Stack: [0x0000008690900000,0x0000008690a00000]
Native frames: (J=compiled Java code, j=interpreted, Vv=VM code, C=native code)
V  [jvm.dll+0x5ecfaa]
V  [jvm.dll+0x722bd5]
V  [jvm.dll+0x72412d]
V  [jvm.dll+0x7247e3]
V  [jvm.dll+0x242928]
V  [jvm.dll+0xbc4fc]
V  [jvm.dll+0xbca0c]
V  [jvm.dll+0x352d3b]
V  [jvm.dll+0x197e0c]
V  [jvm.dll+0x1fb70e]
V  [jvm.dll+0x1fa7f4]
V  [jvm.dll+0x18354c]
V  [jvm.dll+0x208ee7]
V  [jvm.dll+0x207731]
V  [jvm.dll+0x6eb1cf]
V  [jvm.dll+0x6e3d45]
V  [jvm.dll+0x5ebe96]
C  [ucrtbase.dll+0x21bb2]
C  [KERNEL32.DLL+0x17034]
C  [ntdll.dll+0x52651]


---------------  P R O C E S S  ---------------

Threads class SMR info:
_java_thread_list=0x0000020f825442c0, length=64, elements={
0x0000020fdf62b800, 0x0000020ffab01800, 0x0000020ffab04800, 0x0000020ffab7c800,
0x0000020ffab7e800, 0x0000020ffab7f800, 0x0000020ffab8a800, 0x0000020ffab91000,
0x0000020ffaba7800, 0x0000020ffaceb800, 0x0000020ffd16c000, 0x0000020ffc99c000,
0x0000020ffc0cd800, 0x0000020ffd53e000, 0x0000020ffd53c800, 0x0000020ffd540800,
0x0000020ffd53f000, 0x0000020ffd53b800, 0x0000020ffd542000, 0x0000020ffd53d000,
0x0000020ffe969000, 0x0000020ffe96a800, 0x0000020ffe969800, 0x0000020ffe96c000,
0x0000020ffe96b800, 0x0000020ffe96d000, 0x0000020ffe973800, 0x0000020ffe96d800,
0x0000020f81af7800, 0x0000020f81af4800, 0x0000020ffe970000, 0x0000020f83f77000,
0x0000020f83f74800, 0x0000020f81aff800, 0x0000020f83f75800, 0x0000020f83f72000,
0x0000020f81afe000, 0x0000020f82936000, 0x0000020f82936800, 0x0000020f82939000,
0x0000020f84422000, 0x0000020f84423000, 0x0000020f8441f800, 0x0000020f84420800,
0x0000020f8441f000, 0x0000020f8441d000, 0x0000020f84421800, 0x0000020f84423800,
0x0000020f8441e000, 0x0000020f84428000, 0x0000020f84424800, 0x0000020f84427000,
0x0000020f84429800, 0x0000020ffe29b000, 0x0000020f84428800, 0x0000020ffd63d000,
0x0000020f84425800, 0x0000020f8442c000, 0x0000020f84426000, 0x0000020f8442a800,
0x0000020f8442b000, 0x0000020f83f77800, 0x0000020f83f73800, 0x0000020f83f76000
}

Java Threads: ( => current thread )
  0x0000020fdf62b800 JavaThread "main" [_thread_blocked, id=14244, stack(0x000000868fd00000,0x000000868fe00000)]
  0x0000020ffab01800 JavaThread "Reference Handler" daemon [_thread_blocked, id=12660, stack(0x0000008690400000,0x0000008690500000)]
  0x0000020ffab04800 JavaThread "Finalizer" daemon [_thread_blocked, id=12684, stack(0x0000008690500000,0x0000008690600000)]
  0x0000020ffab7c800 JavaThread "Signal Dispatcher" daemon [_thread_blocked, id=12676, stack(0x0000008690600000,0x0000008690700000)]
  0x0000020ffab7e800 JavaThread "Attach Listener" daemon [_thread_blocked, id=12672, stack(0x0000008690700000,0x0000008690800000)]
  0x0000020ffab7f800 JavaThread "Service Thread" daemon [_thread_blocked, id=12648, stack(0x0000008690800000,0x0000008690900000)]
=>0x0000020ffab8a800 JavaThread "C2 CompilerThread0" daemon [_thread_in_native, id=12668, stack(0x0000008690900000,0x0000008690a00000)]
  0x0000020ffab91000 JavaThread "C1 CompilerThread0" daemon [_thread_blocked, id=7680, stack(0x0000008690a00000,0x0000008690b00000)]
  0x0000020ffaba7800 JavaThread "Sweeper thread" daemon [_thread_blocked, id=16692, stack(0x0000008690b00000,0x0000008690c00000)]
  0x0000020ffaceb800 JavaThread "Common-Cleaner" daemon [_thread_blocked, id=17792, stack(0x0000008690c00000,0x0000008690d00000)]
  0x0000020ffd16c000 JavaThread "Daemon health stats" [_thread_blocked, id=14204, stack(0x0000008691500000,0x0000008691600000)]
  0x0000020ffc99c000 JavaThread "Incoming local TCP Connector on port 60819" [_thread_in_native, id=15632, stack(0x0000008690e00000,0x0000008690f00000)]
  0x0000020ffc0cd800 JavaThread "Daemon periodic checks" [_thread_blocked, id=15636, stack(0x0000008690f00000,0x0000008691000000)]
  0x0000020ffd53e000 JavaThread "Cache worker for file hash cache (C:\Users\82109\.gradle\caches\7.0.2\fileHashes)" [_thread_blocked, id=13308, stack(0x0000008691e00000,0x0000008691f00000)]
  0x0000020ffd53c800 JavaThread "File lock request listener" [_thread_in_native, id=10556, stack(0x0000008691f00000,0x0000008692000000)]
  0x0000020ffd540800 JavaThread "Cache worker for journal cache (C:\Users\82109\.gradle\caches\journal-1)" [_thread_blocked, id=17424, stack(0x0000008692300000,0x0000008692400000)]
  0x0000020ffd53f000 JavaThread "File watcher server" daemon [_thread_in_native, id=10004, stack(0x0000008692500000,0x0000008692600000)]
  0x0000020ffd53b800 JavaThread "File watcher consumer" daemon [_thread_blocked, id=3860, stack(0x0000008692600000,0x0000008692700000)]
  0x0000020ffd542000 JavaThread "jar transforms" [_thread_blocked, id=876, stack(0x0000008692700000,0x0000008692800000)]
  0x0000020ffd53d000 JavaThread "jar transforms Thread 2" [_thread_blocked, id=15328, stack(0x0000008692800000,0x0000008692900000)]
  0x0000020ffe969000 JavaThread "jar transforms Thread 3" [_thread_blocked, id=4960, stack(0x0000008692900000,0x0000008692a00000)]
  0x0000020ffe96a800 JavaThread "jar transforms Thread 4" [_thread_blocked, id=17312, stack(0x0000008692a00000,0x0000008692b00000)]
  0x0000020ffe969800 JavaThread "jar transforms Thread 5" [_thread_blocked, id=8400, stack(0x0000008692b00000,0x0000008692c00000)]
  0x0000020ffe96c000 JavaThread "jar transforms Thread 6" [_thread_blocked, id=2300, stack(0x0000008692c00000,0x0000008692d00000)]
  0x0000020ffe96b800 JavaThread "jar transforms Thread 7" [_thread_blocked, id=12044, stack(0x0000008692e00000,0x0000008692f00000)]
  0x0000020ffe96d000 JavaThread "jar transforms Thread 8" [_thread_blocked, id=15320, stack(0x0000008692f00000,0x0000008693000000)]
  0x0000020ffe973800 JavaThread "Cache worker for execution history cache (C:\Users\82109\.gradle\caches\7.0.2\executionHistory)" [_thread_blocked, id=18376, stack(0x0000008693300000,0x0000008693400000)]
  0x0000020ffe96d800 JavaThread "Cache worker for file content cache (C:\Users\82109\.gradle\caches\7.0.2\fileContent)" [_thread_blocked, id=18368, stack(0x0000008693400000,0x0000008693500000)]
  0x0000020f81af7800 JavaThread "Memory manager" [_thread_blocked, id=8544, stack(0x0000008693f00000,0x0000008694000000)]
  0x0000020f81af4800 JavaThread "pool-3-thread-1" [_thread_blocked, id=18344, stack(0x0000008694000000,0x0000008694100000)]
  0x0000020ffe970000 JavaThread "pool-6-thread-1" [_thread_blocked, id=17992, stack(0x0000008694200000,0x0000008694300000)]
  0x0000020f83f77000 JavaThread "Cache worker for Java compile cache (C:\Users\82109\.gradle\caches\7.0.2\javaCompile)" [_thread_blocked, id=16512, stack(0x0000008694c00000,0x0000008694d00000)]
  0x0000020f83f74800 JavaThread "pool-10-thread-1" [_thread_blocked, id=12712, stack(0x0000008693d00000,0x0000008693e00000)]
  0x0000020f81aff800 JavaThread "ForkJoinPool.commonPool-worker-9" daemon [_thread_blocked, id=4360, stack(0x0000008695b00000,0x0000008695c00000)]
  0x0000020f83f75800 JavaThread "Daemon Thread 3" [_thread_blocked, id=11120, stack(0x000000868fa00000,0x000000868fb00000)]
  0x0000020f83f72000 JavaThread "Daemon worker Thread 3" [_thread_in_vm, id=17656, stack(0x0000008691600000,0x0000008691700000)]
  0x0000020f81afe000 JavaThread "pool-14-thread-1" [_thread_blocked, id=12960, stack(0x0000008693e00000,0x0000008693f00000)]
  0x0000020f82936000 JavaThread "ForkJoinPool.commonPool-worker-13" daemon [_thread_blocked, id=7328, stack(0x0000008695c00000,0x0000008695d00000)]
  0x0000020f82936800 JavaThread "ForkJoinPool.commonPool-worker-15" daemon [_thread_blocked, id=14368, stack(0x0000008695d00000,0x0000008695e00000)]
  0x0000020f82939000 JavaThread "ForkJoinPool.commonPool-worker-1" daemon [_thread_blocked, id=17584, stack(0x0000008695e00000,0x0000008695f00000)]
  0x0000020f84422000 JavaThread "ForkJoinPool.commonPool-worker-3" daemon [_thread_blocked, id=7372, stack(0x0000008695f00000,0x0000008696000000)]
  0x0000020f84423000 JavaThread "ForkJoinPool.commonPool-worker-5" daemon [_thread_blocked, id=7640, stack(0x0000008696000000,0x0000008696100000)]
  0x0000020f8441f800 JavaThread "ForkJoinPool.commonPool-worker-7" daemon [_thread_blocked, id=8840, stack(0x0000008696100000,0x0000008696200000)]
  0x0000020f84420800 JavaThread "Handler for socket connection from /127.0.0.1:60819 to /127.0.0.1:61310" [_thread_in_native, id=8188, stack(0x000000868fb00000,0x000000868fc00000)]
  0x0000020f8441f000 JavaThread "Cancel handler" [_thread_blocked, id=3688, stack(0x000000868fc00000,0x000000868fd00000)]
  0x0000020f8441d000 JavaThread "Asynchronous log dispatcher for DefaultDaemonConnection: socket connection from /127.0.0.1:60819 to /127.0.0.1:61310" [_thread_blocked, id=16048, stack(0x0000008691700000,0x0000008691800000)]
  0x0000020f84421800 JavaThread "Stdin handler" [_thread_blocked, id=17088, stack(0x0000008691800000,0x0000008691900000)]
  0x0000020f84423800 JavaThread "Daemon client event forwarder" [_thread_blocked, id=16400, stack(0x0000008691900000,0x0000008691a00000)]
  0x0000020f8441e000 JavaThread "Cache worker for file hash cache (C:\Users\82109\AndroidStudioProjects\Diary3\.gradle\7.0.2\fileHashes)" [_thread_blocked, id=17252, stack(0x0000008691a00000,0x0000008691b00000)]
  0x0000020f84428000 JavaThread "Cache worker for checksums cache (C:\Users\82109\AndroidStudioProjects\Diary3\.gradle\checksums)" [_thread_blocked, id=18336, stack(0x0000008691b00000,0x0000008691c00000)]
  0x0000020f84424800 JavaThread "Cache worker for cache directory md-supplier (C:\Users\82109\.gradle\caches\7.0.2\md-supplier)" [_thread_blocked, id=11116, stack(0x0000008691c00000,0x0000008691d00000)]
  0x0000020f84427000 JavaThread "Cache worker for cache directory md-rule (C:\Users\82109\.gradle\caches\7.0.2\md-rule)" [_thread_blocked, id=12332, stack(0x0000008691d00000,0x0000008691e00000)]
  0x0000020f84429800 JavaThread "Cache worker for dependencies-accessors (C:\Users\82109\AndroidStudioProjects\Diary3\.gradle\7.0.2\dependencies-accessors)" [_thread_blocked, id=1760, stack(0x0000008692400000,0x0000008692500000)]
  0x0000020ffe29b000 JavaThread "C2 CompilerThread1" daemon [_thread_in_native, id=2844, stack(0x0000008692d00000,0x0000008692e00000)]
  0x0000020f84428800 JavaThread "Cache worker for Build Output Cleanup Cache (C:\Users\82109\AndroidStudioProjects\Diary3\.gradle\buildOutputCleanup)" [_thread_blocked, id=12736, stack(0x0000008693000000,0x0000008693100000)]
  0x0000020ffd63d000 JavaThread "C2 CompilerThread2" daemon [_thread_in_native, id=9800, stack(0x0000008693100000,0x0000008693200000)]
  0x0000020f84425800 JavaThread "Build operations" [_thread_blocked, id=2124, stack(0x0000008693200000,0x0000008693300000)]
  0x0000020f8442c000 JavaThread "Build operations Thread 2" [_thread_blocked, id=11640, stack(0x0000008693500000,0x0000008693600000)]
  0x0000020f84426000 JavaThread "Build operations Thread 3" [_thread_blocked, id=16788, stack(0x0000008693600000,0x0000008693700000)]
  0x0000020f8442a800 JavaThread "Build operations Thread 4" [_thread_blocked, id=16776, stack(0x0000008693700000,0x0000008693800000)]
  0x0000020f8442b000 JavaThread "Build operations Thread 5" [_thread_blocked, id=16472, stack(0x0000008693800000,0x0000008693900000)]
  0x0000020f83f77800 JavaThread "Build operations Thread 6" [_thread_blocked, id=12436, stack(0x0000008693900000,0x0000008693a00000)]
  0x0000020f83f73800 JavaThread "Build operations Thread 7" [_thread_blocked, id=17284, stack(0x0000008693a00000,0x0000008693b00000)]
  0x0000020f83f76000 JavaThread "Build operations Thread 8" [_thread_blocked, id=17616, stack(0x0000008693b00000,0x0000008693c00000)]

Other Threads:
  0x0000020ffaafd000 VMThread "VM Thread" [stack: 0x0000008690300000,0x0000008690400000] [id=12656]
  0x0000020ffad1c800 WatcherThread [stack: 0x0000008690d00000,0x0000008690e00000] [id=17796]
  0x0000020fdf645000 GCTaskThread "GC Thread#0" [stack: 0x000000868fe00000,0x000000868ff00000] [id=8120]
  0x0000020ffb76e800 GCTaskThread "GC Thread#1" [stack: 0x0000008691000000,0x0000008691100000] [id=18356]
  0x0000020ffb9a4800 GCTaskThread "GC Thread#2" [stack: 0x0000008691100000,0x0000008691200000] [id=17748]
  0x0000020ffb9a5800 GCTaskThread "GC Thread#3" [stack: 0x0000008691200000,0x0000008691300000] [id=17780]
  0x0000020ffb746800 GCTaskThread "GC Thread#4" [stack: 0x0000008691300000,0x0000008691400000] [id=18132]
  0x0000020ffb747800 GCTaskThread "GC Thread#5" [stack: 0x0000008691400000,0x0000008691500000] [id=18104]
  0x0000020ffd0c5800 GCTaskThread "GC Thread#6" [stack: 0x0000008692000000,0x0000008692100000] [id=18064]
  0x0000020ffbd39800 GCTaskThread "GC Thread#7" [stack: 0x0000008692100000,0x0000008692200000] [id=13812]
  0x0000020fdf679000 ConcurrentGCThread "G1 Main Marker" [stack: 0x000000868ff00000,0x0000008690000000] [id=2616]
  0x0000020fdf67a800 ConcurrentGCThread "G1 Conc#0" [stack: 0x0000008690000000,0x0000008690100000] [id=15028]
  0x0000020ffcb5c800 ConcurrentGCThread "G1 Conc#1" [stack: 0x0000008692200000,0x0000008692300000] [id=1700]
  0x0000020fdf70e800 ConcurrentGCThread "G1 Refine#0" [stack: 0x0000008690100000,0x0000008690200000] [id=12620]
  0x0000020f84ef2000 ConcurrentGCThread "G1 Refine#1" [stack: 0x0000008694a00000,0x0000008694b00000] [id=16180]
  0x0000020f84eef800 ConcurrentGCThread "G1 Refine#2" [stack: 0x0000008694b00000,0x0000008694c00000] [id=17752]
  0x0000020ffa14a800 ConcurrentGCThread "G1 Young RemSet Sampling" [stack: 0x0000008690200000,0x0000008690300000] [id=12616]

Threads with active compile tasks:
C2 CompilerThread0 946468 21467   !   4       org.gradle.cache.internal.DefaultCacheAccess::takeOwnership (50 bytes)
C2 CompilerThread1 946468 21468   !   4       org.gradle.cache.internal.DefaultCacheAccess::useCache (191 bytes)
C2 CompilerThread2 946468 21472       4       org.gradle.internal.component.external.model.AbstractLazyModuleComponentResolveMetadata::populateHierarchy (64 bytes)

VM state:not at safepoint (normal execution)

VM Mutex/Monitor currently owned by a thread: None

Heap address: 0x0000000080000000, size: 2048 MB, Compressed Oops mode: 32-bit
Narrow klass base: 0x0000000000000000, Narrow klass shift: 3
Compressed class space size: 1073741824 Address: 0x0000000100000000

Heap:
 garbage-first heap   total 262144K, used 190302K [0x0000000080000000, 0x0000000100000000)
  region size 1024K, 44 young (45056K), 8 survivors (8192K)
 Metaspace       used 131123K, capacity 134935K, committed 135448K, reserved 1167360K
  class space    used 16337K, capacity 17743K, committed 18048K, reserved 1048576K
Heap Regions: E=young(eden), S=young(survivor), O=old, HS=humongous(starts), HC=humongous(continues), CS=collection set, F=free, A=archive, TAMS=top-at-mark-start (previous, next)
|   0|0x0000000080000000, 0x0000000080100000, 0x0000000080100000|100%|HS|  |TAMS 0x0000000080100000, 0x0000000080000000| Complete 
|   1|0x0000000080100000, 0x0000000080200000, 0x0000000080200000|100%|HC|  |TAMS 0x0000000080200000, 0x0000000080100000| Complete 
|   2|0x0000000080200000, 0x0000000080300000, 0x0000000080300000|100%| O|  |TAMS 0x0000000080300000, 0x0000000080200000| Untracked 
|   3|0x0000000080300000, 0x0000000080400000, 0x0000000080400000|100%|HS|  |TAMS 0x0000000080400000, 0x0000000080300000| Complete 
|   4|0x0000000080400000, 0x0000000080500000, 0x0000000080500000|100%|HC|  |TAMS 0x0000000080500000, 0x0000000080400000| Complete 
|   5|0x0000000080500000, 0x0000000080600000, 0x0000000080600000|100%|HC|  |TAMS 0x0000000080600000, 0x0000000080500000| Complete 
|   6|0x0000000080600000, 0x0000000080700000, 0x0000000080700000|100%| O|  |TAMS 0x0000000080700000, 0x0000000080600000| Untracked 
|   7|0x0000000080700000, 0x0000000080800000, 0x0000000080800000|100%| O|  |TAMS 0x0000000080800000, 0x0000000080700000| Untracked 
|   8|0x0000000080800000, 0x0000000080900000, 0x0000000080900000|100%| O|  |TAMS 0x0000000080900000, 0x0000000080800000| Untracked 
|   9|0x0000000080900000, 0x0000000080a00000, 0x0000000080a00000|100%| O|  |TAMS 0x0000000080a00000, 0x0000000080900000| Complete 
|  10|0x0000000080a00000, 0x0000000080b00000, 0x0000000080b00000|100%|HS|  |TAMS 0x0000000080b00000, 0x0000000080a00000| Complete 
|  11|0x0000000080b00000, 0x0000000080c00000, 0x0000000080c00000|100%|HC|  |TAMS 0x0000000080c00000, 0x0000000080b00000| Complete 
|  12|0x0000000080c00000, 0x0000000080d00000, 0x0000000080d00000|100%|HC|  |TAMS 0x0000000080d00000, 0x0000000080c00000| Complete 
|  13|0x0000000080d00000, 0x0000000080e00000, 0x0000000080e00000|100%|HS|  |TAMS 0x0000000080e00000, 0x0000000080d00000| Complete 
|  14|0x0000000080e00000, 0x0000000080f00000, 0x0000000080f00000|100%|HC|  |TAMS 0x0000000080f00000, 0x0000000080e00000| Complete 
|  15|0x0000000080f00000, 0x0000000081000000, 0x0000000081000000|100%|HC|  |TAMS 0x0000000081000000, 0x0000000080f00000| Complete 
|  16|0x0000000081000000, 0x0000000081100000, 0x0000000081100000|100%|HC|  |TAMS 0x0000000081100000, 0x0000000081000000| Complete 
|  17|0x0000000081100000, 0x0000000081200000, 0x0000000081200000|100%|HC|  |TAMS 0x0000000081200000, 0x0000000081100000| Complete 
|  18|0x0000000081200000, 0x0000000081300000, 0x0000000081300000|100%| O|  |TAMS 0x0000000081300000, 0x0000000081200000| Untracked 
|  19|0x0000000081300000, 0x0000000081400000, 0x0000000081400000|100%| O|  |TAMS 0x0000000081400000, 0x0000000081300000| Untracked 
|  20|0x0000000081400000, 0x0000000081500000, 0x0000000081500000|100%| O|  |TAMS 0x0000000081500000, 0x0000000081400000| Untracked 
|  21|0x0000000081500000, 0x0000000081600000, 0x0000000081600000|100%| O|  |TAMS 0x0000000081600000, 0x0000000081500000| Untracked 
|  22|0x0000000081600000, 0x0000000081700000, 0x0000000081700000|100%| O|  |TAMS 0x0000000081700000, 0x0000000081600000| Complete 
|  23|0x0000000081700000, 0x0000000081800000, 0x0000000081800000|100%| O|  |TAMS 0x0000000081800000, 0x0000000081700000| Untracked 
|  24|0x0000000081800000, 0x0000000081900000, 0x0000000081900000|100%| O|  |TAMS 0x0000000081900000, 0x0000000081800000| Untracked 
|  25|0x0000000081900000, 0x0000000081a00000, 0x0000000081a00000|100%| O|  |TAMS 0x0000000081a00000, 0x0000000081900000| Untracked 
|  26|0x0000000081a00000, 0x0000000081b00000, 0x0000000081b00000|100%| O|  |TAMS 0x0000000081b00000, 0x0000000081a00000| Untracked 
|  27|0x0000000081b00000, 0x0000000081c00000, 0x0000000081c00000|100%|HS|  |TAMS 0x0000000081c00000, 0x0000000081b00000| Complete 
|  28|0x0000000081c00000, 0x0000000081d00000, 0x0000000081d00000|100%|HS|  |TAMS 0x0000000081d00000, 0x0000000081c00000| Complete 
|  29|0x0000000081d00000, 0x0000000081e00000, 0x0000000081e00000|100%|HC|  |TAMS 0x0000000081e00000, 0x0000000081d00000| Complete 
|  30|0x0000000081e00000, 0x0000000081f00000, 0x0000000081f00000|100%|HS|  |TAMS 0x0000000081f00000, 0x0000000081e00000| Complete 
|  31|0x0000000081f00000, 0x0000000082000000, 0x0000000082000000|100%|HC|  |TAMS 0x0000000082000000, 0x0000000081f00000| Complete 
|  32|0x0000000082000000, 0x0000000082100000, 0x0000000082100000|100%|HC|  |TAMS 0x0000000082100000, 0x0000000082000000| Complete 
|  33|0x0000000082100000, 0x0000000082200000, 0x0000000082200000|100%|HC|  |TAMS 0x0000000082200000, 0x0000000082100000| Complete 
|  34|0x0000000082200000, 0x0000000082300000, 0x0000000082300000|100%|HC|  |TAMS 0x0000000082300000, 0x0000000082200000| Complete 
|  35|0x0000000082300000, 0x0000000082400000, 0x0000000082400000|100%|HS|  |TAMS 0x0000000082400000, 0x0000000082300000| Complete 
|  36|0x0000000082400000, 0x0000000082500000, 0x0000000082500000|100%|HC|  |TAMS 0x0000000082500000, 0x0000000082400000| Complete 
|  37|0x0000000082500000, 0x0000000082600000, 0x0000000082600000|100%|HC|  |TAMS 0x0000000082600000, 0x0000000082500000| Complete 
|  38|0x0000000082600000, 0x0000000082700000, 0x0000000082700000|100%| O|  |TAMS 0x0000000082700000, 0x0000000082600000| Complete 
|  39|0x0000000082700000, 0x0000000082800000, 0x0000000082800000|100%| O|  |TAMS 0x0000000082800000, 0x0000000082700000| Untracked 
|  40|0x0000000082800000, 0x0000000082900000, 0x0000000082900000|100%| O|  |TAMS 0x0000000082900000, 0x0000000082800000| Untracked 
|  41|0x0000000082900000, 0x0000000082a00000, 0x0000000082a00000|100%| O|  |TAMS 0x0000000082a00000, 0x0000000082900000| Complete 
|  42|0x0000000082a00000, 0x0000000082b00000, 0x0000000082b00000|100%| O|  |TAMS 0x0000000082b00000, 0x0000000082a00000| Complete 
|  43|0x0000000082b00000, 0x0000000082c00000, 0x0000000082c00000|100%| O|  |TAMS 0x0000000082c00000, 0x0000000082b00000| Untracked 
|  44|0x0000000082c00000, 0x0000000082d00000, 0x0000000082d00000|100%| O|  |TAMS 0x0000000082d00000, 0x0000000082c00000| Untracked 
|  45|0x0000000082d00000, 0x0000000082e00000, 0x0000000082e00000|100%| O|  |TAMS 0x0000000082e00000, 0x0000000082d00000| Untracked 
|  46|0x0000000082e00000, 0x0000000082f00000, 0x0000000082f00000|100%| O|  |TAMS 0x0000000082f00000, 0x0000000082e00000| Untracked 
|  47|0x0000000082f00000, 0x0000000083000000, 0x0000000083000000|100%| O|  |TAMS 0x0000000083000000, 0x0000000082f00000| Complete 
|  48|0x0000000083000000, 0x0000000083100000, 0x0000000083100000|100%| O|  |TAMS 0x0000000083100000, 0x0000000083000000| Untracked 
|  49|0x0000000083100000, 0x0000000083200000, 0x0000000083200000|100%| O|  |TAMS 0x0000000083200000, 0x0000000083100000| Complete 
|  50|0x0000000083200000, 0x0000000083300000, 0x0000000083300000|100%| O|  |TAMS 0x0000000083300000, 0x0000000083200000| Untracked 
|  51|0x0000000083300000, 0x0000000083400000, 0x0000000083400000|100%| O|  |TAMS 0x0000000083400000, 0x0000000083300000| Untracked 
|  52|0x0000000083400000, 0x0000000083500000, 0x0000000083500000|100%| O|  |TAMS 0x0000000083500000, 0x0000000083400000| Untracked 
|  53|0x0000000083500000, 0x0000000083600000, 0x0000000083600000|100%| O|  |TAMS 0x0000000083600000, 0x0000000083500000| Complete 
|  54|0x0000000083600000, 0x0000000083700000, 0x0000000083700000|100%| O|  |TAMS 0x0000000083700000, 0x0000000083600000| Untracked 
|  55|0x0000000083700000, 0x0000000083800000, 0x0000000083800000|100%| O|  |TAMS 0x0000000083800000, 0x0000000083700000| Untracked 
|  56|0x0000000083800000, 0x0000000083900000, 0x0000000083900000|100%| O|  |TAMS 0x0000000083900000, 0x0000000083800000| Untracked 
|  57|0x0000000083900000, 0x0000000083a00000, 0x0000000083a00000|100%| O|  |TAMS 0x0000000083a00000, 0x0000000083900000| Untracked 
|  58|0x0000000083a00000, 0x0000000083b00000, 0x0000000083b00000|100%| O|  |TAMS 0x0000000083b00000, 0x0000000083a00000| Complete 
|  59|0x0000000083b00000, 0x0000000083c00000, 0x0000000083c00000|100%| O|  |TAMS 0x0000000083c00000, 0x0000000083b00000| Complete 
|  60|0x0000000083c00000, 0x0000000083d00000, 0x0000000083d00000|100%| O|  |TAMS 0x0000000083d00000, 0x0000000083c00000| Untracked 
|  61|0x0000000083d00000, 0x0000000083e00000, 0x0000000083e00000|100%| O|  |TAMS 0x0000000083e00000, 0x0000000083d00000| Untracked 
|  62|0x0000000083e00000, 0x0000000083f00000, 0x0000000083f00000|100%| O|  |TAMS 0x0000000083f00000, 0x0000000083e00000| Untracked 
|  63|0x0000000083f00000, 0x0000000084000000, 0x0000000084000000|100%| O|  |TAMS 0x0000000084000000, 0x0000000083f00000| Complete 
|  64|0x0000000084000000, 0x0000000084100000, 0x0000000084100000|100%|HS|  |TAMS 0x0000000084000000, 0x0000000084000000| Complete 
|  65|0x0000000084100000, 0x0000000084200000, 0x0000000084200000|100%| O|  |TAMS 0x0000000084200000, 0x0000000084100000| Untracked 
|  66|0x0000000084200000, 0x0000000084300000, 0x0000000084300000|100%| O|  |TAMS 0x0000000084300000, 0x0000000084200000| Complete 
|  67|0x0000000084300000, 0x0000000084400000, 0x0000000084400000|100%|HS|  |TAMS 0x0000000084300000, 0x0000000084300000| Complete 
|  68|0x0000000084400000, 0x0000000084500000, 0x0000000084500000|100%| O|  |TAMS 0x0000000084500000, 0x0000000084400000| Complete 
|  69|0x0000000084500000, 0x0000000084600000, 0x0000000084600000|100%| O|  |TAMS 0x0000000084600000, 0x0000000084500000| Untracked 
|  70|0x0000000084600000, 0x0000000084700000, 0x0000000084700000|100%| O|  |TAMS 0x0000000084700000, 0x0000000084600000| Untracked 
|  71|0x0000000084700000, 0x0000000084800000, 0x0000000084800000|100%| O|  |TAMS 0x0000000084800000, 0x0000000084700000| Untracked 
|  72|0x0000000084800000, 0x0000000084900000, 0x0000000084900000|100%| O|  |TAMS 0x0000000084900000, 0x0000000084800000| Complete 
|  73|0x0000000084900000, 0x0000000084a00000, 0x0000000084a00000|100%| O|  |TAMS 0x0000000084a00000, 0x0000000084900000| Untracked 
|  74|0x0000000084a00000, 0x0000000084b00000, 0x0000000084b00000|100%| O|  |TAMS 0x0000000084b00000, 0x0000000084a00000| Complete 
|  75|0x0000000084b00000, 0x0000000084c00000, 0x0000000084c00000|100%| O|  |TAMS 0x0000000084c00000, 0x0000000084b00000| Complete 
|  76|0x0000000084c00000, 0x0000000084d00000, 0x0000000084d00000|100%|HS|  |TAMS 0x0000000084c00000, 0x0000000084c00000| Complete 
|  77|0x0000000084d00000, 0x0000000084e00000, 0x0000000084e00000|100%| O|  |TAMS 0x0000000084e00000, 0x0000000084d00000| Complete 
|  78|0x0000000084e00000, 0x0000000084f00000, 0x0000000084f00000|100%| O|  |TAMS 0x0000000084f00000, 0x0000000084e00000| Complete 
|  79|0x0000000084f00000, 0x0000000085000000, 0x0000000085000000|100%| O|  |TAMS 0x0000000085000000, 0x0000000084f00000| Complete 
|  80|0x0000000085000000, 0x0000000085100000, 0x0000000085100000|100%| O|  |TAMS 0x0000000085100000, 0x0000000085000000| Complete 
|  81|0x0000000085100000, 0x0000000085200000, 0x0000000085200000|100%| O|  |TAMS 0x0000000085200000, 0x0000000085100000| Complete 
|  82|0x0000000085200000, 0x0000000085300000, 0x0000000085300000|100%| O|  |TAMS 0x0000000085300000, 0x0000000085200000| Untracked 
|  83|0x0000000085300000, 0x0000000085400000, 0x0000000085400000|100%| O|  |TAMS 0x0000000085400000, 0x0000000085300000| Untracked 
|  84|0x0000000085400000, 0x0000000085500000, 0x0000000085500000|100%| O|  |TAMS 0x0000000085500000, 0x0000000085400000| Untracked 
|  85|0x0000000085500000, 0x0000000085600000, 0x0000000085600000|100%| O|  |TAMS 0x0000000085600000, 0x0000000085500000| Untracked 
|  86|0x0000000085600000, 0x0000000085700000, 0x0000000085700000|100%| O|  |TAMS 0x0000000085700000, 0x0000000085600000| Complete 
|  87|0x0000000085700000, 0x0000000085800000, 0x0000000085800000|100%| O|  |TAMS 0x0000000085800000, 0x0000000085700000| Complete 
|  88|0x0000000085800000, 0x0000000085900000, 0x0000000085900000|100%|HS|  |TAMS 0x0000000085800000, 0x0000000085800000| Complete 
|  89|0x0000000085900000, 0x0000000085a00000, 0x0000000085a00000|100%| O|  |TAMS 0x0000000085a00000, 0x0000000085900000| Complete 
|  90|0x0000000085a00000, 0x0000000085b00000, 0x0000000085b00000|100%| O|  |TAMS 0x0000000085b00000, 0x0000000085a00000| Complete 
|  91|0x0000000085b00000, 0x0000000085c00000, 0x0000000085c00000|100%| O|  |TAMS 0x0000000085c00000, 0x0000000085b00000| Complete 
|  92|0x0000000085c00000, 0x0000000085d00000, 0x0000000085d00000|100%| O|  |TAMS 0x0000000085d00000, 0x0000000085c00000| Complete 
|  93|0x0000000085d00000, 0x0000000085e00000, 0x0000000085e00000|100%| O|  |TAMS 0x0000000085e00000, 0x0000000085d00000| Complete 
|  94|0x0000000085e00000, 0x0000000085f00000, 0x0000000085f00000|100%|HS|  |TAMS 0x0000000085e00000, 0x0000000085e00000| Complete 
|  95|0x0000000085f00000, 0x0000000086000000, 0x0000000086000000|100%|HC|  |TAMS 0x0000000085f00000, 0x0000000085f00000| Complete 
|  96|0x0000000086000000, 0x0000000086100000, 0x0000000086100000|100%| O|  |TAMS 0x0000000086100000, 0x0000000086000000| Complete 
|  97|0x0000000086100000, 0x0000000086100000, 0x0000000086200000|  0%| F|  |TAMS 0x0000000086100000, 0x0000000086100000| Untracked 
|  98|0x0000000086200000, 0x0000000086300000, 0x0000000086300000|100%| O|  |TAMS 0x0000000086300000, 0x0000000086200000| Complete 
|  99|0x0000000086300000, 0x0000000086400000, 0x0000000086400000|100%| O|  |TAMS 0x0000000086400000, 0x0000000086300000| Untracked 
| 100|0x0000000086400000, 0x0000000086500000, 0x0000000086500000|100%| O|  |TAMS 0x0000000086500000, 0x0000000086400000| Complete 
| 101|0x0000000086500000, 0x0000000086600000, 0x0000000086600000|100%| O|  |TAMS 0x0000000086600000, 0x0000000086500000| Untracked 
| 102|0x0000000086600000, 0x0000000086700000, 0x0000000086700000|100%| O|  |TAMS 0x0000000086700000, 0x0000000086600000| Untracked 
| 103|0x0000000086700000, 0x0000000086800000, 0x0000000086800000|100%| O|  |TAMS 0x0000000086800000, 0x0000000086700000| Complete 
| 104|0x0000000086800000, 0x0000000086900000, 0x0000000086900000|100%| O|  |TAMS 0x0000000086900000, 0x0000000086800000| Untracked 
| 105|0x0000000086900000, 0x0000000086a00000, 0x0000000086a00000|100%| O|  |TAMS 0x0000000086a00000, 0x0000000086900000| Complete 
| 106|0x0000000086a00000, 0x0000000086b00000, 0x0000000086b00000|100%| O|  |TAMS 0x0000000086b00000, 0x0000000086a00000| Untracked 
| 107|0x0000000086b00000, 0x0000000086c00000, 0x0000000086c00000|100%| O|  |TAMS 0x0000000086c00000, 0x0000000086b00000| Complete 
| 108|0x0000000086c00000, 0x0000000086c00000, 0x0000000086d00000|  0%| F|  |TAMS 0x0000000086c00000, 0x0000000086c00000| Untracked 
| 109|0x0000000086d00000, 0x0000000086e00000, 0x0000000086e00000|100%| O|  |TAMS 0x0000000086e00000, 0x0000000086d00000| Complete 
| 110|0x0000000086e00000, 0x0000000086f00000, 0x0000000086f00000|100%| O|  |TAMS 0x0000000086f00000, 0x0000000086e00000| Complete 
| 111|0x0000000086f00000, 0x0000000087000000, 0x0000000087000000|100%| O|  |TAMS 0x0000000087000000, 0x0000000086f00000| Complete 
| 112|0x0000000087000000, 0x0000000087100000, 0x0000000087100000|100%|HS|  |TAMS 0x0000000087000000, 0x0000000087000000| Complete 
| 113|0x0000000087100000, 0x0000000087200000, 0x0000000087200000|100%|HC|  |TAMS 0x0000000087100000, 0x0000000087100000| Complete 
| 114|0x0000000087200000, 0x0000000087300000, 0x0000000087300000|100%| O|  |TAMS 0x0000000087300000, 0x0000000087200000| Untracked 
| 115|0x0000000087300000, 0x0000000087400000, 0x0000000087400000|100%| O|  |TAMS 0x0000000087400000, 0x0000000087300000| Complete 
| 116|0x0000000087400000, 0x0000000087500000, 0x0000000087500000|100%|HS|  |TAMS 0x0000000087400000, 0x0000000087400000| Complete 
| 117|0x0000000087500000, 0x0000000087600000, 0x0000000087600000|100%|HC|  |TAMS 0x0000000087500000, 0x0000000087500000| Complete 
| 118|0x0000000087600000, 0x0000000087600000, 0x0000000087700000|  0%| F|  |TAMS 0x0000000087600000, 0x0000000087600000| Untracked 
| 119|0x0000000087700000, 0x0000000087800000, 0x0000000087800000|100%| O|  |TAMS 0x0000000087800000, 0x0000000087700000| Untracked 
| 120|0x0000000087800000, 0x0000000087800000, 0x0000000087900000|  0%| F|  |TAMS 0x0000000087800000, 0x0000000087800000| Untracked 
| 121|0x0000000087900000, 0x0000000087a00000, 0x0000000087a00000|100%| O|  |TAMS 0x0000000087a00000, 0x0000000087900000| Untracked 
| 122|0x0000000087a00000, 0x0000000087b00000, 0x0000000087b00000|100%| O|  |TAMS 0x0000000087b00000, 0x0000000087a00000| Untracked 
| 123|0x0000000087b00000, 0x0000000087c00000, 0x0000000087c00000|100%| O|  |TAMS 0x0000000087c00000, 0x0000000087b00000| Untracked 
| 124|0x0000000087c00000, 0x0000000087d00000, 0x0000000087d00000|100%| O|  |TAMS 0x0000000087d00000, 0x0000000087c00000| Untracked 
| 125|0x0000000087d00000, 0x0000000087e00000, 0x0000000087e00000|100%| O|  |TAMS 0x0000000087e00000, 0x0000000087d00000| Complete 
| 126|0x0000000087e00000, 0x0000000087f00000, 0x0000000087f00000|100%| O|  |TAMS 0x0000000087f00000, 0x0000000087e00000| Untracked 
| 127|0x0000000087f00000, 0x0000000088000000, 0x0000000088000000|100%| O|  |TAMS 0x0000000088000000, 0x0000000087f00000| Untracked 
| 128|0x0000000088000000, 0x00000000880e1c00, 0x0000000088100000| 88%| O|  |TAMS 0x00000000880e1c00, 0x0000000088000000| Untracked 
| 129|0x0000000088100000, 0x0000000088200000, 0x0000000088200000|100%|HS|  |TAMS 0x0000000088100000, 0x0000000088100000| Complete 
| 130|0x0000000088200000, 0x0000000088300000, 0x0000000088300000|100%|HC|  |TAMS 0x0000000088200000, 0x0000000088200000| Complete 
| 131|0x0000000088300000, 0x0000000088400000, 0x0000000088400000|100%| O|  |TAMS 0x0000000088400000, 0x0000000088300000| Untracked 
| 132|0x0000000088400000, 0x0000000088500000, 0x0000000088500000|100%| O|  |TAMS 0x0000000088500000, 0x0000000088400000| Complete 
| 133|0x0000000088500000, 0x0000000088600000, 0x0000000088600000|100%| O|  |TAMS 0x0000000088600000, 0x0000000088500000| Complete 
| 134|0x0000000088600000, 0x0000000088600000, 0x0000000088700000|  0%| F|  |TAMS 0x0000000088600000, 0x0000000088600000| Untracked 
| 135|0x0000000088700000, 0x0000000088800000, 0x0000000088800000|100%| O|  |TAMS 0x0000000088800000, 0x0000000088700000| Complete 
| 136|0x0000000088800000, 0x0000000088900000, 0x0000000088900000|100%| O|  |TAMS 0x0000000088900000, 0x0000000088800000| Complete 
| 137|0x0000000088900000, 0x0000000088900000, 0x0000000088a00000|  0%| F|  |TAMS 0x0000000088900000, 0x0000000088900000| Untracked 
| 138|0x0000000088a00000, 0x0000000088b00000, 0x0000000088b00000|100%| O|  |TAMS 0x0000000088b00000, 0x0000000088a00000| Complete 
| 139|0x0000000088b00000, 0x0000000088c00000, 0x0000000088c00000|100%| O|  |TAMS 0x0000000088c00000, 0x0000000088b00000| Untracked 
| 140|0x0000000088c00000, 0x0000000088d00000, 0x0000000088d00000|100%| O|  |TAMS 0x0000000088d00000, 0x0000000088c00000| Untracked 
| 141|0x0000000088d00000, 0x0000000088d00000, 0x0000000088e00000|  0%| F|  |TAMS 0x0000000088d00000, 0x0000000088d00000| Untracked 
| 142|0x0000000088e00000, 0x0000000088f00000, 0x0000000088f00000|100%| O|  |TAMS 0x0000000088f00000, 0x0000000088e00000| Complete 
| 143|0x0000000088f00000, 0x0000000089000000, 0x0000000089000000|100%| O|  |TAMS 0x0000000089000000, 0x0000000088f00000| Untracked 
| 144|0x0000000089000000, 0x0000000089100000, 0x0000000089100000|100%| O|  |TAMS 0x0000000089100000, 0x0000000089000000| Untracked 
| 145|0x0000000089100000, 0x0000000089200000, 0x0000000089200000|100%| O|  |TAMS 0x0000000089200000, 0x0000000089100000| Complete 
| 146|0x0000000089200000, 0x0000000089300000, 0x0000000089300000|100%| O|  |TAMS 0x0000000089300000, 0x0000000089200000| Complete 
| 147|0x0000000089300000, 0x0000000089400000, 0x0000000089400000|100%| O|  |TAMS 0x0000000089400000, 0x0000000089300000| Complete 
| 148|0x0000000089400000, 0x0000000089500000, 0x0000000089500000|100%| O|  |TAMS 0x0000000089500000, 0x0000000089400000| Untracked 
| 149|0x0000000089500000, 0x0000000089600000, 0x0000000089600000|100%| O|  |TAMS 0x0000000089600000, 0x0000000089500000| Untracked 
| 150|0x0000000089600000, 0x0000000089700000, 0x0000000089700000|100%| O|  |TAMS 0x0000000089700000, 0x0000000089600000| Untracked 
| 151|0x0000000089700000, 0x0000000089700000, 0x0000000089800000|  0%| F|  |TAMS 0x0000000089700000, 0x0000000089700000| Untracked 
| 152|0x0000000089800000, 0x0000000089800000, 0x0000000089900000|  0%| F|  |TAMS 0x0000000089800000, 0x0000000089800000| Untracked 
| 153|0x0000000089900000, 0x0000000089900000, 0x0000000089a00000|  0%| F|  |TAMS 0x0000000089900000, 0x0000000089900000| Untracked 
| 154|0x0000000089a00000, 0x0000000089a00000, 0x0000000089b00000|  0%| F|  |TAMS 0x0000000089a00000, 0x0000000089a00000| Untracked 
| 155|0x0000000089b00000, 0x0000000089b00000, 0x0000000089c00000|  0%| F|  |TAMS 0x0000000089b00000, 0x0000000089b00000| Untracked 
| 156|0x0000000089c00000, 0x0000000089c00000, 0x0000000089d00000|  0%| F|  |TAMS 0x0000000089c00000, 0x0000000089c00000| Untracked 
| 157|0x0000000089d00000, 0x0000000089d00000, 0x0000000089e00000|  0%| F|  |TAMS 0x0000000089d00000, 0x0000000089d00000| Untracked 
| 158|0x0000000089e00000, 0x0000000089e00000, 0x0000000089f00000|  0%| F|  |TAMS 0x0000000089e00000, 0x0000000089e00000| Untracked 
| 159|0x0000000089f00000, 0x0000000089f00000, 0x000000008a000000|  0%| F|  |TAMS 0x0000000089f00000, 0x0000000089f00000| Untracked 
| 160|0x000000008a000000, 0x000000008a000000, 0x000000008a100000|  0%| F|  |TAMS 0x000000008a000000, 0x000000008a000000| Untracked 
| 161|0x000000008a100000, 0x000000008a100000, 0x000000008a200000|  0%| F|  |TAMS 0x000000008a100000, 0x000000008a100000| Untracked 
| 162|0x000000008a200000, 0x000000008a200000, 0x000000008a300000|  0%| F|  |TAMS 0x000000008a200000, 0x000000008a200000| Untracked 
| 163|0x000000008a300000, 0x000000008a300000, 0x000000008a400000|  0%| F|  |TAMS 0x000000008a300000, 0x000000008a300000| Untracked 
| 164|0x000000008a400000, 0x000000008a400000, 0x000000008a500000|  0%| F|  |TAMS 0x000000008a400000, 0x000000008a400000| Untracked 
| 165|0x000000008a500000, 0x000000008a500000, 0x000000008a600000|  0%| F|  |TAMS 0x000000008a500000, 0x000000008a500000| Untracked 
| 166|0x000000008a600000, 0x000000008a600000, 0x000000008a700000|  0%| F|  |TAMS 0x000000008a600000, 0x000000008a600000| Untracked 
| 167|0x000000008a700000, 0x000000008a700000, 0x000000008a800000|  0%| F|  |TAMS 0x000000008a700000, 0x000000008a700000| Untracked 
| 168|0x000000008a800000, 0x000000008a800000, 0x000000008a900000|  0%| F|  |TAMS 0x000000008a800000, 0x000000008a800000| Untracked 
| 169|0x000000008a900000, 0x000000008a900000, 0x000000008aa00000|  0%| F|  |TAMS 0x000000008a900000, 0x000000008a900000| Untracked 
| 170|0x000000008aa00000, 0x000000008aa00000, 0x000000008ab00000|  0%| F|  |TAMS 0x000000008aa00000, 0x000000008aa00000| Untracked 
| 171|0x000000008ab00000, 0x000000008ab00000, 0x000000008ac00000|  0%| F|  |TAMS 0x000000008ab00000, 0x000000008ab00000| Untracked 
| 172|0x000000008ac00000, 0x000000008ac00000, 0x000000008ad00000|  0%| F|  |TAMS 0x000000008ac00000, 0x000000008ac00000| Untracked 
| 173|0x000000008ad00000, 0x000000008ad00000, 0x000000008ae00000|  0%| F|  |TAMS 0x000000008ad00000, 0x000000008ad00000| Untracked 
| 174|0x000000008ae00000, 0x000000008ae00000, 0x000000008af00000|  0%| F|  |TAMS 0x000000008ae00000, 0x000000008ae00000| Untracked 
| 175|0x000000008af00000, 0x000000008af00000, 0x000000008b000000|  0%| F|  |TAMS 0x000000008af00000, 0x000000008af00000| Untracked 
| 176|0x000000008b000000, 0x000000008b000000, 0x000000008b100000|  0%| F|  |TAMS 0x000000008b000000, 0x000000008b000000| Untracked 
| 177|0x000000008b100000, 0x000000008b100000, 0x000000008b200000|  0%| F|  |TAMS 0x000000008b100000, 0x000000008b100000| Untracked 
| 178|0x000000008b200000, 0x000000008b200000, 0x000000008b300000|  0%| F|  |TAMS 0x000000008b200000, 0x000000008b200000| Untracked 
| 179|0x000000008b300000, 0x000000008b300000, 0x000000008b400000|  0%| F|  |TAMS 0x000000008b300000, 0x000000008b300000| Untracked 
| 180|0x000000008b400000, 0x000000008b400000, 0x000000008b500000|  0%| F|  |TAMS 0x000000008b400000, 0x000000008b400000| Untracked 
| 181|0x000000008b500000, 0x000000008b500000, 0x000000008b600000|  0%| F|  |TAMS 0x000000008b500000, 0x000000008b500000| Untracked 
| 182|0x000000008b600000, 0x000000008b600000, 0x000000008b700000|  0%| F|  |TAMS 0x000000008b600000, 0x000000008b600000| Untracked 
| 183|0x000000008b700000, 0x000000008b700000, 0x000000008b800000|  0%| F|  |TAMS 0x000000008b700000, 0x000000008b700000| Untracked 
| 184|0x000000008b800000, 0x000000008b800000, 0x000000008b900000|  0%| F|  |TAMS 0x000000008b800000, 0x000000008b800000| Untracked 
| 185|0x000000008b900000, 0x000000008b900000, 0x000000008ba00000|  0%| F|  |TAMS 0x000000008b900000, 0x000000008b900000| Untracked 
| 186|0x000000008ba00000, 0x000000008ba00000, 0x000000008bb00000|  0%| F|  |TAMS 0x000000008ba00000, 0x000000008ba00000| Untracked 
| 187|0x000000008bb00000, 0x000000008bb00000, 0x000000008bc00000|  0%| F|  |TAMS 0x000000008bb00000, 0x000000008bb00000| Untracked 
| 188|0x000000008bc00000, 0x000000008bc00000, 0x000000008bd00000|  0%| F|  |TAMS 0x000000008bc00000, 0x000000008bc00000| Untracked 
| 189|0x000000008bd00000, 0x000000008bd00000, 0x000000008be00000|  0%| F|  |TAMS 0x000000008bd00000, 0x000000008bd00000| Untracked 
| 190|0x000000008be00000, 0x000000008be00000, 0x000000008bf00000|  0%| F|  |TAMS 0x000000008be00000, 0x000000008be00000| Untracked 
| 191|0x000000008bf00000, 0x000000008bf00000, 0x000000008c000000|  0%| F|  |TAMS 0x000000008bf00000, 0x000000008bf00000| Untracked 
| 192|0x000000008c000000, 0x000000008c000000, 0x000000008c100000|  0%| F|  |TAMS 0x000000008c000000, 0x000000008c000000| Untracked 
| 193|0x000000008c100000, 0x000000008c100000, 0x000000008c200000|  0%| F|  |TAMS 0x000000008c100000, 0x000000008c100000| Untracked 
| 194|0x000000008c200000, 0x000000008c200000, 0x000000008c300000|  0%| F|  |TAMS 0x000000008c200000, 0x000000008c200000| Untracked 
| 195|0x000000008c300000, 0x000000008c300000, 0x000000008c400000|  0%| F|  |TAMS 0x000000008c300000, 0x000000008c300000| Untracked 
| 196|0x000000008c400000, 0x000000008c400000, 0x000000008c500000|  0%| F|  |TAMS 0x000000008c400000, 0x000000008c400000| Untracked 
| 197|0x000000008c500000, 0x000000008c500000, 0x000000008c600000|  0%| F|  |TAMS 0x000000008c500000, 0x000000008c500000| Untracked 
| 198|0x000000008c600000, 0x000000008c600000, 0x000000008c700000|  0%| F|  |TAMS 0x000000008c600000, 0x000000008c600000| Untracked 
| 199|0x000000008c700000, 0x000000008c700000, 0x000000008c800000|  0%| F|  |TAMS 0x000000008c700000, 0x000000008c700000| Untracked 
| 200|0x000000008c800000, 0x000000008c800000, 0x000000008c900000|  0%| F|  |TAMS 0x000000008c800000, 0x000000008c800000| Untracked 
| 201|0x000000008c900000, 0x000000008c900000, 0x000000008ca00000|  0%| F|  |TAMS 0x000000008c900000, 0x000000008c900000| Untracked 
| 202|0x000000008ca00000, 0x000000008ca00000, 0x000000008cb00000|  0%| F|  |TAMS 0x000000008ca00000, 0x000000008ca00000| Untracked 
| 203|0x000000008cb00000, 0x000000008cb00000, 0x000000008cc00000|  0%| F|  |TAMS 0x000000008cb00000, 0x000000008cb00000| Untracked 
| 204|0x000000008cc00000, 0x000000008cc00000, 0x000000008cd00000|  0%| F|  |TAMS 0x000000008cc00000, 0x000000008cc00000| Untracked 
| 205|0x000000008cd00000, 0x000000008cd00000, 0x000000008ce00000|  0%| F|  |TAMS 0x000000008cd00000, 0x000000008cd00000| Untracked 
| 206|0x000000008ce00000, 0x000000008ce00000, 0x000000008cf00000|  0%| F|  |TAMS 0x000000008ce00000, 0x000000008ce00000| Untracked 
| 207|0x000000008cf00000, 0x000000008cf00000, 0x000000008d000000|  0%| F|  |TAMS 0x000000008cf00000, 0x000000008cf00000| Untracked 
| 208|0x000000008d000000, 0x000000008d000000, 0x000000008d100000|  0%| F|  |TAMS 0x000000008d000000, 0x000000008d000000| Untracked 
| 209|0x000000008d100000, 0x000000008d1f5d30, 0x000000008d200000| 96%| S|CS|TAMS 0x000000008d100000, 0x000000008d100000| Complete 
| 210|0x000000008d200000, 0x000000008d300000, 0x000000008d300000|100%| S|CS|TAMS 0x000000008d200000, 0x000000008d200000| Complete 
| 211|0x000000008d300000, 0x000000008d400000, 0x000000008d400000|100%| S|CS|TAMS 0x000000008d300000, 0x000000008d300000| Complete 
| 212|0x000000008d400000, 0x000000008d500000, 0x000000008d500000|100%| S|CS|TAMS 0x000000008d400000, 0x000000008d400000| Complete 
| 213|0x000000008d500000, 0x000000008d600000, 0x000000008d600000|100%| S|CS|TAMS 0x000000008d500000, 0x000000008d500000| Complete 
| 214|0x000000008d600000, 0x000000008d700000, 0x000000008d700000|100%| S|CS|TAMS 0x000000008d600000, 0x000000008d600000| Complete 
| 215|0x000000008d700000, 0x000000008d800000, 0x000000008d800000|100%| S|CS|TAMS 0x000000008d700000, 0x000000008d700000| Complete 
| 216|0x000000008d800000, 0x000000008d900000, 0x000000008d900000|100%| S|CS|TAMS 0x000000008d800000, 0x000000008d800000| Complete 
| 217|0x000000008d900000, 0x000000008d900000, 0x000000008da00000|  0%| F|  |TAMS 0x000000008d900000, 0x000000008d900000| Untracked 
| 218|0x000000008da00000, 0x000000008da00000, 0x000000008db00000|  0%| F|  |TAMS 0x000000008da00000, 0x000000008da00000| Untracked 
| 219|0x000000008db00000, 0x000000008db00000, 0x000000008dc00000|  0%| F|  |TAMS 0x000000008db00000, 0x000000008db00000| Untracked 
| 220|0x000000008dc00000, 0x000000008dcdc5a8, 0x000000008dd00000| 86%| E|  |TAMS 0x000000008dc00000, 0x000000008dc00000| Complete 
| 221|0x000000008dd00000, 0x000000008de00000, 0x000000008de00000|100%| E|CS|TAMS 0x000000008dd00000, 0x000000008dd00000| Complete 
| 222|0x000000008de00000, 0x000000008df00000, 0x000000008df00000|100%| E|CS|TAMS 0x000000008de00000, 0x000000008de00000| Complete 
| 223|0x000000008df00000, 0x000000008e000000, 0x000000008e000000|100%| E|CS|TAMS 0x000000008df00000, 0x000000008df00000| Complete 
| 224|0x000000008e000000, 0x000000008e100000, 0x000000008e100000|100%| E|CS|TAMS 0x000000008e000000, 0x000000008e000000| Complete 
| 225|0x000000008e100000, 0x000000008e200000, 0x000000008e200000|100%| E|CS|TAMS 0x000000008e100000, 0x000000008e100000| Complete 
| 226|0x000000008e200000, 0x000000008e300000, 0x000000008e300000|100%| E|CS|TAMS 0x000000008e200000, 0x000000008e200000| Complete 
| 227|0x000000008e300000, 0x000000008e400000, 0x000000008e400000|100%| E|CS|TAMS 0x000000008e300000, 0x000000008e300000| Complete 
| 228|0x000000008e400000, 0x000000008e500000, 0x000000008e500000|100%| E|CS|TAMS 0x000000008e400000, 0x000000008e400000| Complete 
| 229|0x000000008e500000, 0x000000008e600000, 0x000000008e600000|100%| E|CS|TAMS 0x000000008e500000, 0x000000008e500000| Complete 
| 230|0x000000008e600000, 0x000000008e700000, 0x000000008e700000|100%| E|CS|TAMS 0x000000008e600000, 0x000000008e600000| Complete 
| 231|0x000000008e700000, 0x000000008e800000, 0x000000008e800000|100%| E|CS|TAMS 0x000000008e700000, 0x000000008e700000| Complete 
| 232|0x000000008e800000, 0x000000008e900000, 0x000000008e900000|100%| E|CS|TAMS 0x000000008e800000, 0x000000008e800000| Complete 
| 233|0x000000008e900000, 0x000000008ea00000, 0x000000008ea00000|100%| E|CS|TAMS 0x000000008e900000, 0x000000008e900000| Complete 
| 234|0x000000008ea00000, 0x000000008eb00000, 0x000000008eb00000|100%| E|CS|TAMS 0x000000008ea00000, 0x000000008ea00000| Complete 
| 235|0x000000008eb00000, 0x000000008ec00000, 0x000000008ec00000|100%| E|CS|TAMS 0x000000008eb00000, 0x000000008eb00000| Complete 
| 236|0x000000008ec00000, 0x000000008ed00000, 0x000000008ed00000|100%| E|CS|TAMS 0x000000008ec00000, 0x000000008ec00000| Complete 
| 237|0x000000008ed00000, 0x000000008ee00000, 0x000000008ee00000|100%| E|  |TAMS 0x000000008ed00000, 0x000000008ed00000| Complete 
| 238|0x000000008ee00000, 0x000000008ef00000, 0x000000008ef00000|100%| E|CS|TAMS 0x000000008ee00000, 0x000000008ee00000| Complete 
| 239|0x000000008ef00000, 0x000000008f000000, 0x000000008f000000|100%| E|CS|TAMS 0x000000008ef00000, 0x000000008ef00000| Complete 
| 240|0x000000008f000000, 0x000000008f100000, 0x000000008f100000|100%| E|CS|TAMS 0x000000008f000000, 0x000000008f000000| Complete 
| 241|0x000000008f100000, 0x000000008f200000, 0x000000008f200000|100%| E|CS|TAMS 0x000000008f100000, 0x000000008f100000| Complete 
| 242|0x000000008f200000, 0x000000008f300000, 0x000000008f300000|100%| E|CS|TAMS 0x000000008f200000, 0x000000008f200000| Complete 
| 243|0x000000008f300000, 0x000000008f400000, 0x000000008f400000|100%| E|CS|TAMS 0x000000008f300000, 0x000000008f300000| Complete 
| 244|0x000000008f400000, 0x000000008f500000, 0x000000008f500000|100%| E|CS|TAMS 0x000000008f400000, 0x000000008f400000| Complete 
| 245|0x000000008f500000, 0x000000008f600000, 0x000000008f600000|100%| E|CS|TAMS 0x000000008f500000, 0x000000008f500000| Complete 
| 246|0x000000008f600000, 0x000000008f700000, 0x000000008f700000|100%| E|CS|TAMS 0x000000008f600000, 0x000000008f600000| Complete 
| 247|0x000000008f700000, 0x000000008f800000, 0x000000008f800000|100%| E|CS|TAMS 0x000000008f700000, 0x000000008f700000| Complete 
| 248|0x000000008f800000, 0x000000008f900000, 0x000000008f900000|100%| E|CS|TAMS 0x000000008f800000, 0x000000008f800000| Complete 
| 249|0x000000008f900000, 0x000000008fa00000, 0x000000008fa00000|100%| E|CS|TAMS 0x000000008f900000, 0x000000008f900000| Complete 
| 250|0x000000008fa00000, 0x000000008fb00000, 0x000000008fb00000|100%| E|CS|TAMS 0x000000008fa00000, 0x000000008fa00000| Complete 
| 251|0x000000008fb00000, 0x000000008fc00000, 0x000000008fc00000|100%| E|CS|TAMS 0x000000008fb00000, 0x000000008fb00000| Complete 
| 252|0x000000008fc00000, 0x000000008fd00000, 0x000000008fd00000|100%| E|CS|TAMS 0x000000008fc00000, 0x000000008fc00000| Complete 
| 253|0x000000008fd00000, 0x000000008fe00000, 0x000000008fe00000|100%| E|CS|TAMS 0x000000008fd00000, 0x000000008fd00000| Complete 
| 254|0x000000008fe00000, 0x000000008ff00000, 0x000000008ff00000|100%| E|CS|TAMS 0x000000008fe00000, 0x000000008fe00000| Complete 
| 255|0x000000008ff00000, 0x0000000090000000, 0x0000000090000000|100%| E|CS|TAMS 0x000000008ff00000, 0x000000008ff00000| Complete 

Card table byte_map: [0x0000020ff2fc0000,0x0000020ff33c0000] _byte_map_base: 0x0000020ff2bc0000

Marking Bits (Prev, Next): (CMBitMap*) 0x0000020fdf670208, (CMBitMap*) 0x0000020fdf670240
 Prev Bits: [0x0000020ff37c0000, 0x0000020ff57c0000)
 Next Bits: [0x0000020ff57c0000, 0x0000020ff77c0000)

Polling page: 0x0000020fdde50000

Metaspace:

Usage:
  Non-class:    114.45 MB capacity,   112.09 MB ( 98%) used,     1.92 MB (  2%) free+waste,   436.13 KB ( <1%) overhead. 
      Class:     17.33 MB capacity,    15.96 MB ( 92%) used,     1.18 MB (  7%) free+waste,   195.00 KB (  1%) overhead. 
       Both:    131.77 MB capacity,   128.05 MB ( 97%) used,     3.11 MB (  2%) free+waste,   631.13 KB ( <1%) overhead. 

Virtual space:
  Non-class space:      116.00 MB reserved,     114.65 MB ( 99%) committed 
      Class space:        1.00 GB reserved,      17.63 MB (  2%) committed 
             Both:        1.11 GB reserved,     132.27 MB ( 12%) committed 

Chunk freelists:
   Non-Class:  144.00 KB
       Class:  209.00 KB
        Both:  353.00 KB

MaxMetaspaceSize: 17179869184.00 GB
CompressedClassSpaceSize: 1.00 GB

CodeHeap 'non-profiled nmethods': size=120000Kb used=13882Kb max_used=13882Kb free=106117Kb
 bounds [0x0000020feac00000, 0x0000020feb990000, 0x0000020ff2130000]
CodeHeap 'profiled nmethods': size=120000Kb used=45791Kb max_used=45791Kb free=74208Kb
 bounds [0x0000020fe36d0000, 0x0000020fe63a0000, 0x0000020feac00000]
CodeHeap 'non-nmethods': size=5760Kb used=2362Kb max_used=2410Kb free=3397Kb
 bounds [0x0000020fe3130000, 0x0000020fe33a0000, 0x0000020fe36d0000]
 total_blobs=21194 nmethods=20211 adapters=893
 compilation: enabled
              stopped_count=0, restarted_count=0
 full_count=0

Compilation events (20 events):
Event: 946.349 Thread 0x0000020ffe29b000 nmethod 21461 0x0000020feb98e510 code [0x0000020feb98e6c0, 0x0000020feb98eb28]
Event: 946.354 Thread 0x0000020ffab8a800 21465       4       org.gradle.api.internal.artifacts.ivyservice.resolveengine.graph.builder.DependencyGraphBuilder$$Lambda$373/0x0000000100566440::isSatisfiedBy (8 bytes)
Event: 946.354 Thread 0x0000020ffe29b000 21466       4       com.esotericsoftware.kryo.io.Input::<init> (25 bytes)
Event: 946.355 Thread 0x0000020ffab8a800 nmethod 21465 0x0000020feb98ed10 code [0x0000020feb98eec0, 0x0000020feb98ef78]
Event: 946.359 Thread 0x0000020ffe29b000 nmethod 21466 0x0000020feb98f090 code [0x0000020feb98f240, 0x0000020feb98f598]
Event: 946.361 Thread 0x0000020ffab8a800 21467   !   4       org.gradle.cache.internal.DefaultCacheAccess::takeOwnership (50 bytes)
Event: 946.364 Thread 0x0000020ffe29b000 21468   !   4       org.gradle.cache.internal.DefaultCacheAccess::useCache (191 bytes)
Event: 946.392 Thread 0x0000020ffab91000 21473       3       org.gradle.internal.component.external.model.DefaultConfigurationMetadata::<init> (42 bytes)
Event: 946.392 Thread 0x0000020ffab91000 nmethod 21473 0x0000020fe6385c90 code [0x0000020fe6385e60, 0x0000020fe63860c8]
Event: 946.401 Thread 0x0000020ffab91000 21477       3       org.gradle.internal.component.external.model.AbstractLazyModuleComponentResolveMetadata::artifact (8 bytes)
Event: 946.402 Thread 0x0000020ffab91000 nmethod 21477 0x0000020fe6386190 code [0x0000020fe63863c0, 0x0000020fe6386be8]
Event: 946.402 Thread 0x0000020ffab91000 21478       3       org.gradle.internal.component.external.model.AbstractModuleComponentResolveMetadata::artifact (35 bytes)
Event: 946.403 Thread 0x0000020ffd63d000 21472       4       org.gradle.internal.component.external.model.AbstractLazyModuleComponentResolveMetadata::populateHierarchy (64 bytes)
Event: 946.403 Thread 0x0000020ffab91000 nmethod 21478 0x0000020fe6386f90 code [0x0000020fe63871e0, 0x0000020fe6387b48]
Event: 946.403 Thread 0x0000020ffab91000 21479       3       com.google.common.collect.SingletonImmutableSet::createAsList (8 bytes)
Event: 946.404 Thread 0x0000020ffab91000 nmethod 21479 0x0000020fe6387e90 code [0x0000020fe63880c0, 0x0000020fe63889a8]
Event: 946.404 Thread 0x0000020ffab91000 21480       3       java.security.AccessController::getContext (23 bytes)
Event: 946.407 Thread 0x0000020ffab91000 nmethod 21480 0x0000020fe6388c90 code [0x0000020fe6388e60, 0x0000020fe6389118]
Event: 946.407 Thread 0x0000020ffab91000 21481       3       java.security.AccessControlContext::optimize (318 bytes)
Event: 946.411 Thread 0x0000020ffab91000 nmethod 21481 0x0000020fe6389290 code [0x0000020fe6389600, 0x0000020fe638ab78]

GC Heap History (20 events):
Event: 395.108 GC heap before
{Heap before GC invocations=30 (full 0):
 garbage-first heap   total 262144K, used 218366K [0x0000000080000000, 0x0000000100000000)
  region size 1024K, 80 young (81920K), 2 survivors (2048K)
 Metaspace       used 125805K, capacity 129526K, committed 130584K, reserved 1163264K
  class space    used 15997K, capacity 17388K, committed 17792K, reserved 1048576K
}
Event: 395.111 GC heap after
{Heap after GC invocations=31 (full 0):
 garbage-first heap   total 262144K, used 140619K [0x0000000080000000, 0x0000000100000000)
  region size 1024K, 3 young (3072K), 3 survivors (3072K)
 Metaspace       used 125805K, capacity 129526K, committed 130584K, reserved 1163264K
  class space    used 15997K, capacity 17388K, committed 17792K, reserved 1048576K
}
Event: 447.623 GC heap before
{Heap before GC invocations=31 (full 0):
 garbage-first heap   total 262144K, used 158027K [0x0000000080000000, 0x0000000100000000)
  region size 1024K, 12 young (12288K), 3 survivors (3072K)
 Metaspace       used 125857K, capacity 129591K, committed 130584K, reserved 1163264K
  class space    used 15997K, capacity 17388K, committed 17792K, reserved 1048576K
}
Event: 447.631 GC heap after
{Heap after GC invocations=32 (full 0):
 garbage-first heap   total 262144K, used 130534K [0x0000000080000000, 0x0000000100000000)
  region size 1024K, 1 young (1024K), 1 survivors (1024K)
 Metaspace       used 125857K, capacity 129591K, committed 130584K, reserved 1163264K
  class space    used 15997K, capacity 17388K, committed 17792K, reserved 1048576K
}
Event: 892.927 GC heap before
{Heap before GC invocations=32 (full 0):
 garbage-first heap   total 262144K, used 174566K [0x0000000080000000, 0x0000000100000000)
  region size 1024K, 46 young (47104K), 1 survivors (1024K)
 Metaspace       used 126328K, capacity 130069K, committed 130840K, reserved 1163264K
  class space    used 16023K, capacity 17404K, committed 17792K, reserved 1048576K
}
Event: 892.947 GC heap after
{Heap after GC invocations=33 (full 0):
 garbage-first heap   total 262144K, used 134435K [0x0000000080000000, 0x0000000100000000)
  region size 1024K, 5 young (5120K), 5 survivors (5120K)
 Metaspace       used 126328K, capacity 130069K, committed 130840K, reserved 1163264K
  class space    used 16023K, capacity 17404K, committed 17792K, reserved 1048576K
}
Event: 894.039 GC heap before
{Heap before GC invocations=34 (full 0):
 garbage-first heap   total 262144K, used 231715K [0x0000000080000000, 0x0000000100000000)
  region size 1024K, 84 young (86016K), 5 survivors (5120K)
 Metaspace       used 127660K, capacity 131456K, committed 132248K, reserved 1163264K
  class space    used 16146K, capacity 17566K, committed 17920K, reserved 1048576K
}
Event: 894.047 GC heap after
{Heap after GC invocations=35 (full 0):
 garbage-first heap   total 262144K, used 136372K [0x0000000080000000, 0x0000000100000000)
  region size 1024K, 7 young (7168K), 7 survivors (7168K)
 Metaspace       used 127660K, capacity 131456K, committed 132248K, reserved 1163264K
  class space    used 16146K, capacity 17566K, committed 17920K, reserved 1048576K
}
Event: 894.103 GC heap before
{Heap before GC invocations=35 (full 0):
 garbage-first heap   total 262144K, used 141492K [0x0000000080000000, 0x0000000100000000)
  region size 1024K, 12 young (12288K), 7 survivors (7168K)
 Metaspace       used 127849K, capacity 131659K, committed 132504K, reserved 1163264K
  class space    used 16171K, capacity 17570K, committed 17920K, reserved 1048576K
}
Event: 894.110 GC heap after
{Heap after GC invocations=36 (full 0):
 garbage-first heap   total 262144K, used 136457K [0x0000000080000000, 0x0000000100000000)
  region size 1024K, 1 young (1024K), 1 survivors (1024K)
 Metaspace       used 127849K, capacity 131659K, committed 132504K, reserved 1163264K
  class space    used 16171K, capacity 17570K, committed 17920K, reserved 1048576K
}
Event: 896.499 GC heap before
{Heap before GC invocations=36 (full 0):
 garbage-first heap   total 262144K, used 217353K [0x0000000080000000, 0x0000000100000000)
  region size 1024K, 81 young (82944K), 1 survivors (1024K)
 Metaspace       used 129067K, capacity 132806K, committed 133528K, reserved 1165312K
  class space    used 16283K, capacity 17676K, committed 17920K, reserved 1048576K
}
Event: 896.509 GC heap after
{Heap after GC invocations=37 (full 0):
 garbage-first heap   total 262144K, used 139372K [0x0000000080000000, 0x0000000100000000)
  region size 1024K, 4 young (4096K), 4 survivors (4096K)
 Metaspace       used 129067K, capacity 132806K, committed 133528K, reserved 1165312K
  class space    used 16283K, capacity 17676K, committed 17920K, reserved 1048576K
}
Event: 898.137 GC heap before
{Heap before GC invocations=38 (full 0):
 garbage-first heap   total 262144K, used 225388K [0x0000000080000000, 0x0000000100000000)
  region size 1024K, 83 young (84992K), 4 survivors (4096K)
 Metaspace       used 129736K, capacity 133591K, committed 134424K, reserved 1165312K
  class space    used 16303K, capacity 17719K, committed 18048K, reserved 1048576K
}
Event: 898.144 GC heap after
{Heap after GC invocations=39 (full 0):
 garbage-first heap   total 262144K, used 143534K [0x0000000080000000, 0x0000000100000000)
  region size 1024K, 6 young (6144K), 6 survivors (6144K)
 Metaspace       used 129736K, capacity 133591K, committed 134424K, reserved 1165312K
  class space    used 16303K, capacity 17719K, committed 18048K, reserved 1048576K
}
Event: 898.156 GC heap before
{Heap before GC invocations=39 (full 0):
 garbage-first heap   total 262144K, used 148654K [0x0000000080000000, 0x0000000100000000)
  region size 1024K, 12 young (12288K), 6 survivors (6144K)
 Metaspace       used 129748K, capacity 133593K, committed 134424K, reserved 1165312K
  class space    used 16303K, capacity 17719K, committed 18048K, reserved 1048576K
}
Event: 898.167 GC heap after
{Heap after GC invocations=40 (full 0):
 garbage-first heap   total 262144K, used 135783K [0x0000000080000000, 0x0000000100000000)
  region size 1024K, 2 young (2048K), 2 survivors (2048K)
 Metaspace       used 129748K, capacity 133593K, committed 134424K, reserved 1165312K
  class space    used 16303K, capacity 17719K, committed 18048K, reserved 1048576K
}
Event: 898.698 GC heap before
{Heap before GC invocations=40 (full 0):
 garbage-first heap   total 262144K, used 208487K [0x0000000080000000, 0x0000000100000000)
  region size 1024K, 74 young (75776K), 2 survivors (2048K)
 Metaspace       used 130528K, capacity 134334K, committed 134936K, reserved 1167360K
  class space    used 16313K, capacity 17723K, committed 18048K, reserved 1048576K
}
Event: 898.719 GC heap after
{Heap after GC invocations=41 (full 0):
 garbage-first heap   total 262144K, used 143462K [0x0000000080000000, 0x0000000100000000)
  region size 1024K, 9 young (9216K), 9 survivors (9216K)
 Metaspace       used 130528K, capacity 134334K, committed 134936K, reserved 1167360K
  class space    used 16313K, capacity 17723K, committed 18048K, reserved 1048576K
}
Event: 899.295 GC heap before
{Heap before GC invocations=42 (full 0):
 garbage-first heap   total 262144K, used 183398K [0x0000000080000000, 0x0000000100000000)
  region size 1024K, 48 young (49152K), 9 survivors (9216K)
 Metaspace       used 130883K, capacity 134682K, committed 135192K, reserved 1167360K
  class space    used 16318K, capacity 17730K, committed 18048K, reserved 1048576K
}
Event: 899.304 GC heap after
{Heap after GC invocations=43 (full 0):
 garbage-first heap   total 262144K, used 143198K [0x0000000080000000, 0x0000000100000000)
  region size 1024K, 8 young (8192K), 8 survivors (8192K)
 Metaspace       used 130883K, capacity 134682K, committed 135192K, reserved 1167360K
  class space    used 16318K, capacity 17730K, committed 18048K, reserved 1048576K
}

Deoptimization events (20 events):
Event: 899.684 Thread 0x0000020f82935000 DEOPT PACKING pc=0x0000020fe582e1bf sp=0x0000008695afd160
Event: 899.684 Thread 0x0000020f82935000 DEOPT UNPACKING pc=0x0000020fe31576ce sp=0x0000008695afc5e0 mode 0
Event: 899.685 Thread 0x0000020f82935000 DEOPT PACKING pc=0x0000020fe582e1bf sp=0x0000008695afd160
Event: 899.685 Thread 0x0000020f82935000 DEOPT UNPACKING pc=0x0000020fe31576ce sp=0x0000008695afc5e0 mode 0
Event: 899.686 Thread 0x0000020f82935000 DEOPT PACKING pc=0x0000020fe582e1bf sp=0x0000008695afd160
Event: 899.686 Thread 0x0000020f82935000 DEOPT UNPACKING pc=0x0000020fe31576ce sp=0x0000008695afc5e0 mode 0
Event: 899.689 Thread 0x0000020f82935000 Uncommon trap: trap_request=0xffffffbe fr.pc=0x0000020feb7ab190 relative=0x0000000000000950
Event: 899.689 Thread 0x0000020f82935000 Uncommon trap: reason=profile_predicate action=maybe_recompile pc=0x0000020feb7ab190 method=java.math.BigInteger.montReduce([I[III)[I @ 9 c2
Event: 899.689 Thread 0x0000020f82935000 DEOPT PACKING pc=0x0000020feb7ab190 sp=0x0000008695afd060
Event: 899.689 Thread 0x0000020f82935000 DEOPT UNPACKING pc=0x0000020fe31578af sp=0x0000008695afd020 mode 2
Event: 899.689 Thread 0x0000020f82935000 Uncommon trap: trap_request=0xffffffbe fr.pc=0x0000020feb7ab190 relative=0x0000000000000950
Event: 899.689 Thread 0x0000020f82935000 Uncommon trap: reason=profile_predicate action=maybe_recompile pc=0x0000020feb7ab190 method=java.math.BigInteger.montReduce([I[III)[I @ 9 c2
Event: 899.689 Thread 0x0000020f82935000 DEOPT PACKING pc=0x0000020feb7ab190 sp=0x0000008695afd1b0
Event: 899.689 Thread 0x0000020f82935000 DEOPT UNPACKING pc=0x0000020fe31578af sp=0x0000008695afd170 mode 2
Event: 899.762 Thread 0x0000020ffe975000 Uncommon trap: trap_request=0xffffff4d fr.pc=0x0000020feac7cdf0 relative=0x0000000000000dd0
Event: 899.762 Thread 0x0000020ffe975000 Uncommon trap: reason=unstable_if action=reinterpret pc=0x0000020feac7cdf0 method=java.io.BufferedReader.readLine(Z)Ljava/lang/String; @ 192 c2
Event: 899.762 Thread 0x0000020ffe975000 DEOPT PACKING pc=0x0000020feac7cdf0 sp=0x00000086951ff2f0
Event: 899.762 Thread 0x0000020ffe975000 DEOPT UNPACKING pc=0x0000020fe31578af sp=0x00000086951ff2a8 mode 2
Event: 946.270 Thread 0x0000020f83f72000 DEOPT PACKING pc=0x0000020fe41ae0f1 sp=0x00000086916fb710
Event: 946.270 Thread 0x0000020f83f72000 DEOPT UNPACKING pc=0x0000020fe31576ce sp=0x00000086916fac08 mode 0

Classes redefined (0 events):
No events

Internal exceptions (20 events):
Event: 897.905 Thread 0x0000020f81aff000 Exception <a 'sun/nio/fs/WindowsException'{0x000000008c215bf0}> (0x000000008c215bf0) thrown at [./src/hotspot/share/prims/jni.cpp, line 615]
Event: 897.907 Thread 0x0000020f81aff000 Exception <a 'sun/nio/fs/WindowsException'{0x000000008c21d3b0}> (0x000000008c21d3b0) thrown at [./src/hotspot/share/prims/jni.cpp, line 615]
Event: 897.909 Thread 0x0000020f81aff000 Exception <a 'sun/nio/fs/WindowsException'{0x000000008c2239c8}> (0x000000008c2239c8) thrown at [./src/hotspot/share/prims/jni.cpp, line 615]
Event: 897.912 Thread 0x0000020f81aff000 Exception <a 'sun/nio/fs/WindowsException'{0x000000008c229c98}> (0x000000008c229c98) thrown at [./src/hotspot/share/prims/jni.cpp, line 615]
Event: 897.914 Thread 0x0000020f81aff000 Exception <a 'sun/nio/fs/WindowsException'{0x000000008c238a68}> (0x000000008c238a68) thrown at [./src/hotspot/share/prims/jni.cpp, line 615]
Event: 897.927 Thread 0x0000020f81aff000 Exception <a 'sun/nio/fs/WindowsException'{0x000000008c1f47e0}> (0x000000008c1f47e0) thrown at [./src/hotspot/share/prims/jni.cpp, line 615]
Event: 897.948 Thread 0x0000020f81aff000 Exception <a 'sun/nio/fs/WindowsException'{0x000000008be3cc38}> (0x000000008be3cc38) thrown at [./src/hotspot/share/prims/jni.cpp, line 615]
Event: 897.950 Thread 0x0000020f81aff000 Exception <a 'sun/nio/fs/WindowsException'{0x000000008be44348}> (0x000000008be44348) thrown at [./src/hotspot/share/prims/jni.cpp, line 615]
Event: 897.953 Thread 0x0000020f81aff000 Exception <a 'sun/nio/fs/WindowsException'{0x000000008be4d7c8}> (0x000000008be4d7c8) thrown at [./src/hotspot/share/prims/jni.cpp, line 615]
Event: 897.972 Thread 0x0000020f81aff000 Exception <a 'sun/nio/fs/WindowsException'{0x000000008bc72fa8}> (0x000000008bc72fa8) thrown at [./src/hotspot/share/prims/jni.cpp, line 615]
Event: 897.974 Thread 0x0000020f81aff000 Exception <a 'sun/nio/fs/WindowsException'{0x000000008bc7b938}> (0x000000008bc7b938) thrown at [./src/hotspot/share/prims/jni.cpp, line 615]
Event: 897.977 Thread 0x0000020f81aff000 Exception <a 'sun/nio/fs/WindowsException'{0x000000008bc86c20}> (0x000000008bc86c20) thrown at [./src/hotspot/share/prims/jni.cpp, line 615]
Event: 898.107 Thread 0x0000020f81aff000 Exception <a 'sun/nio/fs/WindowsException'{0x000000008b5411e8}> (0x000000008b5411e8) thrown at [./src/hotspot/share/prims/jni.cpp, line 615]
Event: 899.016 Thread 0x0000020ffe96f800 Exception <a 'sun/nio/fs/WindowsException'{0x000000008f5ea368}> (0x000000008f5ea368) thrown at [./src/hotspot/share/prims/jni.cpp, line 615]
Event: 899.018 Thread 0x0000020ffe972000 Exception <a 'sun/nio/fs/WindowsException'{0x000000008f3ffa10}> (0x000000008f3ffa10) thrown at [./src/hotspot/share/prims/jni.cpp, line 615]
Event: 899.030 Thread 0x0000020ffe972000 Exception <a 'sun/nio/fs/WindowsException'{0x000000008ef04850}> (0x000000008ef04850) thrown at [./src/hotspot/share/prims/jni.cpp, line 615]
Event: 899.035 Thread 0x0000020ffd53f800 Exception <a 'sun/nio/fs/WindowsException'{0x000000008ef525c8}> (0x000000008ef525c8) thrown at [./src/hotspot/share/prims/jni.cpp, line 615]
Event: 899.071 Thread 0x0000020ffd53f800 Exception <a 'sun/nio/fs/WindowsException'{0x000000008e791180}> (0x000000008e791180) thrown at [./src/hotspot/share/prims/jni.cpp, line 615]
Event: 899.351 Thread 0x0000020ffe96f800 Exception <a 'sun/nio/fs/WindowsException'{0x000000008fe1a850}> (0x000000008fe1a850) thrown at [./src/hotspot/share/prims/jni.cpp, line 615]
Event: 899.757 Thread 0x0000020f8441d000 Exception <a 'sun/nio/fs/WindowsException'{0x000000008ecfdf08}> (0x000000008ecfdf08) thrown at [./src/hotspot/share/prims/jni.cpp, line 615]

Events (20 events):
Event: 946.236 Executing VM operation: RevokeBias done
Event: 946.250 Thread 0x0000020f84428000 Thread added: 0x0000020f84428000
Event: 946.253 Thread 0x0000020f84424800 Thread added: 0x0000020f84424800
Event: 946.257 Thread 0x0000020f84427000 Thread added: 0x0000020f84427000
Event: 946.268 Thread 0x0000020f84429800 Thread added: 0x0000020f84429800
Event: 946.271 Thread 0x0000020ffe29b000 Thread added: 0x0000020ffe29b000
Event: 946.295 Thread 0x0000020f84428800 Thread added: 0x0000020f84428800
Event: 946.402 Thread 0x0000020ffd63d000 Thread added: 0x0000020ffd63d000
Event: 946.403 Thread 0x0000020f84425800 Thread added: 0x0000020f84425800
Event: 946.403 Thread 0x0000020f8442c000 Thread added: 0x0000020f8442c000
Event: 946.403 Thread 0x0000020f84426000 Thread added: 0x0000020f84426000
Event: 946.403 Thread 0x0000020f8442a800 Thread added: 0x0000020f8442a800
Event: 946.404 Thread 0x0000020f8442b000 Thread added: 0x0000020f8442b000
Event: 946.404 Thread 0x0000020f83f77800 Thread added: 0x0000020f83f77800
Event: 946.404 Thread 0x0000020f83f73800 Thread added: 0x0000020f83f73800
Event: 946.404 Thread 0x0000020f83f76000 Thread added: 0x0000020f83f76000
Event: 946.404 Executing VM operation: RevokeBias
Event: 946.405 Executing coalesced safepoint VM operation: RevokeBias
Event: 946.405 Executing coalesced safepoint VM operation: RevokeBias done
Event: 946.405 Executing VM operation: RevokeBias done


Dynamic libraries:
0x00007ff6df780000 - 0x00007ff6df78a000 	C:\Program Files\Android\Android Studio\jre\bin\java.exe
0x00007ffbe2230000 - 0x00007ffbe2425000 	C:\Windows\SYSTEM32\ntdll.dll
0x00007ffbe18a0000 - 0x00007ffbe195e000 	C:\Windows\System32\KERNEL32.DLL
0x00007ffbdfbe0000 - 0x00007ffbdfea8000 	C:\Windows\System32\KERNELBASE.dll
0x00007ffbdf950000 - 0x00007ffbdfa50000 	C:\Windows\System32\ucrtbase.dll
0x00007ffb9f660000 - 0x00007ffb9f679000 	C:\Program Files\Android\Android Studio\jre\bin\jli.dll
0x00007ffb8ef50000 - 0x00007ffb8ef67000 	C:\Program Files\Android\Android Studio\jre\bin\VCRUNTIME140.dll
0x00007ffbe19d0000 - 0x00007ffbe1b71000 	C:\Windows\System32\USER32.dll
0x00007ffbdfeb0000 - 0x00007ffbdfed2000 	C:\Windows\System32\win32u.dll
0x00007ffbcdc20000 - 0x00007ffbcdeba000 	C:\Windows\WinSxS\amd64_microsoft.windows.common-controls_6595b64144ccf1df_6.0.19041.1110_none_60b5254171f9507e\COMCTL32.dll
0x00007ffbe21c0000 - 0x00007ffbe21eb000 	C:\Windows\System32\GDI32.dll
0x00007ffbe1650000 - 0x00007ffbe16ee000 	C:\Windows\System32\msvcrt.dll
0x00007ffbe0140000 - 0x00007ffbe024b000 	C:\Windows\System32\gdi32full.dll
0x00007ffbe00a0000 - 0x00007ffbe013d000 	C:\Windows\System32\msvcp_win.dll
0x00007ffbe17d0000 - 0x00007ffbe1800000 	C:\Windows\System32\IMM32.DLL
0x00007ffb8ecf0000 - 0x00007ffb8ed8d000 	C:\Program Files\Android\Android Studio\jre\bin\msvcp140.dll
0x00007ffb4d760000 - 0x00007ffb4e22f000 	C:\Program Files\Android\Android Studio\jre\bin\server\jvm.dll
0x00007ffbe1fe0000 - 0x00007ffbe208c000 	C:\Windows\System32\ADVAPI32.dll
0x00007ffbe0960000 - 0x00007ffbe09fb000 	C:\Windows\System32\sechost.dll
0x00007ffbe0280000 - 0x00007ffbe03aa000 	C:\Windows\System32\RPCRT4.dll
0x00007ffbe1b80000 - 0x00007ffbe1b88000 	C:\Windows\System32\PSAPI.DLL
0x00007ffbccc80000 - 0x00007ffbccca7000 	C:\Windows\SYSTEM32\WINMM.dll
0x00007ffbd9ea0000 - 0x00007ffbd9ea9000 	C:\Windows\SYSTEM32\WSOCK32.dll
0x00007ffbe1960000 - 0x00007ffbe19cb000 	C:\Windows\System32\WS2_32.dll
0x00007ffbd8770000 - 0x00007ffbd877a000 	C:\Windows\SYSTEM32\VERSION.dll
0x00007ffbdd850000 - 0x00007ffbdd862000 	C:\Windows\SYSTEM32\kernel.appcore.dll
0x00007ffbcdb40000 - 0x00007ffbcdb51000 	C:\Program Files\Android\Android Studio\jre\bin\verify.dll
0x00007ffbcbce0000 - 0x00007ffbcbec4000 	C:\Windows\SYSTEM32\DBGHELP.DLL
0x00007ffbcc380000 - 0x00007ffbcc3ac000 	C:\Windows\SYSTEM32\dbgcore.DLL
0x00007ffbdfa50000 - 0x00007ffbdfad3000 	C:\Windows\System32\bcryptPrimitives.dll
0x00007ffbb6090000 - 0x00007ffbb60b9000 	C:\Program Files\Android\Android Studio\jre\bin\java.dll
0x00007ffbd6d80000 - 0x00007ffbd6d8b000 	C:\Program Files\Android\Android Studio\jre\bin\jimage.dll
0x00007ffbccd50000 - 0x00007ffbccd68000 	C:\Program Files\Android\Android Studio\jre\bin\zip.dll
0x00007ffbe0d60000 - 0x00007ffbe149f000 	C:\Windows\System32\SHELL32.dll
0x00007ffbdda50000 - 0x00007ffbde1e0000 	C:\Windows\SYSTEM32\windows.storage.dll
0x00007ffbe1bf0000 - 0x00007ffbe1f45000 	C:\Windows\System32\combase.dll
0x00007ffbdf3a0000 - 0x00007ffbdf3ce000 	C:\Windows\SYSTEM32\Wldp.dll
0x00007ffbe0a00000 - 0x00007ffbe0aad000 	C:\Windows\System32\SHCORE.dll
0x00007ffbe1b90000 - 0x00007ffbe1be5000 	C:\Windows\System32\shlwapi.dll
0x00007ffbdf890000 - 0x00007ffbdf8af000 	C:\Windows\SYSTEM32\profapi.dll
0x00007ffbb95a0000 - 0x00007ffbb95ba000 	C:\Program Files\Android\Android Studio\jre\bin\net.dll
0x00007ffbd7170000 - 0x00007ffbd727c000 	C:\Windows\SYSTEM32\WINHTTP.dll
0x00007ffbdf100000 - 0x00007ffbdf16a000 	C:\Windows\system32\mswsock.dll
0x00007ffbb8330000 - 0x00007ffbb8344000 	C:\Program Files\Android\Android Studio\jre\bin\nio.dll
0x00007ffb8e450000 - 0x00007ffb8e477000 	C:\Users\82109\.gradle\native\8bec1ad78214c89d9ad589b4d07fe93259594b29d510b10fafb7a158f7737e5d\windows-amd64\native-platform.dll
0x00007ffb858c0000 - 0x00007ffb859fd000 	C:\Users\82109\.gradle\native\53dbd7edfb1c66fb8903c78663c9afc45aea4f116125fa6feffd364cf09443e8\windows-amd64\native-platform-file-events.dll
0x00007ffbcd620000 - 0x00007ffbcd62a000 	C:\Program Files\Android\Android Studio\jre\bin\management.dll
0x00007ffbcd200000 - 0x00007ffbcd20c000 	C:\Program Files\Android\Android Studio\jre\bin\management_ext.dll
0x00007ffbdf2f0000 - 0x00007ffbdf308000 	C:\Windows\SYSTEM32\CRYPTSP.dll
0x00007ffbdea10000 - 0x00007ffbdea44000 	C:\Windows\system32\rsaenh.dll
0x00007ffbe0250000 - 0x00007ffbe0277000 	C:\Windows\System32\bcrypt.dll
0x00007ffbdf850000 - 0x00007ffbdf87e000 	C:\Windows\SYSTEM32\USERENV.dll
0x00007ffbdf310000 - 0x00007ffbdf31c000 	C:\Windows\SYSTEM32\CRYPTBASE.dll
0x00007ffbdeda0000 - 0x00007ffbdeddb000 	C:\Windows\SYSTEM32\IPHLPAPI.DLL
0x00007ffbe1880000 - 0x00007ffbe1888000 	C:\Windows\System32\NSI.dll
0x00007ffbd87a0000 - 0x00007ffbd87b7000 	C:\Windows\SYSTEM32\dhcpcsvc6.DLL
0x00007ffbd8780000 - 0x00007ffbd879d000 	C:\Windows\SYSTEM32\dhcpcsvc.DLL
0x00007ffbdedf0000 - 0x00007ffbdeebb000 	C:\Windows\SYSTEM32\DNSAPI.dll
0x00007ffbb6060000 - 0x00007ffbb6087000 	C:\Program Files\Android\Android Studio\jre\bin\sunec.dll

dbghelp: loaded successfully - version: 4.0.5 - missing functions: none
symbol engine: initialized successfully - sym options: 0x614 - pdb path: .;C:\Program Files\Android\Android Studio\jre\bin;C:\Windows\SYSTEM32;C:\Windows\WinSxS\amd64_microsoft.windows.common-controls_6595b64144ccf1df_6.0.19041.1110_none_60b5254171f9507e;C:\Program Files\Android\Android Studio\jre\bin\server;C:\Users\82109\.gradle\native\8bec1ad78214c89d9ad589b4d07fe93259594b29d510b10fafb7a158f7737e5d\windows-amd64;C:\Users\82109\.gradle\native\53dbd7edfb1c66fb8903c78663c9afc45aea4f116125fa6feffd364cf09443e8\windows-amd64

VM Arguments:
jvm_args: --add-opens=java.base/java.util=ALL-UNNAMED --add-opens=java.base/java.lang=ALL-UNNAMED --add-opens=java.base/java.lang.invoke=ALL-UNNAMED --add-opens=java.base/java.util=ALL-UNNAMED --add-opens=java.prefs/java.util.prefs=ALL-UNNAMED --add-opens=java.prefs/java.util.prefs=ALL-UNNAMED --add-opens=java.base/java.nio.charset=ALL-UNNAMED --add-opens=java.base/java.net=ALL-UNNAMED --add-opens=java.base/java.util.concurrent.atomic=ALL-UNNAMED -Xmx2048m -Dfile.encoding=UTF-8 -Duser.country=KR -Duser.language=ko -Duser.variant 
java_command: org.gradle.launcher.daemon.bootstrap.GradleDaemon 7.0.2
java_class_path (initial): C:\Users\82109\.gradle\wrapper\dists\gradle-7.0.2-bin\857tjihv64xamwrf0h14cai3r\gradle-7.0.2\lib\gradle-launcher-7.0.2.jar
Launcher Type: SUN_STANDARD

[Global flags]
     intx CICompilerCount                          = 4                                         {product} {ergonomic}
     uint ConcGCThreads                            = 2                                         {product} {ergonomic}
     uint G1ConcRefinementThreads                  = 8                                         {product} {ergonomic}
   size_t G1HeapRegionSize                         = 1048576                                   {product} {ergonomic}
    uintx GCDrainStackTargetSize                   = 64                                        {product} {ergonomic}
   size_t InitialHeapSize                          = 268435456                                 {product} {ergonomic}
   size_t MarkStackSize                            = 4194304                                   {product} {ergonomic}
   size_t MaxHeapSize                              = 2147483648                                {product} {command line}
   size_t MaxNewSize                               = 1287651328                                {product} {ergonomic}
   size_t MinHeapDeltaBytes                        = 1048576                                   {product} {ergonomic}
    uintx NonNMethodCodeHeapSize                   = 5836300                                {pd product} {ergonomic}
    uintx NonProfiledCodeHeapSize                  = 122910970                              {pd product} {ergonomic}
    uintx ProfiledCodeHeapSize                     = 122910970                              {pd product} {ergonomic}
    uintx ReservedCodeCacheSize                    = 251658240                              {pd product} {ergonomic}
     bool SegmentedCodeCache                       = true                                      {product} {ergonomic}
     bool UseCompressedClassPointers               = true                                 {lp64_product} {ergonomic}
     bool UseCompressedOops                        = true                                 {lp64_product} {ergonomic}
     bool UseG1GC                                  = true                                      {product} {ergonomic}
     bool UseLargePagesIndividualAllocation        = false                                  {pd product} {ergonomic}

Logging:
Log output configuration:
 #0: stdout all=warning uptime,level,tags
 #1: stderr all=off uptime,level,tags

Environment Variables:
PATH=C:\Program Files\NVIDIA GPU Computing Toolkit\CUDA\v8.0\bin;C:\Program Files\NVIDIA GPU Computing Toolkit\CUDA\v8.0\libnvvp;C:\ProgramData\Anaconda3;C:\ProgramData\Anaconda3\Library\mingw-w64\bin;C:\ProgramData\Anaconda3\Library\usr\bin;C:\ProgramData\Anaconda3\Library\bin;C:\ProgramData\Anaconda3\Scripts;C:\Program Files (x86)\Common Files\Oracle\Java\javapath;C:\Windows\system32;C:\Windows;C:\Windows\System32\Wbem;C:\Windows\System32\WindowsPowerShell\v1.0\;C:\Windows\System32\OpenSSH\;C:\Program Files (x86)\NVIDIA Corporation\PhysX\Common;C:\Program Files\MATLAB\R2021a\bin;C:\Program Files (x86)\Microsoft SQL Server\150\DTS\Binn\;C:\Program Files\Azure Data Studio\bin;C:\Program Files\Microsoft SQL Server\Client SDK\ODBC\170\Tools\Binn\;C:\Program Files (x86)\Microsoft SQL Server\150\Tools\Binn\;C:\Program Files\Microsoft SQL Server\150\Tools\Binn\;C:\Program Files\Microsoft SQL Server\150\DTS\Binn\;C:\Program Files\Git\cmd;C:\Users\82109\AppData\Local\Programs\Python\Python38\Scripts\;C:\Users\82109\AppData\Local\Programs\Python\Python38\;C:\Users\82109\AppData\Local\Microsoft\WindowsApps;C:\Program Files\Azure Data Studio\bin
USERNAME=82109
OS=Windows_NT
PROCESSOR_IDENTIFIER=Intel64 Family 6 Model 94 Stepping 3, GenuineIntel



---------------  S Y S T E M  ---------------

OS: Windows 10 , 64 bit Build 19041 (10.0.19041.1348)
OS uptime: 0 days 6:59 hours

CPU:total 8 (initial active 8) (4 cores per cpu, 2 threads per core) family 6 model 94 stepping 3 microcode 0xcc, cmov, cx8, fxsr, mmx, sse, sse2, sse3, ssse3, sse4.1, sse4.2, popcnt, avx, avx2, aes, clmul, erms, rtm, 3dnowpref, lzcnt, ht, tsc, tscinvbit, bmi1, bmi2, adx, fma

Memory: 4k page, system-wide physical 16269M (1301M free)
TotalPageFile size 16269M (AvailPageFile size 4M)
current process WorkingSet (physical memory assigned to process): 593M, peak: 639M
current process commit charge ("private bytes"): 633M, peak: 676M

vm_info: OpenJDK 64-Bit Server VM (11.0.10+0-b96-7249189) for windows-amd64 JRE (11.0.10+0-b96-7249189), built on Mar 31 2021 21:44:00 by "builder" with MS VC++ 14.0 (VS2015)

END.
